                      :-) GROMACS - gmx mdrun, 2023.2 (-:

Copyright 1991-2023 The GROMACS Authors.
GROMACS is free software; you can redistribute it and/or modify it
under the terms of the GNU Lesser General Public License
as published by the Free Software Foundation; either version 2.1
of the License, or (at your option) any later version.

                         Current GROMACS contributors:
       Mark Abraham           Andrey Alekseenko           Cathrine Bergh      
      Christian Blau            Eliane Briand             Mahesh Doijade      
    Stefan Fleischmann           Vytas Gapsys              Gaurav Garg        
      Sergey Gorelov         Gilles Gouaillardet            Alan Gray         
     M. Eric Irrgang         Farzaneh Jalalypour            Joe Jordan        
    Christoph Junghans        Prashanth Kanduri          Sebastian Keller     
     Carsten Kutzner           Justin A. Lemkul          Magnus Lundborg      
       Pascal Merz              Vedran Miletic            Dmitry Morozov      
       Szilard Pall             Roland Schulz             Michael Shirts      
     Alexey Shvetsov            Balint Soproni         David van der Spoel    
      Philip Turner             Carsten Uphoff           Alessandra Villa     
 Sebastian Wingbermuehle        Artem Zhmurov       

                         Previous GROMACS contributors:
        Emile Apol             Rossen Apostolov           James Barnett       
  Herman J.C. Berendsen          Par Bjelkmar           Viacheslav Bolnykh    
        Kevin Boyd            Aldert van Buuren          Carlo Camilloni      
     Rudi van Drunen            Anton Feenstra           Oliver Fleetwood     
     Gerrit Groenhof            Bert de Groot             Anca Hamuraru       
    Vincent Hindriksen          Victor Holanda           Aleksei Iupinov      
   Dimitrios Karkoulis           Peter Kasson             Sebastian Kehl      
        Jiri Kraus               Per Larsson              Viveca Lindahl      
      Erik Marklund           Pieter Meulenhoff           Teemu Murtola       
       Sander Pronk             Alfons Sijbers            Peter Tieleman      
       Jon Vincent             Teemu Virolainen         Christian Wennberg    
       Maarten Wolf       

                  Coordinated by the GROMACS project leaders:
                    Paul Bauer, Berk Hess, and Erik Lindahl

GROMACS:      gmx mdrun, version 2023.2
Executable:   /usr/local/gromacs/bin/gmx
Data prefix:  /usr/local/gromacs
Working dir:  /Users/samhoover/molecular-dynamics/proteins/tutorials/solvation/Lambda_6/NPT
Process ID:   50330
Command line:
  gmx mdrun -deffnm npt6

GROMACS version:    2023.2
Precision:          mixed
Memory model:       64 bit
MPI library:        thread_mpi
OpenMP support:     enabled (GMX_OPENMP_MAX_THREADS = 128)
GPU support:        disabled
SIMD instructions:  ARM_NEON_ASIMD
CPU FFT library:    fftw-3.3.8
GPU FFT library:    none
Multi-GPU FFT:      none
TNG support:        enabled
Hwloc support:      disabled
Tracing support:    disabled
C compiler:         /Library/Developer/CommandLineTools/usr/bin/cc AppleClang 15.0.0.15000040
C compiler flags:   -Wno-missing-field-initializers -fno-stack-check -fno-stack-check -O3 -DNDEBUG
C++ compiler:       /Library/Developer/CommandLineTools/usr/bin/c++ AppleClang 15.0.0.15000040
C++ compiler flags: -Wno-reserved-identifier -Wno-missing-field-initializers -fno-stack-check -fno-stack-check -Weverything -Wno-c++98-compat -Wno-c++98-compat-pedantic -Wno-source-uses-openmp -Wno-c++17-extensions -Wno-documentation-unknown-command -Wno-covered-switch-default -Wno-switch-enum -Wno-extra-semi-stmt -Wno-weak-vtables -Wno-shadow -Wno-padded -Wno-reserved-id-macro -Wno-double-promotion -Wno-exit-time-destructors -Wno-global-constructors -Wno-documentation -Wno-format-nonliteral -Wno-used-but-marked-unused -Wno-float-equal -Wno-conditional-uninitialized -Wno-conversion -Wno-disabled-macro-expansion -Wno-unused-macros -Wno-unsafe-buffer-usage -Xclang -fopenmp -O3 -DNDEBUG
BLAS library:       External - detected on the system
LAPACK library:     External - detected on the system


Running on 1 node with total 0 processing units
Hardware detected on host sh-mbp.lan:
  CPU info:
    Vendor: ARM
    Brand:  Unknown CPU brand
    Family: 0   Model: 0   Stepping: 0
    Features: neon neon_asimd
  Hardware topology: Only logical processor count
    CPU limit set by OS: -1   Recommended max number of threads: 8


++++ PLEASE READ AND CITE THE FOLLOWING REFERENCE ++++
M. J. Abraham, T. Murtola, R. Schulz, S. Páll, J. C. Smith, B. Hess, E.
Lindahl
GROMACS: High performance molecular simulations through multi-level
parallelism from laptops to supercomputers
SoftwareX 1 (2015) pp. 19-25
-------- -------- --- Thank You --- -------- --------


++++ PLEASE READ AND CITE THE FOLLOWING REFERENCE ++++
S. Páll, M. J. Abraham, C. Kutzner, B. Hess, E. Lindahl
Tackling Exascale Software Challenges in Molecular Dynamics Simulations with
GROMACS
In S. Markidis & E. Laure (Eds.), Solving Software Challenges for Exascale 8759 (2015) pp. 3-27
-------- -------- --- Thank You --- -------- --------


++++ PLEASE READ AND CITE THE FOLLOWING REFERENCE ++++
S. Pronk, S. Páll, R. Schulz, P. Larsson, P. Bjelkmar, R. Apostolov, M. R.
Shirts, J. C. Smith, P. M. Kasson, D. van der Spoel, B. Hess, and E. Lindahl
GROMACS 4.5: a high-throughput and highly parallel open source molecular
simulation toolkit
Bioinformatics 29 (2013) pp. 845-54
-------- -------- --- Thank You --- -------- --------


++++ PLEASE READ AND CITE THE FOLLOWING REFERENCE ++++
B. Hess and C. Kutzner and D. van der Spoel and E. Lindahl
GROMACS 4: Algorithms for highly efficient, load-balanced, and scalable
molecular simulation
J. Chem. Theory Comput. 4 (2008) pp. 435-447
-------- -------- --- Thank You --- -------- --------


++++ PLEASE READ AND CITE THE FOLLOWING REFERENCE ++++
D. van der Spoel, E. Lindahl, B. Hess, G. Groenhof, A. E. Mark and H. J. C.
Berendsen
GROMACS: Fast, Flexible and Free
J. Comp. Chem. 26 (2005) pp. 1701-1719
-------- -------- --- Thank You --- -------- --------


++++ PLEASE READ AND CITE THE FOLLOWING REFERENCE ++++
E. Lindahl and B. Hess and D. van der Spoel
GROMACS 3.0: A package for molecular simulation and trajectory analysis
J. Mol. Mod. 7 (2001) pp. 306-317
-------- -------- --- Thank You --- -------- --------


++++ PLEASE READ AND CITE THE FOLLOWING REFERENCE ++++
H. J. C. Berendsen, D. van der Spoel and R. van Drunen
GROMACS: A message-passing parallel molecular dynamics implementation
Comp. Phys. Comm. 91 (1995) pp. 43-56
-------- -------- --- Thank You --- -------- --------


++++ PLEASE CITE THE DOI FOR THIS VERSION OF GROMACS ++++
https://doi.org/10.5281/zenodo.8134397
-------- -------- --- Thank You --- -------- --------

Input Parameters:
   integrator                     = sd
   tinit                          = 0
   dt                             = 0.002
   nsteps                         = 50000
   init-step                      = 0
   simulation-part                = 1
   mts                            = false
   comm-mode                      = Linear
   nstcomm                        = 100
   bd-fric                        = 0
   ld-seed                        = -1077978151
   emtol                          = 10
   emstep                         = 0.01
   niter                          = 20
   fcstep                         = 0
   nstcgsteep                     = 1000
   nbfgscorr                      = 10
   rtpi                           = 0.05
   nstxout                        = 500
   nstvout                        = 500
   nstfout                        = 0
   nstlog                         = 500
   nstcalcenergy                  = 10
   nstenergy                      = 500
   nstxout-compressed             = 0
   compressed-x-precision         = 1000
   cutoff-scheme                  = Verlet
   nstlist                        = 20
   pbc                            = xyz
   periodic-molecules             = false
   verlet-buffer-tolerance        = 0.005
   rlist                          = 1.2
   coulombtype                    = PME
   coulomb-modifier               = Potential-shift
   rcoulomb-switch                = 0
   rcoulomb                       = 1.2
   epsilon-r                      = 1
   epsilon-rf                     = inf
   vdw-type                       = Cut-off
   vdw-modifier                   = Potential-switch
   rvdw-switch                    = 1
   rvdw                           = 1.2
   DispCorr                       = EnerPres
   table-extension                = 1
   fourierspacing                 = 0.12
   fourier-nx                     = 25
   fourier-ny                     = 25
   fourier-nz                     = 25
   pme-order                      = 6
   ewald-rtol                     = 1e-06
   ewald-rtol-lj                  = 0.001
   lj-pme-comb-rule               = Geometric
   ewald-geometry                 = 3d
   epsilon-surface                = 0
   ensemble-temperature-setting   = constant
   ensemble-temperature           = 298
   tcoupl                         = No
   nsttcouple                     = -1
   nh-chain-length                = 0
   print-nose-hoover-chain-variables = false
   pcoupl                         = Parrinello-Rahman
   pcoupltype                     = Isotropic
   nstpcouple                     = 25
   tau-p                          = 1
   compressibility (3x3):
      compressibility[    0]={ 4.50000e-05,  0.00000e+00,  0.00000e+00}
      compressibility[    1]={ 0.00000e+00,  4.50000e-05,  0.00000e+00}
      compressibility[    2]={ 0.00000e+00,  0.00000e+00,  4.50000e-05}
   ref-p (3x3):
      ref-p[    0]={ 1.00000e+00,  0.00000e+00,  0.00000e+00}
      ref-p[    1]={ 0.00000e+00,  1.00000e+00,  0.00000e+00}
      ref-p[    2]={ 0.00000e+00,  0.00000e+00,  1.00000e+00}
   refcoord-scaling               = No
   posres-com (3):
      posres-com[0]= 0.00000e+00
      posres-com[1]= 0.00000e+00
      posres-com[2]= 0.00000e+00
   posres-comB (3):
      posres-comB[0]= 0.00000e+00
      posres-comB[1]= 0.00000e+00
      posres-comB[2]= 0.00000e+00
   QMMM                           = false
qm-opts:
   ngQM                           = 0
   constraint-algorithm           = Lincs
   continuation                   = true
   Shake-SOR                      = false
   shake-tol                      = 0.0001
   lincs-order                    = 12
   lincs-iter                     = 1
   lincs-warnangle                = 30
   nwall                          = 0
   wall-type                      = 9-3
   wall-r-linpot                  = -1
   wall-atomtype[0]               = -1
   wall-atomtype[1]               = -1
   wall-density[0]                = 0
   wall-density[1]                = 0
   wall-ewald-zfac                = 3
   pull                           = false
   awh                            = false
   rotation                       = false
   interactiveMD                  = false
   disre                          = No
   disre-weighting                = Conservative
   disre-mixed                    = false
   dr-fc                          = 1000
   dr-tau                         = 0
   nstdisreout                    = 100
   orire-fc                       = 0
   orire-tau                      = 0
   nstorireout                    = 100
   free-energy                    = yes
   init-lambda                    = -1
   init-lambda-state              = 6
   delta-lambda                   = 0
   nstdhdl                        = 10
   n-lambdas                      = 21
   separate-dvdl:
       fep-lambdas =   FALSE
      mass-lambdas =   TRUE
      coul-lambdas =   TRUE
       vdw-lambdas =   TRUE
    bonded-lambdas =   TRUE
 restraint-lambdas =   TRUE
temperature-lambdas =   FALSE
all-lambdas:
       fep-lambdas =            0           0           0           0           0           0           0           0           0           0           0           0           0           0           0           0           0           0           0           0           0
      mass-lambdas =            0           0           0           0           0           0           0           0           0           0           0           0           0           0           0           0           0           0           0           0           0
      coul-lambdas =            0           0           0           0           0           0           0           0           0           0           0           0           0           0           0           0           0           0           0           0           0
       vdw-lambdas =            0        0.05         0.1        0.15         0.2        0.25         0.3        0.35         0.4        0.45         0.5        0.55         0.6        0.65         0.7        0.75         0.8        0.85         0.9        0.95           1
    bonded-lambdas =            0           0           0           0           0           0           0           0           0           0           0           0           0           0           0           0           0           0           0           0           0
 restraint-lambdas =            0           0           0           0           0           0           0           0           0           0           0           0           0           0           0           0           0           0           0           0           0
temperature-lambdas =            0           0           0           0           0           0           0           0           0           0           0           0           0           0           0           0           0           0           0           0           0
   calc-lambda-neighbors          = 1
   dhdl-print-energy              = no
   sc-alpha                       = 0.5
   sc-power                       = 1
   sc-r-power                     = 6
   sc-sigma                       = 0.3
   sc-sigma-min                   = 0.3
   sc-coul                        = false
   dh-hist-size                   = 0
   dh-hist-spacing                = 0.1
   separate-dhdl-file             = yes
   dhdl-derivatives               = yes
   sc-function                    = beutler
   sc-gapsys-scale-linpoint-lj    = 0.85
   sc-gapsys-scale-linpoint-q     = 0.3
   sc-gapsys-sigma-lj             = 0.3
   cos-acceleration               = 0
   deform (3x3):
      deform[    0]={ 0.00000e+00,  0.00000e+00,  0.00000e+00}
      deform[    1]={ 0.00000e+00,  0.00000e+00,  0.00000e+00}
      deform[    2]={ 0.00000e+00,  0.00000e+00,  0.00000e+00}
   simulated-tempering            = false
   swapcoords                     = no
   userint1                       = 0
   userint2                       = 0
   userint3                       = 0
   userint4                       = 0
   userreal1                      = 0
   userreal2                      = 0
   userreal3                      = 0
   userreal4                      = 0
   applied-forces:
     electric-field:
       x:
         E0                       = 0
         omega                    = 0
         t0                       = 0
         sigma                    = 0
       y:
         E0                       = 0
         omega                    = 0
         t0                       = 0
         sigma                    = 0
       z:
         E0                       = 0
         omega                    = 0
         t0                       = 0
         sigma                    = 0
     density-guided-simulation:
       active                     = false
       group                      = protein
       similarity-measure         = inner-product
       atom-spreading-weight      = unity
       force-constant             = 1e+09
       gaussian-transform-spreading-width = 0.2
       gaussian-transform-spreading-range-in-multiples-of-width = 4
       reference-density-filename = reference.mrc
       nst                        = 1
       normalize-densities        = true
       adaptive-force-scaling     = false
       adaptive-force-scaling-time-constant = 4
       shift-vector               = 
       transformation-matrix      = 
     qmmm-cp2k:
       active                     = false
       qmgroup                    = System
       qmmethod                   = PBE
       qmfilenames                = 
       qmcharge                   = 0
       qmmultiplicity             = 1
grpopts:
   nrdf:        3584
   ref-t:         298
   tau-t:           1
annealing:          No
annealing-npoints:           0
   acc:	           0           0           0
   nfreeze:           N           N           N
   energygrp-flags[  0]: 0

Changing nstlist from 20 to 100, rlist from 1.2 to 1.216

When checking whether update groups are usable:
  The combination of rlist and box size prohibits the use of update groups

Initializing Domain Decomposition on 1 ranks
Dynamic load balancing: auto
Minimum cell size due to atom displacement: 0.671 nm
Initial maximum distances in bonded interactions:
    two-body bonded interactions: 0.192 nm, Exclusion, atoms 3 4
  multi-body bonded interactions: 0.192 nm, Angle, atoms 3 4
Minimum cell size due to bonded interactions: 0.211 nm
Maximum distance for 13 constraints, at 120 deg. angles, all-trans: 0.218 nm
Estimated maximum distance required for P-LINCS: 0.218 nm
Using 0 separate PME ranks because: there are too few total ranks for efficient splitting
Optimizing the DD grid for 1 cells with a minimum initial size of 0.671 nm
The maximum allowed number of cells is: X 3 Y 3 Z 3
Domain decomposition grid 1 x 1 x 1, separate PME ranks 0
PME domain decomposition: 1 x 1 x 1

The initial number of communication pulses is:
The initial domain decomposition cell size is:

The maximum allowed distance for atoms involved in interactions is:
                 non-bonded interactions           1.216 nm
(the following are initial values, they could change due to box deformation)
            two-body bonded interactions  (-rdd)   1.216 nm
          multi-body bonded interactions  (-rdd)   1.216 nm
 atoms separated by up to 13 constraints  (-rcon)  2.109 nm

When dynamic load balancing gets turned on, these settings will change to:
The maximum number of communication pulses is:
The minimum size for domain decomposition cells is 1.216 nm
The requested allowed shrink of DD cells (option -dds) is: 0.80
The allowed shrink of domain decomposition cells is:
The maximum allowed distance for atoms involved in interactions is:
                 non-bonded interactions           1.216 nm
            two-body bonded interactions  (-rdd)   1.216 nm
          multi-body bonded interactions  (-rdd)   1.216 nm
 atoms separated by up to 13 constraints  (-rcon)  1.216 nm

Using 1 MPI thread
Using 8 OpenMP threads 

System total charge, top. A: 0.000 top. B: 0.000
Will do PME sum in reciprocal space for electrostatic interactions.

++++ PLEASE READ AND CITE THE FOLLOWING REFERENCE ++++
U. Essmann, L. Perera, M. L. Berkowitz, T. Darden, H. Lee and L. G. Pedersen 
A smooth particle mesh Ewald method
J. Chem. Phys. 103 (1995) pp. 8577-8592
-------- -------- --- Thank You --- -------- --------

Using a Gaussian width (1/beta) of 0.34693 nm for Ewald
Potential shift: LJ r^-12: 0.000e+00 r^-6: 0.000e+00, Ewald -8.333e-07
Initialized non-bonded Coulomb Ewald tables, spacing: 9.71e-04 size: 2283

Long Range LJ corr.: <C6> 2.7675e-04


Using SIMD 4x4 nonbonded short-range kernels

Using a dual 4x4 pair-list setup updated with dynamic pruning:
  outer list: updated every 100 steps, buffer 0.016 nm, rlist 1.216 nm
  inner list: updated every  89 steps, buffer 0.001 nm, rlist 1.201 nm
At tolerance 0.005 kJ/mol/ps per atom, equivalent classical 1x1 list would be:
  outer list: updated every 100 steps, buffer 0.176 nm, rlist 1.376 nm
  inner list: updated every  89 steps, buffer 0.159 nm, rlist 1.359 nm
There are 5 atoms and 0 charges for free energy perturbation

Linking all bonded interactions to atoms


Initializing Parallel LINear Constraint Solver

++++ PLEASE READ AND CITE THE FOLLOWING REFERENCE ++++
B. Hess
P-LINCS: A Parallel Linear Constraint Solver for molecular simulation
J. Chem. Theory Comput. 4 (2008) pp. 116-122
-------- -------- --- Thank You --- -------- --------

The number of constraints is 4
There are constraints between atoms in different decomposition domains,
will communicate selected coordinates each lincs iteration

++++ PLEASE READ AND CITE THE FOLLOWING REFERENCE ++++
S. Miyamoto and P. A. Kollman
SETTLE: An Analytical Version of the SHAKE and RATTLE Algorithms for Rigid
Water Models
J. Comp. Chem. 13 (1992) pp. 952-962
-------- -------- --- Thank You --- -------- --------

Initial vector of lambda components:[     0.0000     0.0000     0.0000     0.3000     0.0000     0.0000     0.0000 ]

++++ PLEASE READ AND CITE THE FOLLOWING REFERENCE ++++
N. Goga and A. J. Rzepiela and A. H. de Vries and S. J. Marrink and H. J. C.
Berendsen
Efficient Algorithms for Langevin and DPD Dynamics
J. Chem. Theory Comput. 8 (2012) pp. 3637--3649
-------- -------- --- Thank You --- -------- --------

There are: 1793 Atoms

Atom distribution over 1 domains: av 1793 stddev 0 min 1793 max 1793
Center of mass motion removal mode is Linear
We have the following groups for center of mass motion removal:
  0:  rest

Started mdrun on rank 0 Fri Jan  5 18:43:19 2024

           Step           Time
              0        0.00000

   Energies (kJ/mol)
          Angle        LJ (SR)  Disper. corr.   Coulomb (SR)   Coul. recip.
    1.81797e+01    3.79670e+03   -7.50401e+01   -2.74163e+04    1.12332e+02
      Potential    Kinetic En.   Total Energy    Temperature Pres. DC (bar)
   -2.35641e+04    4.34912e+03   -1.92150e+04    2.91897e+02   -6.64349e+01
 Pressure (bar)       dEkin/dl      dVcoul/dl       dVvdw/dl    dVbonded/dl
    2.88665e+02    0.00000e+00    0.00000e+00    1.67310e+00    0.00000e+00
 dVrestraint/dl   Constr. rmsd
    0.00000e+00    6.20146e-07

           Step           Time
            500        1.00000

   Energies (kJ/mol)
          Angle        LJ (SR)  Disper. corr.   Coulomb (SR)   Coul. recip.
    5.42890e+00    3.58796e+03   -7.81423e+01   -2.72528e+04    1.11209e+02
      Potential    Kinetic En.   Total Energy    Temperature Pres. DC (bar)
   -2.36264e+04    4.24253e+03   -1.93838e+04    2.84743e+02   -7.20413e+01
 Pressure (bar)       dEkin/dl      dVcoul/dl       dVvdw/dl    dVbonded/dl
   -7.76108e+00    0.00000e+00    0.00000e+00   -6.44528e+01    0.00000e+00
 dVrestraint/dl   Constr. rmsd
    0.00000e+00    2.58250e-06

           Step           Time
           1000        2.00000

   Energies (kJ/mol)
          Angle        LJ (SR)  Disper. corr.   Coulomb (SR)   Coul. recip.
    1.25374e+01    3.83914e+03   -7.88579e+01   -2.78136e+04    1.09124e+02
      Potential    Kinetic En.   Total Energy    Temperature Pres. DC (bar)
   -2.39316e+04    4.35725e+03   -1.95744e+04    2.92442e+02   -7.33667e+01
 Pressure (bar)       dEkin/dl      dVcoul/dl       dVvdw/dl    dVbonded/dl
    7.34918e+02    0.00000e+00    0.00000e+00    1.07016e+01    0.00000e+00
 dVrestraint/dl   Constr. rmsd
    0.00000e+00    2.30790e-06

           Step           Time
           1500        3.00000

   Energies (kJ/mol)
          Angle        LJ (SR)  Disper. corr.   Coulomb (SR)   Coul. recip.
    1.35677e+00    3.71152e+03   -7.81820e+01   -2.78600e+04    9.87377e+01
      Potential    Kinetic En.   Total Energy    Temperature Pres. DC (bar)
   -2.41266e+04    4.60108e+03   -1.95255e+04    3.08807e+02   -7.21145e+01
 Pressure (bar)       dEkin/dl      dVcoul/dl       dVvdw/dl    dVbonded/dl
    1.87567e+02    0.00000e+00    0.00000e+00    1.10144e+01    0.00000e+00
 dVrestraint/dl   Constr. rmsd
    0.00000e+00    1.28011e-06

           Step           Time
           2000        4.00000

   Energies (kJ/mol)
          Angle        LJ (SR)  Disper. corr.   Coulomb (SR)   Coul. recip.
    4.49442e+00    3.87271e+03   -7.89502e+01   -2.79521e+04    1.11073e+02
      Potential    Kinetic En.   Total Energy    Temperature Pres. DC (bar)
   -2.40428e+04    4.50675e+03   -1.95360e+04    3.02477e+02   -7.35386e+01
 Pressure (bar)       dEkin/dl      dVcoul/dl       dVvdw/dl    dVbonded/dl
    7.08954e+02    0.00000e+00    0.00000e+00   -1.38991e+01    0.00000e+00
 dVrestraint/dl   Constr. rmsd
    0.00000e+00    3.19066e-06

           Step           Time
           2500        5.00000

   Energies (kJ/mol)
          Angle        LJ (SR)  Disper. corr.   Coulomb (SR)   Coul. recip.
    4.47563e+00    3.60368e+03   -7.66455e+01   -2.74133e+04    1.03998e+02
      Potential    Kinetic En.   Total Energy    Temperature Pres. DC (bar)
   -2.37778e+04    4.37148e+03   -1.94063e+04    2.93397e+02   -6.93078e+01
 Pressure (bar)       dEkin/dl      dVcoul/dl       dVvdw/dl    dVbonded/dl
   -3.13639e+02    0.00000e+00    0.00000e+00   -4.17961e+01    0.00000e+00
 dVrestraint/dl   Constr. rmsd
    0.00000e+00    2.23279e-06

           Step           Time
           3000        6.00000

   Energies (kJ/mol)
          Angle        LJ (SR)  Disper. corr.   Coulomb (SR)   Coul. recip.
    1.17791e+01    3.51794e+03   -7.45218e+01   -2.70217e+04    1.40391e+02
      Potential    Kinetic En.   Total Energy    Temperature Pres. DC (bar)
   -2.34261e+04    4.48226e+03   -1.89438e+04    3.00832e+02   -6.55203e+01
 Pressure (bar)       dEkin/dl      dVcoul/dl       dVvdw/dl    dVbonded/dl
   -4.94807e+02    0.00000e+00    0.00000e+00    9.83975e+00    0.00000e+00
 dVrestraint/dl   Constr. rmsd
    0.00000e+00    1.70708e-06

           Step           Time
           3500        7.00000

   Energies (kJ/mol)
          Angle        LJ (SR)  Disper. corr.   Coulomb (SR)   Coul. recip.
    9.95333e+00    3.46668e+03   -7.67633e+01   -2.71745e+04    1.14409e+02
      Potential    Kinetic En.   Total Energy    Temperature Pres. DC (bar)
   -2.36602e+04    4.72508e+03   -1.89351e+04    3.17130e+02   -6.95210e+01
 Pressure (bar)       dEkin/dl      dVcoul/dl       dVvdw/dl    dVbonded/dl
   -3.56848e+02    0.00000e+00    0.00000e+00    8.91879e+00    0.00000e+00
 dVrestraint/dl   Constr. rmsd
    0.00000e+00    2.84639e-06

           Step           Time
           4000        8.00000

   Energies (kJ/mol)
          Angle        LJ (SR)  Disper. corr.   Coulomb (SR)   Coul. recip.
    8.44690e+00    3.62728e+03   -7.69665e+01   -2.73143e+04    1.29856e+02
      Potential    Kinetic En.   Total Energy    Temperature Pres. DC (bar)
   -2.36257e+04    4.56102e+03   -1.90646e+04    3.06119e+02   -6.98896e+01
 Pressure (bar)       dEkin/dl      dVcoul/dl       dVvdw/dl    dVbonded/dl
    1.67398e+02    0.00000e+00    0.00000e+00    7.56535e+00    0.00000e+00
 dVrestraint/dl   Constr. rmsd
    0.00000e+00    3.48305e-06

           Step           Time
           4500        9.00000

   Energies (kJ/mol)
          Angle        LJ (SR)  Disper. corr.   Coulomb (SR)   Coul. recip.
    1.37357e+01    3.56335e+03   -7.65691e+01   -2.73449e+04    1.23167e+02
      Potential    Kinetic En.   Total Energy    Temperature Pres. DC (bar)
   -2.37212e+04    4.42130e+03   -1.92999e+04    2.96741e+02   -6.91698e+01
 Pressure (bar)       dEkin/dl      dVcoul/dl       dVvdw/dl    dVbonded/dl
   -4.13540e+02    0.00000e+00    0.00000e+00    2.72630e+00    0.00000e+00
 dVrestraint/dl   Constr. rmsd
    0.00000e+00    1.42429e-06

           Step           Time
           5000       10.00000

   Energies (kJ/mol)
          Angle        LJ (SR)  Disper. corr.   Coulomb (SR)   Coul. recip.
    1.77162e+00    3.66937e+03   -7.74332e+01   -2.78830e+04    1.26257e+02
      Potential    Kinetic En.   Total Energy    Temperature Pres. DC (bar)
   -2.41631e+04    4.45175e+03   -1.97113e+04    2.98785e+02   -7.07396e+01
 Pressure (bar)       dEkin/dl      dVcoul/dl       dVvdw/dl    dVbonded/dl
   -2.76283e+02    0.00000e+00    0.00000e+00    9.02046e+00    0.00000e+00
 dVrestraint/dl   Constr. rmsd
    0.00000e+00    1.49606e-06

           Step           Time
           5500       11.00000

   Energies (kJ/mol)
          Angle        LJ (SR)  Disper. corr.   Coulomb (SR)   Coul. recip.
    1.05879e+01    3.63182e+03   -7.55121e+01   -2.73183e+04    9.85925e+01
      Potential    Kinetic En.   Total Energy    Temperature Pres. DC (bar)
   -2.36528e+04    4.38818e+03   -1.92646e+04    2.94518e+02   -6.72731e+01
 Pressure (bar)       dEkin/dl      dVcoul/dl       dVvdw/dl    dVbonded/dl
   -4.54765e+02    0.00000e+00    0.00000e+00    1.49826e+01    0.00000e+00
 dVrestraint/dl   Constr. rmsd
    0.00000e+00    4.63385e-06

           Step           Time
           6000       12.00000

   Energies (kJ/mol)
          Angle        LJ (SR)  Disper. corr.   Coulomb (SR)   Coul. recip.
    4.35307e+00    3.42844e+03   -7.95696e+01   -2.71725e+04    1.00090e+02
      Potential    Kinetic En.   Total Energy    Temperature Pres. DC (bar)
   -2.37192e+04    4.60125e+03   -1.91179e+04    3.08819e+02   -7.46971e+01
 Pressure (bar)       dEkin/dl      dVcoul/dl       dVvdw/dl    dVbonded/dl
    4.43595e+01    0.00000e+00    0.00000e+00   -2.03561e+01    0.00000e+00
 dVrestraint/dl   Constr. rmsd
    0.00000e+00    1.22480e-06

           Step           Time
           6500       13.00000

   Energies (kJ/mol)
          Angle        LJ (SR)  Disper. corr.   Coulomb (SR)   Coul. recip.
    5.84145e+00    3.73956e+03   -7.69547e+01   -2.75186e+04    1.11131e+02
      Potential    Kinetic En.   Total Energy    Temperature Pres. DC (bar)
   -2.37390e+04    4.47637e+03   -1.92627e+04    3.00437e+02   -6.98681e+01
 Pressure (bar)       dEkin/dl      dVcoul/dl       dVvdw/dl    dVbonded/dl
    3.65808e+02    0.00000e+00    0.00000e+00    1.04293e+01    0.00000e+00
 dVrestraint/dl   Constr. rmsd
    0.00000e+00    5.48257e-06

           Step           Time
           7000       14.00000

   Energies (kJ/mol)
          Angle        LJ (SR)  Disper. corr.   Coulomb (SR)   Coul. recip.
    9.45433e+00    3.57898e+03   -7.76128e+01   -2.73134e+04    1.19102e+02
      Potential    Kinetic En.   Total Energy    Temperature Pres. DC (bar)
   -2.36835e+04    4.55099e+03   -1.91325e+04    3.05446e+02   -7.10682e+01
 Pressure (bar)       dEkin/dl      dVcoul/dl       dVvdw/dl    dVbonded/dl
    3.73228e+01    0.00000e+00    0.00000e+00    1.29760e+01    0.00000e+00
 dVrestraint/dl   Constr. rmsd
    0.00000e+00    1.11031e-06

           Step           Time
           7500       15.00000

   Energies (kJ/mol)
          Angle        LJ (SR)  Disper. corr.   Coulomb (SR)   Coul. recip.
    8.74694e+00    3.44884e+03   -7.71182e+01   -2.71629e+04    1.12702e+02
      Potential    Kinetic En.   Total Energy    Temperature Pres. DC (bar)
   -2.36698e+04    4.36062e+03   -1.93091e+04    2.92668e+02   -7.01654e+01
 Pressure (bar)       dEkin/dl      dVcoul/dl       dVvdw/dl    dVbonded/dl
   -4.99636e+02    0.00000e+00    0.00000e+00    5.39383e+00    0.00000e+00
 dVrestraint/dl   Constr. rmsd
    0.00000e+00    1.02980e-06

           Step           Time
           8000       16.00000

   Energies (kJ/mol)
          Angle        LJ (SR)  Disper. corr.   Coulomb (SR)   Coul. recip.
    9.85496e+00    3.25854e+03   -7.56265e+01   -2.69929e+04    1.29317e+02
      Potential    Kinetic En.   Total Energy    Temperature Pres. DC (bar)
   -2.36708e+04    4.47138e+03   -1.91994e+04    3.00102e+02   -6.74771e+01
 Pressure (bar)       dEkin/dl      dVcoul/dl       dVvdw/dl    dVbonded/dl
   -1.15682e+03    0.00000e+00    0.00000e+00    8.62428e+00    0.00000e+00
 dVrestraint/dl   Constr. rmsd
    0.00000e+00    2.65993e-06

           Step           Time
           8500       17.00000

   Energies (kJ/mol)
          Angle        LJ (SR)  Disper. corr.   Coulomb (SR)   Coul. recip.
    7.41197e+00    3.48221e+03   -7.57620e+01   -2.71750e+04    1.15579e+02
      Potential    Kinetic En.   Total Energy    Temperature Pres. DC (bar)
   -2.36456e+04    4.44372e+03   -1.92019e+04    2.98246e+02   -6.77193e+01
 Pressure (bar)       dEkin/dl      dVcoul/dl       dVvdw/dl    dVbonded/dl
   -5.49038e+02    0.00000e+00    0.00000e+00    1.37461e+00    0.00000e+00
 dVrestraint/dl   Constr. rmsd
    0.00000e+00    1.96311e-06

           Step           Time
           9000       18.00000

   Energies (kJ/mol)
          Angle        LJ (SR)  Disper. corr.   Coulomb (SR)   Coul. recip.
    5.60771e+00    3.75804e+03   -7.80711e+01   -2.80188e+04    1.20064e+02
      Potential    Kinetic En.   Total Energy    Temperature Pres. DC (bar)
   -2.42131e+04    4.37717e+03   -1.98360e+04    2.93779e+02   -7.19100e+01
 Pressure (bar)       dEkin/dl      dVcoul/dl       dVvdw/dl    dVbonded/dl
    1.25005e+02    0.00000e+00    0.00000e+00    4.95937e+00    0.00000e+00
 dVrestraint/dl   Constr. rmsd
    0.00000e+00    5.13604e-07

           Step           Time
           9500       19.00000

   Energies (kJ/mol)
          Angle        LJ (SR)  Disper. corr.   Coulomb (SR)   Coul. recip.
    2.61443e+00    3.51937e+03   -7.73307e+01   -2.75323e+04    1.00276e+02
      Potential    Kinetic En.   Total Energy    Temperature Pres. DC (bar)
   -2.39874e+04    4.31656e+03   -1.96708e+04    2.89712e+02   -7.05526e+01
 Pressure (bar)       dEkin/dl      dVcoul/dl       dVvdw/dl    dVbonded/dl
   -5.49626e+02    0.00000e+00    0.00000e+00    1.31267e+01    0.00000e+00
 dVrestraint/dl   Constr. rmsd
    0.00000e+00    8.22134e-07

           Step           Time
          10000       20.00000

   Energies (kJ/mol)
          Angle        LJ (SR)  Disper. corr.   Coulomb (SR)   Coul. recip.
    4.97961e+00    3.49429e+03   -7.68279e+01   -2.77691e+04    1.24176e+02
      Potential    Kinetic En.   Total Energy    Temperature Pres. DC (bar)
   -2.42225e+04    4.43354e+03   -1.97890e+04    2.97563e+02   -6.96381e+01
 Pressure (bar)       dEkin/dl      dVcoul/dl       dVvdw/dl    dVbonded/dl
   -1.14880e+03    0.00000e+00    0.00000e+00   -2.67514e-01    0.00000e+00
 dVrestraint/dl   Constr. rmsd
    0.00000e+00    9.65706e-07

           Step           Time
          10500       21.00000

   Energies (kJ/mol)
          Angle        LJ (SR)  Disper. corr.   Coulomb (SR)   Coul. recip.
    1.04773e+01    3.85997e+03   -7.94894e+01   -2.80479e+04    1.13376e+02
      Potential    Kinetic En.   Total Energy    Temperature Pres. DC (bar)
   -2.41436e+04    4.36301e+03   -1.97806e+04    2.92829e+02   -7.45465e+01
 Pressure (bar)       dEkin/dl      dVcoul/dl       dVvdw/dl    dVbonded/dl
    6.44930e+02    0.00000e+00    0.00000e+00    1.22310e+01    0.00000e+00
 dVrestraint/dl   Constr. rmsd
    0.00000e+00    7.66215e-07

           Step           Time
          11000       22.00000

   Energies (kJ/mol)
          Angle        LJ (SR)  Disper. corr.   Coulomb (SR)   Coul. recip.
    1.04290e+01    3.62378e+03   -7.89723e+01   -2.78857e+04    9.78325e+01
      Potential    Kinetic En.   Total Energy    Temperature Pres. DC (bar)
   -2.42326e+04    4.48537e+03   -1.97473e+04    3.01041e+02   -7.35798e+01
 Pressure (bar)       dEkin/dl      dVcoul/dl       dVvdw/dl    dVbonded/dl
   -1.48785e+02    0.00000e+00    0.00000e+00   -1.39009e+01    0.00000e+00
 dVrestraint/dl   Constr. rmsd
    0.00000e+00    3.12697e-06

           Step           Time
          11500       23.00000

   Energies (kJ/mol)
          Angle        LJ (SR)  Disper. corr.   Coulomb (SR)   Coul. recip.
    1.22576e+01    3.68182e+03   -8.05202e+01   -2.80117e+04    9.37555e+01
      Potential    Kinetic En.   Total Energy    Temperature Pres. DC (bar)
   -2.43044e+04    4.54988e+03   -1.97545e+04    3.05371e+02   -7.64925e+01
 Pressure (bar)       dEkin/dl      dVcoul/dl       dVvdw/dl    dVbonded/dl
    2.16109e+02    0.00000e+00    0.00000e+00    1.54360e+01    0.00000e+00
 dVrestraint/dl   Constr. rmsd
    0.00000e+00    9.46335e-06

           Step           Time
          12000       24.00000

   Energies (kJ/mol)
          Angle        LJ (SR)  Disper. corr.   Coulomb (SR)   Coul. recip.
    6.75535e+00    3.91460e+03   -7.80080e+01   -2.82912e+04    1.04521e+02
      Potential    Kinetic En.   Total Energy    Temperature Pres. DC (bar)
   -2.43433e+04    4.33488e+03   -2.00084e+04    2.90941e+02   -7.17939e+01
 Pressure (bar)       dEkin/dl      dVcoul/dl       dVvdw/dl    dVbonded/dl
    1.99750e+02    0.00000e+00    0.00000e+00    6.93964e+00    0.00000e+00
 dVrestraint/dl   Constr. rmsd
    0.00000e+00    1.41082e-06

           Step           Time
          12500       25.00000

   Energies (kJ/mol)
          Angle        LJ (SR)  Disper. corr.   Coulomb (SR)   Coul. recip.
    6.35279e+00    3.85641e+03   -7.79115e+01   -2.79248e+04    1.19317e+02
      Potential    Kinetic En.   Total Energy    Temperature Pres. DC (bar)
   -2.40206e+04    4.51621e+03   -1.95044e+04    3.03111e+02   -7.16163e+01
 Pressure (bar)       dEkin/dl      dVcoul/dl       dVvdw/dl    dVbonded/dl
    3.82880e+02    0.00000e+00    0.00000e+00    1.50497e+01    0.00000e+00
 dVrestraint/dl   Constr. rmsd
    0.00000e+00    1.48654e-06

           Step           Time
          13000       26.00000

   Energies (kJ/mol)
          Angle        LJ (SR)  Disper. corr.   Coulomb (SR)   Coul. recip.
    5.38743e+00    3.68109e+03   -7.82873e+01   -2.77971e+04    9.92187e+01
      Potential    Kinetic En.   Total Energy    Temperature Pres. DC (bar)
   -2.40897e+04    4.50637e+03   -1.95833e+04    3.02451e+02   -7.23088e+01
 Pressure (bar)       dEkin/dl      dVcoul/dl       dVvdw/dl    dVbonded/dl
    6.13676e+01    0.00000e+00    0.00000e+00   -1.97265e+01    0.00000e+00
 dVrestraint/dl   Constr. rmsd
    0.00000e+00    1.41710e-06

           Step           Time
          13500       27.00000

   Energies (kJ/mol)
          Angle        LJ (SR)  Disper. corr.   Coulomb (SR)   Coul. recip.
    1.09179e+01    3.82074e+03   -7.88437e+01   -2.77014e+04    1.18277e+02
      Potential    Kinetic En.   Total Energy    Temperature Pres. DC (bar)
   -2.38303e+04    4.45002e+03   -1.93803e+04    2.98669e+02   -7.33403e+01
 Pressure (bar)       dEkin/dl      dVcoul/dl       dVvdw/dl    dVbonded/dl
    7.49819e+02    0.00000e+00    0.00000e+00   -1.87375e+01    0.00000e+00
 dVrestraint/dl   Constr. rmsd
    0.00000e+00    6.05655e-07

           Step           Time
          14000       28.00000

   Energies (kJ/mol)
          Angle        LJ (SR)  Disper. corr.   Coulomb (SR)   Coul. recip.
    9.03378e+00    3.67455e+03   -7.61281e+01   -2.75845e+04    1.07424e+02
      Potential    Kinetic En.   Total Energy    Temperature Pres. DC (bar)
   -2.38696e+04    4.51296e+03   -1.93566e+04    3.02893e+02   -6.83752e+01
 Pressure (bar)       dEkin/dl      dVcoul/dl       dVvdw/dl    dVbonded/dl
   -2.68452e+02    0.00000e+00    0.00000e+00    6.56890e+00    0.00000e+00
 dVrestraint/dl   Constr. rmsd
    0.00000e+00    8.39796e-06

           Step           Time
          14500       29.00000

   Energies (kJ/mol)
          Angle        LJ (SR)  Disper. corr.   Coulomb (SR)   Coul. recip.
    5.28054e+00    3.65079e+03   -7.83641e+01   -2.76003e+04    1.10791e+02
      Potential    Kinetic En.   Total Energy    Temperature Pres. DC (bar)
   -2.39118e+04    4.35209e+03   -1.95597e+04    2.92096e+02   -7.24507e+01
 Pressure (bar)       dEkin/dl      dVcoul/dl       dVvdw/dl    dVbonded/dl
    7.90716e+01    0.00000e+00    0.00000e+00    7.29220e+00    0.00000e+00
 dVrestraint/dl   Constr. rmsd
    0.00000e+00    4.77675e-06

           Step           Time
          15000       30.00000

   Energies (kJ/mol)
          Angle        LJ (SR)  Disper. corr.   Coulomb (SR)   Coul. recip.
    1.02998e+01    3.82384e+03   -7.69929e+01   -2.76896e+04    1.29842e+02
      Potential    Kinetic En.   Total Energy    Temperature Pres. DC (bar)
   -2.38026e+04    4.33461e+03   -1.94680e+04    2.90923e+02   -6.99376e+01
 Pressure (bar)       dEkin/dl      dVcoul/dl       dVvdw/dl    dVbonded/dl
    3.70954e+02    0.00000e+00    0.00000e+00   -1.20299e+01    0.00000e+00
 dVrestraint/dl   Constr. rmsd
    0.00000e+00    3.63099e-06

           Step           Time
          15500       31.00000

   Energies (kJ/mol)
          Angle        LJ (SR)  Disper. corr.   Coulomb (SR)   Coul. recip.
    5.85788e+00    3.76331e+03   -7.70892e+01   -2.76552e+04    1.14118e+02
      Potential    Kinetic En.   Total Energy    Temperature Pres. DC (bar)
   -2.38490e+04    4.32023e+03   -1.95287e+04    2.89957e+02   -7.01125e+01
 Pressure (bar)       dEkin/dl      dVcoul/dl       dVvdw/dl    dVbonded/dl
    2.60319e+02    0.00000e+00    0.00000e+00    1.31509e+01    0.00000e+00
 dVrestraint/dl   Constr. rmsd
    0.00000e+00    1.74662e-05

           Step           Time
          16000       32.00000

   Energies (kJ/mol)
          Angle        LJ (SR)  Disper. corr.   Coulomb (SR)   Coul. recip.
    3.86242e+00    3.72025e+03   -7.75079e+01   -2.76668e+04    1.02838e+02
      Potential    Kinetic En.   Total Energy    Temperature Pres. DC (bar)
   -2.39173e+04    4.34526e+03   -1.95721e+04    2.91637e+02   -7.08762e+01
 Pressure (bar)       dEkin/dl      dVcoul/dl       dVvdw/dl    dVbonded/dl
    1.33616e+02    0.00000e+00    0.00000e+00    8.59080e-01    0.00000e+00
 dVrestraint/dl   Constr. rmsd
    0.00000e+00    2.55328e-06

           Step           Time
          16500       33.00000

   Energies (kJ/mol)
          Angle        LJ (SR)  Disper. corr.   Coulomb (SR)   Coul. recip.
    5.90548e+00    3.89962e+03   -7.81708e+01   -2.79696e+04    1.12818e+02
      Potential    Kinetic En.   Total Energy    Temperature Pres. DC (bar)
   -2.40294e+04    4.32690e+03   -1.97025e+04    2.90405e+02   -7.20938e+01
 Pressure (bar)       dEkin/dl      dVcoul/dl       dVvdw/dl    dVbonded/dl
    6.46414e+02    0.00000e+00    0.00000e+00   -7.31049e+00    0.00000e+00
 dVrestraint/dl   Constr. rmsd
    0.00000e+00    1.69454e-06

           Step           Time
          17000       34.00000

   Energies (kJ/mol)
          Angle        LJ (SR)  Disper. corr.   Coulomb (SR)   Coul. recip.
    1.50368e+01    3.86561e+03   -7.90640e+01   -2.81960e+04    1.06583e+02
      Potential    Kinetic En.   Total Energy    Temperature Pres. DC (bar)
   -2.42879e+04    4.38820e+03   -1.98997e+04    2.94520e+02   -7.37508e+01
 Pressure (bar)       dEkin/dl      dVcoul/dl       dVvdw/dl    dVbonded/dl
    4.19437e+02    0.00000e+00    0.00000e+00   -1.70626e+01    0.00000e+00
 dVrestraint/dl   Constr. rmsd
    0.00000e+00    9.53209e-07

           Step           Time
          17500       35.00000

   Energies (kJ/mol)
          Angle        LJ (SR)  Disper. corr.   Coulomb (SR)   Coul. recip.
    9.92122e+00    4.04511e+03   -7.83343e+01   -2.82043e+04    9.72011e+01
      Potential    Kinetic En.   Total Energy    Temperature Pres. DC (bar)
   -2.41304e+04    4.33511e+03   -1.97953e+04    2.90957e+02   -7.23958e+01
 Pressure (bar)       dEkin/dl      dVcoul/dl       dVvdw/dl    dVbonded/dl
    1.00104e+03    0.00000e+00    0.00000e+00    1.09810e+01    0.00000e+00
 dVrestraint/dl   Constr. rmsd
    0.00000e+00    3.07311e-06

           Step           Time
          18000       36.00000

   Energies (kJ/mol)
          Angle        LJ (SR)  Disper. corr.   Coulomb (SR)   Coul. recip.
    3.64767e+00    3.57517e+03   -7.91292e+01   -2.76131e+04    1.06275e+02
      Potential    Kinetic En.   Total Energy    Temperature Pres. DC (bar)
   -2.40072e+04    4.47343e+03   -1.95337e+04    3.00240e+02   -7.38724e+01
 Pressure (bar)       dEkin/dl      dVcoul/dl       dVvdw/dl    dVbonded/dl
   -3.15912e+01    0.00000e+00    0.00000e+00   -1.31141e+01    0.00000e+00
 dVrestraint/dl   Constr. rmsd
    0.00000e+00    3.30255e-06

           Step           Time
          18500       37.00000

   Energies (kJ/mol)
          Angle        LJ (SR)  Disper. corr.   Coulomb (SR)   Coul. recip.
    7.77702e+00    3.66000e+03   -7.58187e+01   -2.75419e+04    1.05428e+02
      Potential    Kinetic En.   Total Energy    Temperature Pres. DC (bar)
   -2.38445e+04    4.47757e+03   -1.93669e+04    3.00518e+02   -6.78207e+01
 Pressure (bar)       dEkin/dl      dVcoul/dl       dVvdw/dl    dVbonded/dl
   -2.84471e+02    0.00000e+00    0.00000e+00   -2.13523e+01    0.00000e+00
 dVrestraint/dl   Constr. rmsd
    0.00000e+00    3.57628e-07

           Step           Time
          19000       38.00000

   Energies (kJ/mol)
          Angle        LJ (SR)  Disper. corr.   Coulomb (SR)   Coul. recip.
    3.42187e+00    3.65097e+03   -7.70406e+01   -2.72699e+04    1.03662e+02
      Potential    Kinetic En.   Total Energy    Temperature Pres. DC (bar)
   -2.35889e+04    4.62207e+03   -1.89669e+04    3.10216e+02   -7.00243e+01
 Pressure (bar)       dEkin/dl      dVcoul/dl       dVvdw/dl    dVbonded/dl
    3.55632e+02    0.00000e+00    0.00000e+00    1.01216e+01    0.00000e+00
 dVrestraint/dl   Constr. rmsd
    0.00000e+00    6.59090e-06

           Step           Time
          19500       39.00000

   Energies (kJ/mol)
          Angle        LJ (SR)  Disper. corr.   Coulomb (SR)   Coul. recip.
    6.48981e+00    3.63121e+03   -7.81642e+01   -2.72256e+04    1.09014e+02
      Potential    Kinetic En.   Total Energy    Temperature Pres. DC (bar)
   -2.35570e+04    4.43153e+03   -1.91255e+04    2.97427e+02   -7.20817e+01
 Pressure (bar)       dEkin/dl      dVcoul/dl       dVvdw/dl    dVbonded/dl
    5.98974e+02    0.00000e+00    0.00000e+00    2.61407e+00    0.00000e+00
 dVrestraint/dl   Constr. rmsd
    0.00000e+00    1.25771e-06

           Step           Time
          20000       40.00000

   Energies (kJ/mol)
          Angle        LJ (SR)  Disper. corr.   Coulomb (SR)   Coul. recip.
    4.46478e+00    3.28824e+03   -7.75150e+01   -2.70755e+04    1.12451e+02
      Potential    Kinetic En.   Total Energy    Temperature Pres. DC (bar)
   -2.37479e+04    4.39433e+03   -1.93536e+04    2.94931e+02   -7.08892e+01
 Pressure (bar)       dEkin/dl      dVcoul/dl       dVvdw/dl    dVbonded/dl
   -1.00234e+03    0.00000e+00    0.00000e+00    1.21705e+01    0.00000e+00
 dVrestraint/dl   Constr. rmsd
    0.00000e+00    5.24656e-06

           Step           Time
          20500       41.00000

   Energies (kJ/mol)
          Angle        LJ (SR)  Disper. corr.   Coulomb (SR)   Coul. recip.
    1.16152e+01    3.48688e+03   -7.65918e+01   -2.72496e+04    1.12984e+02
      Potential    Kinetic En.   Total Energy    Temperature Pres. DC (bar)
   -2.37147e+04    4.41739e+03   -1.92973e+04    2.96479e+02   -6.92107e+01
 Pressure (bar)       dEkin/dl      dVcoul/dl       dVvdw/dl    dVbonded/dl
   -5.38504e+02    0.00000e+00    0.00000e+00    4.77154e+00    0.00000e+00
 dVrestraint/dl   Constr. rmsd
    0.00000e+00    2.48863e-06

           Step           Time
          21000       42.00000

   Energies (kJ/mol)
          Angle        LJ (SR)  Disper. corr.   Coulomb (SR)   Coul. recip.
    8.92297e+00    3.30154e+03   -7.67439e+01   -2.71829e+04    1.15859e+02
      Potential    Kinetic En.   Total Energy    Temperature Pres. DC (bar)
   -2.38333e+04    4.48062e+03   -1.93527e+04    3.00722e+02   -6.94860e+01
 Pressure (bar)       dEkin/dl      dVcoul/dl       dVvdw/dl    dVbonded/dl
   -1.16072e+03    0.00000e+00    0.00000e+00    1.55371e+01    0.00000e+00
 dVrestraint/dl   Constr. rmsd
    0.00000e+00    6.75455e-06

           Step           Time
          21500       43.00000

   Energies (kJ/mol)
          Angle        LJ (SR)  Disper. corr.   Coulomb (SR)   Coul. recip.
    3.50710e+00    3.64804e+03   -7.86167e+01   -2.76486e+04    1.04292e+02
      Potential    Kinetic En.   Total Energy    Temperature Pres. DC (bar)
   -2.39713e+04    4.37255e+03   -1.95988e+04    2.93469e+02   -7.29186e+01
 Pressure (bar)       dEkin/dl      dVcoul/dl       dVvdw/dl    dVbonded/dl
    8.69561e+01    0.00000e+00    0.00000e+00    9.14493e-01    0.00000e+00
 dVrestraint/dl   Constr. rmsd
    0.00000e+00    4.73679e-06

           Step           Time
          22000       44.00000

   Energies (kJ/mol)
          Angle        LJ (SR)  Disper. corr.   Coulomb (SR)   Coul. recip.
    1.72583e+00    3.65350e+03   -7.84472e+01   -2.76705e+04    1.19207e+02
      Potential    Kinetic En.   Total Energy    Temperature Pres. DC (bar)
   -2.39745e+04    4.38741e+03   -1.95871e+04    2.94467e+02   -7.26046e+01
 Pressure (bar)       dEkin/dl      dVcoul/dl       dVvdw/dl    dVbonded/dl
   -3.08304e+01    0.00000e+00    0.00000e+00   -2.79619e+01    0.00000e+00
 dVrestraint/dl   Constr. rmsd
    0.00000e+00    2.30270e-06

           Step           Time
          22500       45.00000

   Energies (kJ/mol)
          Angle        LJ (SR)  Disper. corr.   Coulomb (SR)   Coul. recip.
    3.30705e+00    3.51583e+03   -7.72090e+01   -2.72383e+04    1.11217e+02
      Potential    Kinetic En.   Total Energy    Temperature Pres. DC (bar)
   -2.36852e+04    4.37141e+03   -1.93138e+04    2.93393e+02   -7.03307e+01
 Pressure (bar)       dEkin/dl      dVcoul/dl       dVvdw/dl    dVbonded/dl
   -3.40748e+02    0.00000e+00    0.00000e+00   -1.64078e+01    0.00000e+00
 dVrestraint/dl   Constr. rmsd
    0.00000e+00    6.54370e-06

           Step           Time
          23000       46.00000

   Energies (kJ/mol)
          Angle        LJ (SR)  Disper. corr.   Coulomb (SR)   Coul. recip.
    6.61631e+00    3.48628e+03   -7.78468e+01   -2.75225e+04    1.31788e+02
      Potential    Kinetic En.   Total Energy    Temperature Pres. DC (bar)
   -2.39756e+04    4.54980e+03   -1.94258e+04    3.05366e+02   -7.14975e+01
 Pressure (bar)       dEkin/dl      dVcoul/dl       dVvdw/dl    dVbonded/dl
   -5.66076e+02    0.00000e+00    0.00000e+00    1.12313e+01    0.00000e+00
 dVrestraint/dl   Constr. rmsd
    0.00000e+00    1.24494e-06

           Step           Time
          23500       47.00000

   Energies (kJ/mol)
          Angle        LJ (SR)  Disper. corr.   Coulomb (SR)   Coul. recip.
    7.43710e+00    3.65154e+03   -7.83594e+01   -2.74909e+04    1.05468e+02
      Potential    Kinetic En.   Total Energy    Temperature Pres. DC (bar)
   -2.38048e+04    4.51460e+03   -1.92902e+04    3.03003e+02   -7.24420e+01
 Pressure (bar)       dEkin/dl      dVcoul/dl       dVvdw/dl    dVbonded/dl
    1.82193e+02    0.00000e+00    0.00000e+00    1.37612e+00    0.00000e+00
 dVrestraint/dl   Constr. rmsd
    0.00000e+00    1.13484e-06

           Step           Time
          24000       48.00000

   Energies (kJ/mol)
          Angle        LJ (SR)  Disper. corr.   Coulomb (SR)   Coul. recip.
    3.26352e+00    3.86615e+03   -7.86568e+01   -2.78093e+04    1.09602e+02
      Potential    Kinetic En.   Total Energy    Temperature Pres. DC (bar)
   -2.39089e+04    4.49149e+03   -1.94174e+04    3.01452e+02   -7.29930e+01
 Pressure (bar)       dEkin/dl      dVcoul/dl       dVvdw/dl    dVbonded/dl
    8.47639e+02    0.00000e+00    0.00000e+00    1.08566e+01    0.00000e+00
 dVrestraint/dl   Constr. rmsd
    0.00000e+00    2.61395e-06

           Step           Time
          24500       49.00000

   Energies (kJ/mol)
          Angle        LJ (SR)  Disper. corr.   Coulomb (SR)   Coul. recip.
    4.10291e+00    3.76719e+03   -7.83938e+01   -2.76548e+04    1.09580e+02
      Potential    Kinetic En.   Total Energy    Temperature Pres. DC (bar)
   -2.38523e+04    4.43999e+03   -1.94123e+04    2.97996e+02   -7.25057e+01
 Pressure (bar)       dEkin/dl      dVcoul/dl       dVvdw/dl    dVbonded/dl
    5.95957e+02    0.00000e+00    0.00000e+00   -3.05220e+01    0.00000e+00
 dVrestraint/dl   Constr. rmsd
    0.00000e+00    5.06534e-06

           Step           Time
          25000       50.00000

   Energies (kJ/mol)
          Angle        LJ (SR)  Disper. corr.   Coulomb (SR)   Coul. recip.
    5.61021e+00    3.64435e+03   -7.72216e+01   -2.71617e+04    1.07557e+02
      Potential    Kinetic En.   Total Energy    Temperature Pres. DC (bar)
   -2.34814e+04    4.64309e+03   -1.88384e+04    3.11627e+02   -7.03536e+01
 Pressure (bar)       dEkin/dl      dVcoul/dl       dVvdw/dl    dVbonded/dl
    4.81546e+02    0.00000e+00    0.00000e+00   -1.31900e+01    0.00000e+00
 dVrestraint/dl   Constr. rmsd
    0.00000e+00    2.85698e-06

           Step           Time
          25500       51.00000

   Energies (kJ/mol)
          Angle        LJ (SR)  Disper. corr.   Coulomb (SR)   Coul. recip.
    3.39631e+00    3.88984e+03   -7.88165e+01   -2.78027e+04    1.28182e+02
      Potential    Kinetic En.   Total Energy    Temperature Pres. DC (bar)
   -2.38601e+04    4.80176e+03   -1.90583e+04    3.22277e+02   -7.32896e+01
 Pressure (bar)       dEkin/dl      dVcoul/dl       dVvdw/dl    dVbonded/dl
    1.01382e+03    0.00000e+00    0.00000e+00    5.90467e+00    0.00000e+00
 dVrestraint/dl   Constr. rmsd
    0.00000e+00    1.42678e-06

           Step           Time
          26000       52.00000

   Energies (kJ/mol)
          Angle        LJ (SR)  Disper. corr.   Coulomb (SR)   Coul. recip.
    3.55811e+00    3.93362e+03   -7.92780e+01   -2.77951e+04    1.29492e+02
      Potential    Kinetic En.   Total Energy    Temperature Pres. DC (bar)
   -2.38077e+04    4.60556e+03   -1.92022e+04    3.09108e+02   -7.41505e+01
 Pressure (bar)       dEkin/dl      dVcoul/dl       dVvdw/dl    dVbonded/dl
    1.44392e+03    0.00000e+00    0.00000e+00    1.49737e+01    0.00000e+00
 dVrestraint/dl   Constr. rmsd
    0.00000e+00    3.79743e-06

           Step           Time
          26500       53.00000

   Energies (kJ/mol)
          Angle        LJ (SR)  Disper. corr.   Coulomb (SR)   Coul. recip.
    2.82263e+00    3.60299e+03   -7.66567e+01   -2.74120e+04    1.12383e+02
      Potential    Kinetic En.   Total Energy    Temperature Pres. DC (bar)
   -2.37704e+04    4.42431e+03   -1.93461e+04    2.96943e+02   -6.93280e+01
 Pressure (bar)       dEkin/dl      dVcoul/dl       dVvdw/dl    dVbonded/dl
   -2.58956e+02    0.00000e+00    0.00000e+00    1.73262e+01    0.00000e+00
 dVrestraint/dl   Constr. rmsd
    0.00000e+00    9.35337e-07

           Step           Time
          27000       54.00000

   Energies (kJ/mol)
          Angle        LJ (SR)  Disper. corr.   Coulomb (SR)   Coul. recip.
    7.04664e+00    3.64932e+03   -7.75347e+01   -2.75469e+04    1.24289e+02
      Potential    Kinetic En.   Total Energy    Temperature Pres. DC (bar)
   -2.38438e+04    4.48348e+03   -1.93603e+04    3.00914e+02   -7.09252e+01
 Pressure (bar)       dEkin/dl      dVcoul/dl       dVvdw/dl    dVbonded/dl
   -3.21187e+01    0.00000e+00    0.00000e+00    1.75058e+01    0.00000e+00
 dVrestraint/dl   Constr. rmsd
    0.00000e+00    2.58560e-06

           Step           Time
          27500       55.00000

   Energies (kJ/mol)
          Angle        LJ (SR)  Disper. corr.   Coulomb (SR)   Coul. recip.
    1.00015e+01    4.02550e+03   -7.86819e+01   -2.80185e+04    1.16735e+02
      Potential    Kinetic En.   Total Energy    Temperature Pres. DC (bar)
   -2.39449e+04    4.47765e+03   -1.94673e+04    3.00523e+02   -7.30396e+01
 Pressure (bar)       dEkin/dl      dVcoul/dl       dVvdw/dl    dVbonded/dl
    1.24285e+03    0.00000e+00    0.00000e+00    1.25409e+01    0.00000e+00
 dVrestraint/dl   Constr. rmsd
    0.00000e+00    1.13796e-06

           Step           Time
          28000       56.00000

   Energies (kJ/mol)
          Angle        LJ (SR)  Disper. corr.   Coulomb (SR)   Coul. recip.
    9.76364e+00    3.50011e+03   -7.68188e+01   -2.75423e+04    1.12177e+02
      Potential    Kinetic En.   Total Energy    Temperature Pres. DC (bar)
   -2.39971e+04    4.51387e+03   -1.94832e+04    3.02954e+02   -6.96215e+01
 Pressure (bar)       dEkin/dl      dVcoul/dl       dVvdw/dl    dVbonded/dl
   -8.29987e+02    0.00000e+00    0.00000e+00   -7.34687e-04    0.00000e+00
 dVrestraint/dl   Constr. rmsd
    0.00000e+00    7.70262e-07

           Step           Time
          28500       57.00000

   Energies (kJ/mol)
          Angle        LJ (SR)  Disper. corr.   Coulomb (SR)   Coul. recip.
    4.75884e+00    3.68798e+03   -7.76092e+01   -2.77988e+04    1.10534e+02
      Potential    Kinetic En.   Total Energy    Temperature Pres. DC (bar)
   -2.40731e+04    4.55561e+03   -1.95175e+04    3.05756e+02   -7.10616e+01
 Pressure (bar)       dEkin/dl      dVcoul/dl       dVvdw/dl    dVbonded/dl
   -1.55477e+02    0.00000e+00    0.00000e+00    7.03477e+00    0.00000e+00
 dVrestraint/dl   Constr. rmsd
    0.00000e+00    1.48175e-06

           Step           Time
          29000       58.00000

   Energies (kJ/mol)
          Angle        LJ (SR)  Disper. corr.   Coulomb (SR)   Coul. recip.
    7.18183e+00    4.18339e+03   -7.81100e+01   -2.84630e+04    1.14011e+02
      Potential    Kinetic En.   Total Energy    Temperature Pres. DC (bar)
   -2.42365e+04    4.50559e+03   -1.97309e+04    3.02398e+02   -7.19817e+01
 Pressure (bar)       dEkin/dl      dVcoul/dl       dVvdw/dl    dVbonded/dl
    1.23808e+03    0.00000e+00    0.00000e+00    7.47879e+00    0.00000e+00
 dVrestraint/dl   Constr. rmsd
    0.00000e+00    4.70735e-06

           Step           Time
          29500       59.00000

   Energies (kJ/mol)
          Angle        LJ (SR)  Disper. corr.   Coulomb (SR)   Coul. recip.
    6.95291e+00    3.73327e+03   -7.79895e+01   -2.76719e+04    1.16043e+02
      Potential    Kinetic En.   Total Energy    Temperature Pres. DC (bar)
   -2.38936e+04    4.39983e+03   -1.94938e+04    2.95300e+02   -7.17597e+01
 Pressure (bar)       dEkin/dl      dVcoul/dl       dVvdw/dl    dVbonded/dl
    2.58796e+02    0.00000e+00    0.00000e+00    1.64999e+00    0.00000e+00
 dVrestraint/dl   Constr. rmsd
    0.00000e+00    4.30847e-07

           Step           Time
          30000       60.00000

   Energies (kJ/mol)
          Angle        LJ (SR)  Disper. corr.   Coulomb (SR)   Coul. recip.
    8.07439e+00    3.65209e+03   -7.59012e+01   -2.74622e+04    1.22835e+02
      Potential    Kinetic En.   Total Energy    Temperature Pres. DC (bar)
   -2.37551e+04    4.50712e+03   -1.92480e+04    3.02501e+02   -6.79682e+01
 Pressure (bar)       dEkin/dl      dVcoul/dl       dVvdw/dl    dVbonded/dl
   -2.56073e+02    0.00000e+00    0.00000e+00    9.47354e+00    0.00000e+00
 dVrestraint/dl   Constr. rmsd
    0.00000e+00    2.42994e-06

           Step           Time
          30500       61.00000

   Energies (kJ/mol)
          Angle        LJ (SR)  Disper. corr.   Coulomb (SR)   Coul. recip.
    8.32126e+00    3.43942e+03   -7.65576e+01   -2.73843e+04    1.09402e+02
      Potential    Kinetic En.   Total Energy    Temperature Pres. DC (bar)
   -2.39037e+04    4.55515e+03   -1.93486e+04    3.05724e+02   -6.91488e+01
 Pressure (bar)       dEkin/dl      dVcoul/dl       dVvdw/dl    dVbonded/dl
   -9.08395e+02    0.00000e+00    0.00000e+00   -8.28381e+00    0.00000e+00
 dVrestraint/dl   Constr. rmsd
    0.00000e+00    2.15424e-06

           Step           Time
          31000       62.00000

   Energies (kJ/mol)
          Angle        LJ (SR)  Disper. corr.   Coulomb (SR)   Coul. recip.
    8.12538e+00    3.61982e+03   -7.61022e+01   -2.73752e+04    1.10142e+02
      Potential    Kinetic En.   Total Energy    Temperature Pres. DC (bar)
   -2.37132e+04    4.57111e+03   -1.91421e+04    3.06796e+02   -6.83287e+01
 Pressure (bar)       dEkin/dl      dVcoul/dl       dVvdw/dl    dVbonded/dl
   -1.07754e+02    0.00000e+00    0.00000e+00    6.21644e+00    0.00000e+00
 dVrestraint/dl   Constr. rmsd
    0.00000e+00    3.81865e-06

           Step           Time
          31500       63.00000

   Energies (kJ/mol)
          Angle        LJ (SR)  Disper. corr.   Coulomb (SR)   Coul. recip.
    4.26275e+00    3.60756e+03   -7.59598e+01   -2.74211e+04    1.18622e+02
      Potential    Kinetic En.   Total Energy    Temperature Pres. DC (bar)
   -2.37666e+04    4.50746e+03   -1.92592e+04    3.02524e+02   -6.80732e+01
 Pressure (bar)       dEkin/dl      dVcoul/dl       dVvdw/dl    dVbonded/dl
   -4.29097e+02    0.00000e+00    0.00000e+00    7.35548e+00    0.00000e+00
 dVrestraint/dl   Constr. rmsd
    0.00000e+00    6.45411e-07

           Step           Time
          32000       64.00000

   Energies (kJ/mol)
          Angle        LJ (SR)  Disper. corr.   Coulomb (SR)   Coul. recip.
    3.59888e+00    3.84489e+03   -7.73393e+01   -2.77243e+04    1.09728e+02
      Potential    Kinetic En.   Total Energy    Temperature Pres. DC (bar)
   -2.38434e+04    4.46712e+03   -1.93763e+04    2.99816e+02   -7.05682e+01
 Pressure (bar)       dEkin/dl      dVcoul/dl       dVvdw/dl    dVbonded/dl
    5.34147e+02    0.00000e+00    0.00000e+00   -3.07181e+01    0.00000e+00
 dVrestraint/dl   Constr. rmsd
    0.00000e+00    1.73290e-06

           Step           Time
          32500       65.00000

   Energies (kJ/mol)
          Angle        LJ (SR)  Disper. corr.   Coulomb (SR)   Coul. recip.
    5.68762e+00    3.81627e+03   -7.80624e+01   -2.75046e+04    1.18196e+02
      Potential    Kinetic En.   Total Energy    Temperature Pres. DC (bar)
   -2.36425e+04    4.44462e+03   -1.91979e+04    2.98306e+02   -7.18939e+01
 Pressure (bar)       dEkin/dl      dVcoul/dl       dVvdw/dl    dVbonded/dl
    9.37970e+02    0.00000e+00    0.00000e+00   -3.05676e+00    0.00000e+00
 dVrestraint/dl   Constr. rmsd
    0.00000e+00    1.55430e-06

           Step           Time
          33000       66.00000

   Energies (kJ/mol)
          Angle        LJ (SR)  Disper. corr.   Coulomb (SR)   Coul. recip.
    3.49683e+00    3.55960e+03   -7.80919e+01   -2.74331e+04    1.11443e+02
      Potential    Kinetic En.   Total Energy    Temperature Pres. DC (bar)
   -2.38366e+04    4.42758e+03   -1.94090e+04    2.97163e+02   -7.19483e+01
 Pressure (bar)       dEkin/dl      dVcoul/dl       dVvdw/dl    dVbonded/dl
   -1.61693e+02    0.00000e+00    0.00000e+00    3.87914e+00    0.00000e+00
 dVrestraint/dl   Constr. rmsd
    0.00000e+00    8.70922e-07

           Step           Time
          33500       67.00000

   Energies (kJ/mol)
          Angle        LJ (SR)  Disper. corr.   Coulomb (SR)   Coul. recip.
    1.73805e+00    3.28771e+03   -7.67874e+01   -2.69038e+04    1.14611e+02
      Potential    Kinetic En.   Total Energy    Temperature Pres. DC (bar)
   -2.35765e+04    4.35486e+03   -1.92217e+04    2.92282e+02   -6.95647e+01
 Pressure (bar)       dEkin/dl      dVcoul/dl       dVvdw/dl    dVbonded/dl
   -8.69573e+02    0.00000e+00    0.00000e+00    1.36677e+00    0.00000e+00
 dVrestraint/dl   Constr. rmsd
    0.00000e+00    3.34052e-06

           Step           Time
          34000       68.00000

   Energies (kJ/mol)
          Angle        LJ (SR)  Disper. corr.   Coulomb (SR)   Coul. recip.
    5.04406e+00    3.81894e+03   -7.64740e+01   -2.76101e+04    1.26471e+02
      Potential    Kinetic En.   Total Energy    Temperature Pres. DC (bar)
   -2.37362e+04    4.43876e+03   -1.92974e+04    2.97913e+02   -6.89980e+01
 Pressure (bar)       dEkin/dl      dVcoul/dl       dVvdw/dl    dVbonded/dl
    2.44653e+02    0.00000e+00    0.00000e+00   -2.03521e+01    0.00000e+00
 dVrestraint/dl   Constr. rmsd
    0.00000e+00    3.02005e-06

           Step           Time
          34500       69.00000

   Energies (kJ/mol)
          Angle        LJ (SR)  Disper. corr.   Coulomb (SR)   Coul. recip.
    6.66462e+00    3.63381e+03   -7.76124e+01   -2.76182e+04    1.27816e+02
      Potential    Kinetic En.   Total Energy    Temperature Pres. DC (bar)
   -2.39275e+04    4.33460e+03   -1.95929e+04    2.90922e+02   -7.10675e+01
 Pressure (bar)       dEkin/dl      dVcoul/dl       dVvdw/dl    dVbonded/dl
   -1.51458e+02    0.00000e+00    0.00000e+00   -2.56261e+01    0.00000e+00
 dVrestraint/dl   Constr. rmsd
    0.00000e+00    2.26654e-06

           Step           Time
          35000       70.00000

   Energies (kJ/mol)
          Angle        LJ (SR)  Disper. corr.   Coulomb (SR)   Coul. recip.
    4.54753e+00    3.85777e+03   -7.64965e+01   -2.79884e+04    1.12740e+02
      Potential    Kinetic En.   Total Energy    Temperature Pres. DC (bar)
   -2.40898e+04    4.35320e+03   -1.97366e+04    2.92171e+02   -6.90386e+01
 Pressure (bar)       dEkin/dl      dVcoul/dl       dVvdw/dl    dVbonded/dl
   -1.38617e+02    0.00000e+00    0.00000e+00    1.49312e+01    0.00000e+00
 dVrestraint/dl   Constr. rmsd
    0.00000e+00    1.53272e-06

           Step           Time
          35500       71.00000

   Energies (kJ/mol)
          Angle        LJ (SR)  Disper. corr.   Coulomb (SR)   Coul. recip.
    2.02458e+00    3.65750e+03   -7.59995e+01   -2.75772e+04    1.09490e+02
      Potential    Kinetic En.   Total Energy    Temperature Pres. DC (bar)
   -2.38841e+04    4.56989e+03   -1.93143e+04    3.06714e+02   -6.81444e+01
 Pressure (bar)       dEkin/dl      dVcoul/dl       dVvdw/dl    dVbonded/dl
   -1.64379e+02    0.00000e+00    0.00000e+00    1.14203e+01    0.00000e+00
 dVrestraint/dl   Constr. rmsd
    0.00000e+00    1.42554e-06

           Step           Time
          36000       72.00000

   Energies (kJ/mol)
          Angle        LJ (SR)  Disper. corr.   Coulomb (SR)   Coul. recip.
    2.39398e+00    3.42554e+03   -7.71750e+01   -2.72941e+04    1.07883e+02
      Potential    Kinetic En.   Total Energy    Temperature Pres. DC (bar)
   -2.38355e+04    4.22567e+03   -1.96098e+04    2.83611e+02   -7.02688e+01
 Pressure (bar)       dEkin/dl      dVcoul/dl       dVvdw/dl    dVbonded/dl
   -7.41498e+02    0.00000e+00    0.00000e+00    1.33367e+01    0.00000e+00
 dVrestraint/dl   Constr. rmsd
    0.00000e+00    1.32813e-06

           Step           Time
          36500       73.00000

   Energies (kJ/mol)
          Angle        LJ (SR)  Disper. corr.   Coulomb (SR)   Coul. recip.
    8.69433e+00    3.62738e+03   -8.00080e+01   -2.77522e+04    1.06384e+02
      Potential    Kinetic En.   Total Energy    Temperature Pres. DC (bar)
   -2.40897e+04    4.53667e+03   -1.95531e+04    3.04484e+02   -7.55223e+01
 Pressure (bar)       dEkin/dl      dVcoul/dl       dVvdw/dl    dVbonded/dl
    2.13260e+02    0.00000e+00    0.00000e+00   -1.09105e+00    0.00000e+00
 dVrestraint/dl   Constr. rmsd
    0.00000e+00    2.99035e-06

           Step           Time
          37000       74.00000

   Energies (kJ/mol)
          Angle        LJ (SR)  Disper. corr.   Coulomb (SR)   Coul. recip.
    4.65629e+00    3.87812e+03   -7.67166e+01   -2.78606e+04    1.06265e+02
      Potential    Kinetic En.   Total Energy    Temperature Pres. DC (bar)
   -2.39483e+04    4.47883e+03   -1.94695e+04    3.00602e+02   -6.94364e+01
 Pressure (bar)       dEkin/dl      dVcoul/dl       dVvdw/dl    dVbonded/dl
    4.15379e+02    0.00000e+00    0.00000e+00   -8.99192e+00    0.00000e+00
 dVrestraint/dl   Constr. rmsd
    0.00000e+00    2.01711e-06

           Step           Time
          37500       75.00000

   Energies (kJ/mol)
          Angle        LJ (SR)  Disper. corr.   Coulomb (SR)   Coul. recip.
    6.00871e+00    3.87314e+03   -7.72264e+01   -2.80820e+04    1.04823e+02
      Potential    Kinetic En.   Total Energy    Temperature Pres. DC (bar)
   -2.41753e+04    4.58139e+03   -1.95939e+04    3.07486e+02   -7.03624e+01
 Pressure (bar)       dEkin/dl      dVcoul/dl       dVvdw/dl    dVbonded/dl
    2.11444e+02    0.00000e+00    0.00000e+00   -1.74508e+01    0.00000e+00
 dVrestraint/dl   Constr. rmsd
    0.00000e+00    3.75604e-06

           Step           Time
          38000       76.00000

   Energies (kJ/mol)
          Angle        LJ (SR)  Disper. corr.   Coulomb (SR)   Coul. recip.
    5.56881e+00    3.52077e+03   -7.72785e+01   -2.76456e+04    1.00749e+02
      Potential    Kinetic En.   Total Energy    Temperature Pres. DC (bar)
   -2.40958e+04    4.43777e+03   -1.96580e+04    2.97846e+02   -7.04573e+01
 Pressure (bar)       dEkin/dl      dVcoul/dl       dVvdw/dl    dVbonded/dl
   -8.42814e+02    0.00000e+00    0.00000e+00   -8.20829e-01    0.00000e+00
 dVrestraint/dl   Constr. rmsd
    0.00000e+00    2.27710e-06

           Step           Time
          38500       77.00000

   Energies (kJ/mol)
          Angle        LJ (SR)  Disper. corr.   Coulomb (SR)   Coul. recip.
    3.71239e+00    3.37130e+03   -7.85479e+01   -2.73514e+04    1.06652e+02
      Potential    Kinetic En.   Total Energy    Temperature Pres. DC (bar)
   -2.39483e+04    4.47452e+03   -1.94737e+04    3.00313e+02   -7.27911e+01
 Pressure (bar)       dEkin/dl      dVcoul/dl       dVvdw/dl    dVbonded/dl
   -6.91438e+02    0.00000e+00    0.00000e+00    9.91287e+00    0.00000e+00
 dVrestraint/dl   Constr. rmsd
    0.00000e+00    2.63511e-06

           Step           Time
          39000       78.00000

   Energies (kJ/mol)
          Angle        LJ (SR)  Disper. corr.   Coulomb (SR)   Coul. recip.
    7.70088e+00    3.55319e+03   -7.81685e+01   -2.73247e+04    1.12516e+02
      Potential    Kinetic En.   Total Energy    Temperature Pres. DC (bar)
   -2.37295e+04    4.30295e+03   -1.94266e+04    2.88798e+02   -7.20895e+01
 Pressure (bar)       dEkin/dl      dVcoul/dl       dVvdw/dl    dVbonded/dl
   -1.36558e+02    0.00000e+00    0.00000e+00    1.20535e+01    0.00000e+00
 dVrestraint/dl   Constr. rmsd
    0.00000e+00    3.16593e-06

           Step           Time
          39500       79.00000

   Energies (kJ/mol)
          Angle        LJ (SR)  Disper. corr.   Coulomb (SR)   Coul. recip.
    1.17265e+01    3.57551e+03   -7.84430e+01   -2.75159e+04    1.01896e+02
      Potential    Kinetic En.   Total Energy    Temperature Pres. DC (bar)
   -2.39052e+04    4.35587e+03   -1.95493e+04    2.92350e+02   -7.25968e+01
 Pressure (bar)       dEkin/dl      dVcoul/dl       dVvdw/dl    dVbonded/dl
   -2.71510e+02    0.00000e+00    0.00000e+00    1.10341e+01    0.00000e+00
 dVrestraint/dl   Constr. rmsd
    0.00000e+00    1.96447e-06

           Step           Time
          40000       80.00000

   Energies (kJ/mol)
          Angle        LJ (SR)  Disper. corr.   Coulomb (SR)   Coul. recip.
    5.87698e+00    3.72740e+03   -7.73338e+01   -2.75818e+04    1.14663e+02
      Potential    Kinetic En.   Total Energy    Temperature Pres. DC (bar)
   -2.38112e+04    4.36934e+03   -1.94418e+04    2.93254e+02   -7.05582e+01
 Pressure (bar)       dEkin/dl      dVcoul/dl       dVvdw/dl    dVbonded/dl
    6.84792e+01    0.00000e+00    0.00000e+00    1.16784e+01    0.00000e+00
 dVrestraint/dl   Constr. rmsd
    0.00000e+00    8.22134e-07

           Step           Time
          40500       81.00000

   Energies (kJ/mol)
          Angle        LJ (SR)  Disper. corr.   Coulomb (SR)   Coul. recip.
    4.79902e+00    3.38886e+03   -7.72088e+01   -2.74879e+04    1.00094e+02
      Potential    Kinetic En.   Total Energy    Temperature Pres. DC (bar)
   -2.40713e+04    4.34306e+03   -1.97283e+04    2.91490e+02   -7.03303e+01
 Pressure (bar)       dEkin/dl      dVcoul/dl       dVvdw/dl    dVbonded/dl
   -1.12017e+03    0.00000e+00    0.00000e+00    1.23243e+01    0.00000e+00
 dVrestraint/dl   Constr. rmsd
    0.00000e+00    2.92913e-06

           Step           Time
          41000       82.00000

   Energies (kJ/mol)
          Angle        LJ (SR)  Disper. corr.   Coulomb (SR)   Coul. recip.
    3.89505e+00    3.51998e+03   -7.67955e+01   -2.72916e+04    1.09507e+02
      Potential    Kinetic En.   Total Energy    Temperature Pres. DC (bar)
   -2.37350e+04    4.33691e+03   -1.93981e+04    2.91077e+02   -6.95793e+01
 Pressure (bar)       dEkin/dl      dVcoul/dl       dVvdw/dl    dVbonded/dl
   -4.38901e+02    0.00000e+00    0.00000e+00    3.51423e+00    0.00000e+00
 dVrestraint/dl   Constr. rmsd
    0.00000e+00    1.46335e-06

           Step           Time
          41500       83.00000

   Energies (kJ/mol)
          Angle        LJ (SR)  Disper. corr.   Coulomb (SR)   Coul. recip.
    6.41928e+00    3.65135e+03   -7.77124e+01   -2.75221e+04    1.14456e+02
      Potential    Kinetic En.   Total Energy    Temperature Pres. DC (bar)
   -2.38276e+04    4.36231e+03   -1.94653e+04    2.92782e+02   -7.12508e+01
 Pressure (bar)       dEkin/dl      dVcoul/dl       dVvdw/dl    dVbonded/dl
   -7.15491e+01    0.00000e+00    0.00000e+00   -1.58311e+01    0.00000e+00
 dVrestraint/dl   Constr. rmsd
    0.00000e+00    8.98529e-07

           Step           Time
          42000       84.00000

   Energies (kJ/mol)
          Angle        LJ (SR)  Disper. corr.   Coulomb (SR)   Coul. recip.
    1.97374e+00    3.71705e+03   -7.97781e+01   -2.77371e+04    1.03747e+02
      Potential    Kinetic En.   Total Energy    Temperature Pres. DC (bar)
   -2.39941e+04    4.45150e+03   -1.95426e+04    2.98768e+02   -7.50891e+01
 Pressure (bar)       dEkin/dl      dVcoul/dl       dVvdw/dl    dVbonded/dl
    5.24309e+02    0.00000e+00    0.00000e+00    7.35347e+00    0.00000e+00
 dVrestraint/dl   Constr. rmsd
    0.00000e+00    2.29246e-06

           Step           Time
          42500       85.00000

   Energies (kJ/mol)
          Angle        LJ (SR)  Disper. corr.   Coulomb (SR)   Coul. recip.
    1.26292e+01    3.53881e+03   -7.89430e+01   -2.76571e+04    1.32950e+02
      Potential    Kinetic En.   Total Energy    Temperature Pres. DC (bar)
   -2.40517e+04    4.52665e+03   -1.95250e+04    3.03812e+02   -7.35252e+01
 Pressure (bar)       dEkin/dl      dVcoul/dl       dVvdw/dl    dVbonded/dl
   -3.75970e+02    0.00000e+00    0.00000e+00    1.28014e+01    0.00000e+00
 dVrestraint/dl   Constr. rmsd
    0.00000e+00    1.21753e-06

           Step           Time
          43000       86.00000

   Energies (kJ/mol)
          Angle        LJ (SR)  Disper. corr.   Coulomb (SR)   Coul. recip.
    9.08294e+00    3.62928e+03   -7.75501e+01   -2.74300e+04    1.04712e+02
      Potential    Kinetic En.   Total Energy    Temperature Pres. DC (bar)
   -2.37645e+04    4.37079e+03   -1.93937e+04    2.93351e+02   -7.09535e+01
 Pressure (bar)       dEkin/dl      dVcoul/dl       dVvdw/dl    dVbonded/dl
   -2.84951e+01    0.00000e+00    0.00000e+00    9.93568e+00    0.00000e+00
 dVrestraint/dl   Constr. rmsd
    0.00000e+00    1.01547e-06

           Step           Time
          43500       87.00000

   Energies (kJ/mol)
          Angle        LJ (SR)  Disper. corr.   Coulomb (SR)   Coul. recip.
    2.29066e+00    3.71126e+03   -7.70601e+01   -2.75036e+04    1.03368e+02
      Potential    Kinetic En.   Total Energy    Temperature Pres. DC (bar)
   -2.37637e+04    4.49373e+03   -1.92700e+04    3.01603e+02   -7.00597e+01
 Pressure (bar)       dEkin/dl      dVcoul/dl       dVvdw/dl    dVbonded/dl
    2.96177e+02    0.00000e+00    0.00000e+00    5.78353e+00    0.00000e+00
 dVrestraint/dl   Constr. rmsd
    0.00000e+00    3.37083e-06

           Step           Time
          44000       88.00000

   Energies (kJ/mol)
          Angle        LJ (SR)  Disper. corr.   Coulomb (SR)   Coul. recip.
    3.76566e+00    3.74814e+03   -7.91805e+01   -2.76801e+04    1.04874e+02
      Potential    Kinetic En.   Total Energy    Temperature Pres. DC (bar)
   -2.39025e+04    4.46805e+03   -1.94344e+04    2.99879e+02   -7.39682e+01
 Pressure (bar)       dEkin/dl      dVcoul/dl       dVvdw/dl    dVbonded/dl
    6.86216e+02    0.00000e+00    0.00000e+00    1.27270e+01    0.00000e+00
 dVrestraint/dl   Constr. rmsd
    0.00000e+00    3.61211e-06

           Step           Time
          44500       89.00000

   Energies (kJ/mol)
          Angle        LJ (SR)  Disper. corr.   Coulomb (SR)   Coul. recip.
    5.95771e+00    3.63160e+03   -7.91826e+01   -2.77229e+04    1.18647e+02
      Potential    Kinetic En.   Total Energy    Temperature Pres. DC (bar)
   -2.40459e+04    4.54956e+03   -1.94963e+04    3.05350e+02   -7.39723e+01
 Pressure (bar)       dEkin/dl      dVcoul/dl       dVvdw/dl    dVbonded/dl
    1.33783e+02    0.00000e+00    0.00000e+00    1.91420e+00    0.00000e+00
 dVrestraint/dl   Constr. rmsd
    0.00000e+00    1.63533e-06

           Step           Time
          45000       90.00000

   Energies (kJ/mol)
          Angle        LJ (SR)  Disper. corr.   Coulomb (SR)   Coul. recip.
    2.51000e+00    3.68724e+03   -7.89314e+01   -2.76372e+04    1.04584e+02
      Potential    Kinetic En.   Total Energy    Temperature Pres. DC (bar)
   -2.39218e+04    4.62680e+03   -1.92950e+04    3.10533e+02   -7.35036e+01
 Pressure (bar)       dEkin/dl      dVcoul/dl       dVvdw/dl    dVbonded/dl
    4.03192e+02    0.00000e+00    0.00000e+00    1.37608e+01    0.00000e+00
 dVrestraint/dl   Constr. rmsd
    0.00000e+00    2.77242e-06

           Step           Time
          45500       91.00000

   Energies (kJ/mol)
          Angle        LJ (SR)  Disper. corr.   Coulomb (SR)   Coul. recip.
    4.85934e+00    3.71095e+03   -7.83517e+01   -2.75600e+04    1.24957e+02
      Potential    Kinetic En.   Total Energy    Temperature Pres. DC (bar)
   -2.37976e+04    4.49664e+03   -1.93010e+04    3.01798e+02   -7.24279e+01
 Pressure (bar)       dEkin/dl      dVcoul/dl       dVvdw/dl    dVbonded/dl
    3.85608e+02    0.00000e+00    0.00000e+00    1.52216e+01    0.00000e+00
 dVrestraint/dl   Constr. rmsd
    0.00000e+00    1.58093e-06

           Step           Time
          46000       92.00000

   Energies (kJ/mol)
          Angle        LJ (SR)  Disper. corr.   Coulomb (SR)   Coul. recip.
    2.25100e+00    3.50537e+03   -7.68003e+01   -2.74633e+04    1.13629e+02
      Potential    Kinetic En.   Total Energy    Temperature Pres. DC (bar)
   -2.39189e+04    4.53366e+03   -1.93852e+04    3.04282e+02   -6.95880e+01
 Pressure (bar)       dEkin/dl      dVcoul/dl       dVvdw/dl    dVbonded/dl
   -6.28624e+02    0.00000e+00    0.00000e+00   -3.85584e+00    0.00000e+00
 dVrestraint/dl   Constr. rmsd
    0.00000e+00    7.63893e-07

           Step           Time
          46500       93.00000

   Energies (kJ/mol)
          Angle        LJ (SR)  Disper. corr.   Coulomb (SR)   Coul. recip.
    2.99892e+00    3.59968e+03   -7.83341e+01   -2.73328e+04    9.56713e+01
      Potential    Kinetic En.   Total Energy    Temperature Pres. DC (bar)
   -2.37128e+04    4.29123e+03   -1.94215e+04    2.88012e+02   -7.23953e+01
 Pressure (bar)       dEkin/dl      dVcoul/dl       dVvdw/dl    dVbonded/dl
    2.56099e+02    0.00000e+00    0.00000e+00   -3.74976e+01    0.00000e+00
 dVrestraint/dl   Constr. rmsd
    0.00000e+00    3.12527e-06

           Step           Time
          47000       94.00000

   Energies (kJ/mol)
          Angle        LJ (SR)  Disper. corr.   Coulomb (SR)   Coul. recip.
    7.58872e+00    3.68224e+03   -7.82295e+01   -2.74798e+04    1.30233e+02
      Potential    Kinetic En.   Total Energy    Temperature Pres. DC (bar)
   -2.37380e+04    4.41605e+03   -1.93220e+04    2.96389e+02   -7.22022e+01
 Pressure (bar)       dEkin/dl      dVcoul/dl       dVvdw/dl    dVbonded/dl
    3.06921e+02    0.00000e+00    0.00000e+00    1.22194e+01    0.00000e+00
 dVrestraint/dl   Constr. rmsd
    0.00000e+00    8.38712e-07

           Step           Time
          47500       95.00000

   Energies (kJ/mol)
          Angle        LJ (SR)  Disper. corr.   Coulomb (SR)   Coul. recip.
    1.65263e+01    3.60094e+03   -7.58535e+01   -2.75088e+04    1.07847e+02
      Potential    Kinetic En.   Total Energy    Temperature Pres. DC (bar)
   -2.38593e+04    4.60268e+03   -1.92566e+04    3.08915e+02   -6.78828e+01
 Pressure (bar)       dEkin/dl      dVcoul/dl       dVvdw/dl    dVbonded/dl
   -5.44201e+02    0.00000e+00    0.00000e+00   -4.91690e+00    0.00000e+00
 dVrestraint/dl   Constr. rmsd
    0.00000e+00    2.42592e-06

           Step           Time
          48000       96.00000

   Energies (kJ/mol)
          Angle        LJ (SR)  Disper. corr.   Coulomb (SR)   Coul. recip.
    1.03082e+01    3.57970e+03   -7.78969e+01   -2.75840e+04    1.16957e+02
      Potential    Kinetic En.   Total Energy    Temperature Pres. DC (bar)
   -2.39550e+04    4.49060e+03   -1.94644e+04    3.01392e+02   -7.15895e+01
 Pressure (bar)       dEkin/dl      dVcoul/dl       dVvdw/dl    dVbonded/dl
   -2.35612e+02    0.00000e+00    0.00000e+00   -8.80029e+00    0.00000e+00
 dVrestraint/dl   Constr. rmsd
    0.00000e+00    2.64167e-06

           Step           Time
          48500       97.00000

   Energies (kJ/mol)
          Angle        LJ (SR)  Disper. corr.   Coulomb (SR)   Coul. recip.
    2.58218e+00    3.70330e+03   -7.69956e+01   -2.75857e+04    1.13842e+02
      Potential    Kinetic En.   Total Energy    Temperature Pres. DC (bar)
   -2.38430e+04    4.50654e+03   -1.93365e+04    3.02462e+02   -6.99425e+01
 Pressure (bar)       dEkin/dl      dVcoul/dl       dVvdw/dl    dVbonded/dl
    4.98723e+01    0.00000e+00    0.00000e+00    1.36349e+01    0.00000e+00
 dVrestraint/dl   Constr. rmsd
    0.00000e+00    1.90921e-06

           Step           Time
          49000       98.00000

   Energies (kJ/mol)
          Angle        LJ (SR)  Disper. corr.   Coulomb (SR)   Coul. recip.
    5.93302e+00    3.60274e+03   -7.68475e+01   -2.74749e+04    1.20745e+02
      Potential    Kinetic En.   Total Energy    Temperature Pres. DC (bar)
   -2.38223e+04    4.53758e+03   -1.92848e+04    3.04545e+02   -6.96736e+01
 Pressure (bar)       dEkin/dl      dVcoul/dl       dVvdw/dl    dVbonded/dl
   -4.36360e+02    0.00000e+00    0.00000e+00   -1.64623e+01    0.00000e+00
 dVrestraint/dl   Constr. rmsd
    0.00000e+00    1.56937e-06

           Step           Time
          49500       99.00000

   Energies (kJ/mol)
          Angle        LJ (SR)  Disper. corr.   Coulomb (SR)   Coul. recip.
    1.49007e+01    3.60202e+03   -7.81714e+01   -2.71967e+04    9.88061e+01
      Potential    Kinetic En.   Total Energy    Temperature Pres. DC (bar)
   -2.35592e+04    4.50020e+03   -1.90590e+04    3.02036e+02   -7.20949e+01
 Pressure (bar)       dEkin/dl      dVcoul/dl       dVvdw/dl    dVbonded/dl
    3.15583e+02    0.00000e+00    0.00000e+00   -1.93523e+01    0.00000e+00
 dVrestraint/dl   Constr. rmsd
    0.00000e+00    1.41929e-06

           Step           Time
          50000      100.00000

Writing checkpoint, step 50000 at Fri Jan  5 18:44:57 2024


   Energies (kJ/mol)
          Angle        LJ (SR)  Disper. corr.   Coulomb (SR)   Coul. recip.
    3.22577e+00    3.72764e+03   -7.64868e+01   -2.75774e+04    1.25993e+02
      Potential    Kinetic En.   Total Energy    Temperature Pres. DC (bar)
   -2.37970e+04    4.42487e+03   -1.93721e+04    2.96981e+02   -6.90212e+01
 Pressure (bar)       dEkin/dl      dVcoul/dl       dVvdw/dl    dVbonded/dl
    3.35463e+01    0.00000e+00    0.00000e+00    8.30032e+00    0.00000e+00
 dVrestraint/dl   Constr. rmsd
    0.00000e+00    8.47665e-07


	<======  ###############  ==>
	<====  A V E R A G E S  ====>
	<==  ###############  ======>

	Statistics over 50001 steps using 5001 frames

   Energies (kJ/mol)
          Angle        LJ (SR)  Disper. corr.   Coulomb (SR)   Coul. recip.
    6.89224e+00    3.66380e+03   -7.75365e+01   -2.75748e+04    1.11734e+02
      Potential    Kinetic En.   Total Energy    Temperature Pres. DC (bar)
   -2.38699e+04    4.45317e+03   -1.94167e+04    2.98880e+02   -7.09422e+01
 Pressure (bar)       dEkin/dl      dVcoul/dl       dVvdw/dl    dVbonded/dl
    9.44008e+00    0.00000e+00    0.00000e+00   -3.17256e-01    0.00000e+00
 dVrestraint/dl   Constr. rmsd
    0.00000e+00    0.00000e+00

          Box-X          Box-Y          Box-Z
    2.95007e+00    2.95007e+00    2.08602e+00

   Total Virial (kJ/mol)
    1.47723e+03    6.57650e+00    1.69182e+00
    6.55309e+00    1.47356e+03   -1.92794e+00
    1.68286e+00   -1.92164e+00    1.49355e+03

   Pressure (bar)
    1.82153e+01   -1.21140e+01   -1.92429e+00
   -1.20711e+01    2.79974e+01    7.67119e+00
   -1.90783e+00    7.65973e+00   -1.78925e+01


	M E G A - F L O P S   A C C O U N T I N G

 NB=Group-cutoff nonbonded kernels    NxN=N-by-N cluster Verlet kernels
 RF=Reaction-Field  VdW=Van der Waals  QSTab=quadratic-spline table
 W3=SPC/TIP3p  W4=TIP4p (single or pairs)
 V&F=Potential and force  V=Potential only  F=Force only

 Computing:                               M-Number         M-Flops  % Flops
-----------------------------------------------------------------------------
 NB Free energy kernel               105020.543568      105020.544     2.0
 Pair Search distance check             336.437214        3027.935     0.1
 NxN Ewald Elec. + LJ [F]             26497.136880     2464233.730    47.9
 NxN Ewald Elec. + LJ [V&F]            2944.701944      373977.147     7.3
 NxN Ewald Elec. [F]                  25988.242320     1585282.782    30.8
 NxN Ewald Elec. [V&F]                 2888.149832      242604.586     4.7
 Calc Weights                           268.955379        9682.394     0.2
 Spread Q Bspline                     19364.787288       38729.575     0.8
 Gather F Bspline                     19364.787288      116188.724     2.3
 3D-FFT                               21768.435360      174147.483     3.4
 Solve PME                               31.250625        2000.040     0.0
 Reset In Box                             0.896500           2.689     0.0
 CG-CoM                                   0.898293           2.695     0.0
 Angles                                   0.300006          50.401     0.0
 Virial                                  11.029838         198.537     0.0
 Update                                  89.651793        2779.206     0.1
 Stop-CM                                  0.898293           8.983     0.0
 Calc-Ekin                               35.863586         968.317     0.0
 Lincs                                    0.400008          24.000     0.0
 Lincs-Mat                               16.800336          67.201     0.0
 Constraint-V                           179.603592        1616.432     0.0
 Constraint-Vir                          10.753792         258.091     0.0
 Settle                                  59.601192       22052.441     0.4
-----------------------------------------------------------------------------
 Total                                                 5142923.931   100.0
-----------------------------------------------------------------------------


    D O M A I N   D E C O M P O S I T I O N   S T A T I S T I C S

 av. #atoms communicated per step for force:  2 x 0.0
 av. #atoms communicated per step for LINCS:  2 x 0.0


      R E A L   C Y C L E   A N D   T I M E   A C C O U N T I N G

On 1 MPI rank, each using 8 OpenMP threads

 Activity:              Num   Num      Call    Wall time         Giga-Cycles
                        Ranks Threads  Count      (s)         total sum    %
--------------------------------------------------------------------------------
 Domain decomp.            1    8        500       0.230          0.044   0.2
 Neighbor search           1    8        501       0.550          0.106   0.6
 Force                     1    8      50001      45.064          8.652  45.7
 PME mesh                  1    8      50001      31.822          6.110  32.3
 NB X/F buffer ops.        1    8      99501       5.980          1.148   6.1
 Write traj.               1    8        101       0.045          0.009   0.0
 Update                    1    8     100002       6.087          1.169   6.2
 Constraints               1    8     100002       7.110          1.365   7.2
 Rest                                              1.644          0.316   1.7
--------------------------------------------------------------------------------
 Total                                            98.532         18.918 100.0
--------------------------------------------------------------------------------
 Breakdown of PME mesh activities
--------------------------------------------------------------------------------
 PME spread                1    8      50001      10.620          2.039  10.8
 PME gather                1    8      50001      10.648          2.044  10.8
 PME 3D-FFT                1    8     100002      10.117          1.942  10.3
 PME solve Elec            1    8      50001       0.112          0.022   0.1
--------------------------------------------------------------------------------

               Core t (s)   Wall t (s)        (%)
       Time:      788.252       98.532      800.0
                 (ns/day)    (hour/ns)
Performance:       87.689        0.274
Finished mdrun on rank 0 Fri Jan  5 18:44:57 2024

