                      :-) GROMACS - gmx mdrun, 2023.2 (-:

Copyright 1991-2023 The GROMACS Authors.
GROMACS is free software; you can redistribute it and/or modify it
under the terms of the GNU Lesser General Public License
as published by the Free Software Foundation; either version 2.1
of the License, or (at your option) any later version.

                         Current GROMACS contributors:
       Mark Abraham           Andrey Alekseenko           Cathrine Bergh      
      Christian Blau            Eliane Briand             Mahesh Doijade      
    Stefan Fleischmann           Vytas Gapsys              Gaurav Garg        
      Sergey Gorelov         Gilles Gouaillardet            Alan Gray         
     M. Eric Irrgang         Farzaneh Jalalypour            Joe Jordan        
    Christoph Junghans        Prashanth Kanduri          Sebastian Keller     
     Carsten Kutzner           Justin A. Lemkul          Magnus Lundborg      
       Pascal Merz              Vedran Miletic            Dmitry Morozov      
       Szilard Pall             Roland Schulz             Michael Shirts      
     Alexey Shvetsov            Balint Soproni         David van der Spoel    
      Philip Turner             Carsten Uphoff           Alessandra Villa     
 Sebastian Wingbermuehle        Artem Zhmurov       

                         Previous GROMACS contributors:
        Emile Apol             Rossen Apostolov           James Barnett       
  Herman J.C. Berendsen          Par Bjelkmar           Viacheslav Bolnykh    
        Kevin Boyd            Aldert van Buuren          Carlo Camilloni      
     Rudi van Drunen            Anton Feenstra           Oliver Fleetwood     
     Gerrit Groenhof            Bert de Groot             Anca Hamuraru       
    Vincent Hindriksen          Victor Holanda           Aleksei Iupinov      
   Dimitrios Karkoulis           Peter Kasson             Sebastian Kehl      
        Jiri Kraus               Per Larsson              Viveca Lindahl      
      Erik Marklund           Pieter Meulenhoff           Teemu Murtola       
       Sander Pronk             Alfons Sijbers            Peter Tieleman      
       Jon Vincent             Teemu Virolainen         Christian Wennberg    
       Maarten Wolf       

                  Coordinated by the GROMACS project leaders:
                    Paul Bauer, Berk Hess, and Erik Lindahl

GROMACS:      gmx mdrun, version 2023.2
Executable:   /usr/local/gromacs/bin/gmx
Data prefix:  /usr/local/gromacs
Working dir:  /Users/samhoover/molecular-dynamics/tutorials/protein-ligand-complex
Process ID:   44268
Command line:
  gmx mdrun -v -deffnm npt

GROMACS version:    2023.2
Precision:          mixed
Memory model:       64 bit
MPI library:        thread_mpi
OpenMP support:     enabled (GMX_OPENMP_MAX_THREADS = 128)
GPU support:        disabled
SIMD instructions:  ARM_NEON_ASIMD
CPU FFT library:    fftw-3.3.8
GPU FFT library:    none
Multi-GPU FFT:      none
TNG support:        enabled
Hwloc support:      disabled
Tracing support:    disabled
C compiler:         /Library/Developer/CommandLineTools/usr/bin/cc AppleClang 15.0.0.15000040
C compiler flags:   -Wno-missing-field-initializers -fno-stack-check -fno-stack-check -O3 -DNDEBUG
C++ compiler:       /Library/Developer/CommandLineTools/usr/bin/c++ AppleClang 15.0.0.15000040
C++ compiler flags: -Wno-reserved-identifier -Wno-missing-field-initializers -fno-stack-check -fno-stack-check -Weverything -Wno-c++98-compat -Wno-c++98-compat-pedantic -Wno-source-uses-openmp -Wno-c++17-extensions -Wno-documentation-unknown-command -Wno-covered-switch-default -Wno-switch-enum -Wno-extra-semi-stmt -Wno-weak-vtables -Wno-shadow -Wno-padded -Wno-reserved-id-macro -Wno-double-promotion -Wno-exit-time-destructors -Wno-global-constructors -Wno-documentation -Wno-format-nonliteral -Wno-used-but-marked-unused -Wno-float-equal -Wno-conditional-uninitialized -Wno-conversion -Wno-disabled-macro-expansion -Wno-unused-macros -Wno-unsafe-buffer-usage -Xclang -fopenmp -O3 -DNDEBUG
BLAS library:       External - detected on the system
LAPACK library:     External - detected on the system


Running on 1 node with total 0 processing units
Hardware detected on host sh-mbp.lan:
  CPU info:
    Vendor: ARM
    Brand:  Unknown CPU brand
    Family: 0   Model: 0   Stepping: 0
    Features: neon neon_asimd
  Hardware topology: Only logical processor count
    CPU limit set by OS: -1   Recommended max number of threads: 8


++++ PLEASE READ AND CITE THE FOLLOWING REFERENCE ++++
M. J. Abraham, T. Murtola, R. Schulz, S. Páll, J. C. Smith, B. Hess, E.
Lindahl
GROMACS: High performance molecular simulations through multi-level
parallelism from laptops to supercomputers
SoftwareX 1 (2015) pp. 19-25
-------- -------- --- Thank You --- -------- --------


++++ PLEASE READ AND CITE THE FOLLOWING REFERENCE ++++
S. Páll, M. J. Abraham, C. Kutzner, B. Hess, E. Lindahl
Tackling Exascale Software Challenges in Molecular Dynamics Simulations with
GROMACS
In S. Markidis & E. Laure (Eds.), Solving Software Challenges for Exascale 8759 (2015) pp. 3-27
-------- -------- --- Thank You --- -------- --------


++++ PLEASE READ AND CITE THE FOLLOWING REFERENCE ++++
S. Pronk, S. Páll, R. Schulz, P. Larsson, P. Bjelkmar, R. Apostolov, M. R.
Shirts, J. C. Smith, P. M. Kasson, D. van der Spoel, B. Hess, and E. Lindahl
GROMACS 4.5: a high-throughput and highly parallel open source molecular
simulation toolkit
Bioinformatics 29 (2013) pp. 845-54
-------- -------- --- Thank You --- -------- --------


++++ PLEASE READ AND CITE THE FOLLOWING REFERENCE ++++
B. Hess and C. Kutzner and D. van der Spoel and E. Lindahl
GROMACS 4: Algorithms for highly efficient, load-balanced, and scalable
molecular simulation
J. Chem. Theory Comput. 4 (2008) pp. 435-447
-------- -------- --- Thank You --- -------- --------


++++ PLEASE READ AND CITE THE FOLLOWING REFERENCE ++++
D. van der Spoel, E. Lindahl, B. Hess, G. Groenhof, A. E. Mark and H. J. C.
Berendsen
GROMACS: Fast, Flexible and Free
J. Comp. Chem. 26 (2005) pp. 1701-1719
-------- -------- --- Thank You --- -------- --------


++++ PLEASE READ AND CITE THE FOLLOWING REFERENCE ++++
E. Lindahl and B. Hess and D. van der Spoel
GROMACS 3.0: A package for molecular simulation and trajectory analysis
J. Mol. Mod. 7 (2001) pp. 306-317
-------- -------- --- Thank You --- -------- --------


++++ PLEASE READ AND CITE THE FOLLOWING REFERENCE ++++
H. J. C. Berendsen, D. van der Spoel and R. van Drunen
GROMACS: A message-passing parallel molecular dynamics implementation
Comp. Phys. Comm. 91 (1995) pp. 43-56
-------- -------- --- Thank You --- -------- --------


++++ PLEASE CITE THE DOI FOR THIS VERSION OF GROMACS ++++
https://doi.org/10.5281/zenodo.8134397
-------- -------- --- Thank You --- -------- --------

Input Parameters:
   integrator                     = md
   tinit                          = 0
   dt                             = 0.002
   nsteps                         = 50000
   init-step                      = 0
   simulation-part                = 1
   mts                            = false
   comm-mode                      = Linear
   nstcomm                        = 100
   bd-fric                        = 0
   ld-seed                        = -541204481
   emtol                          = 10
   emstep                         = 0.01
   niter                          = 20
   fcstep                         = 0
   nstcgsteep                     = 1000
   nbfgscorr                      = 10
   rtpi                           = 0.05
   nstxout                        = 0
   nstvout                        = 0
   nstfout                        = 0
   nstlog                         = 500
   nstcalcenergy                  = 100
   nstenergy                      = 500
   nstxout-compressed             = 500
   compressed-x-precision         = 1000
   cutoff-scheme                  = Verlet
   nstlist                        = 20
   pbc                            = xyz
   periodic-molecules             = false
   verlet-buffer-tolerance        = 0.005
   rlist                          = 1.221
   coulombtype                    = PME
   coulomb-modifier               = Potential-shift
   rcoulomb-switch                = 0
   rcoulomb                       = 1.2
   epsilon-r                      = 1
   epsilon-rf                     = inf
   vdw-type                       = Cut-off
   vdw-modifier                   = Force-switch
   rvdw-switch                    = 1
   rvdw                           = 1.2
   DispCorr                       = No
   table-extension                = 1
   fourierspacing                 = 0.16
   fourier-nx                     = 52
   fourier-ny                     = 52
   fourier-nz                     = 52
   pme-order                      = 4
   ewald-rtol                     = 1e-05
   ewald-rtol-lj                  = 0.001
   lj-pme-comb-rule               = Geometric
   ewald-geometry                 = 3d
   epsilon-surface                = 0
   ensemble-temperature-setting   = constant
   ensemble-temperature           = 300
   tcoupl                         = V-rescale
   nsttcouple                     = 10
   nh-chain-length                = 0
   print-nose-hoover-chain-variables = false
   pcoupl                         = Berendsen
   pcoupltype                     = Isotropic
   nstpcouple                     = 100
   tau-p                          = 2
   compressibility (3x3):
      compressibility[    0]={ 4.50000e-05,  0.00000e+00,  0.00000e+00}
      compressibility[    1]={ 0.00000e+00,  4.50000e-05,  0.00000e+00}
      compressibility[    2]={ 0.00000e+00,  0.00000e+00,  4.50000e-05}
   ref-p (3x3):
      ref-p[    0]={ 1.00000e+00,  0.00000e+00,  0.00000e+00}
      ref-p[    1]={ 0.00000e+00,  1.00000e+00,  0.00000e+00}
      ref-p[    2]={ 0.00000e+00,  0.00000e+00,  1.00000e+00}
   refcoord-scaling               = COM
   posres-com (3):
      posres-com[0]= 4.99465e-01
      posres-com[1]= 5.00765e-01
      posres-com[2]= 5.00954e-01
   posres-comB (3):
      posres-comB[0]= 4.99465e-01
      posres-comB[1]= 5.00765e-01
      posres-comB[2]= 5.00954e-01
   QMMM                           = false
qm-opts:
   ngQM                           = 0
   constraint-algorithm           = Lincs
   continuation                   = true
   Shake-SOR                      = false
   shake-tol                      = 0.0001
   lincs-order                    = 4
   lincs-iter                     = 1
   lincs-warnangle                = 30
   nwall                          = 0
   wall-type                      = 9-3
   wall-r-linpot                  = -1
   wall-atomtype[0]               = -1
   wall-atomtype[1]               = -1
   wall-density[0]                = 0
   wall-density[1]                = 0
   wall-ewald-zfac                = 3
   pull                           = false
   awh                            = false
   rotation                       = false
   interactiveMD                  = false
   disre                          = No
   disre-weighting                = Conservative
   disre-mixed                    = false
   dr-fc                          = 1000
   dr-tau                         = 0
   nstdisreout                    = 100
   orire-fc                       = 0
   orire-tau                      = 0
   nstorireout                    = 100
   free-energy                    = no
   cos-acceleration               = 0
   deform (3x3):
      deform[    0]={ 0.00000e+00,  0.00000e+00,  0.00000e+00}
      deform[    1]={ 0.00000e+00,  0.00000e+00,  0.00000e+00}
      deform[    2]={ 0.00000e+00,  0.00000e+00,  0.00000e+00}
   simulated-tempering            = false
   swapcoords                     = no
   userint1                       = 0
   userint2                       = 0
   userint3                       = 0
   userint4                       = 0
   userreal1                      = 0
   userreal2                      = 0
   userreal3                      = 0
   userreal4                      = 0
   applied-forces:
     electric-field:
       x:
         E0                       = 0
         omega                    = 0
         t0                       = 0
         sigma                    = 0
       y:
         E0                       = 0
         omega                    = 0
         t0                       = 0
         sigma                    = 0
       z:
         E0                       = 0
         omega                    = 0
         t0                       = 0
         sigma                    = 0
     density-guided-simulation:
       active                     = false
       group                      = protein
       similarity-measure         = inner-product
       atom-spreading-weight      = unity
       force-constant             = 1e+09
       gaussian-transform-spreading-width = 0.2
       gaussian-transform-spreading-range-in-multiples-of-width = 4
       reference-density-filename = reference.mrc
       nst                        = 1
       normalize-densities        = true
       adaptive-force-scaling     = false
       adaptive-force-scaling-time-constant = 4
       shift-vector               = 
       transformation-matrix      = 
     qmmm-cp2k:
       active                     = false
       qmgroup                    = System
       qmmethod                   = PBE
       qmfilenames                = 
       qmcharge                   = 0
       qmmultiplicity             = 1
grpopts:
   nrdf:     6582.71     61749.3
   ref-t:         300         300
   tau-t:         0.1         0.1
annealing:          No          No
annealing-npoints:           0           0
   acc:	           0           0           0
   nfreeze:           N           N           N
   energygrp-flags[  0]: 0

Changing nstlist from 20 to 80, rlist from 1.221 to 1.318

Update groups can not be used for this system because atoms that are (in)directly constrained together are interdispersed with other atoms

Initializing Domain Decomposition on 1 ranks
Dynamic load balancing: auto
Minimum cell size due to atom displacement: 0.637 nm
Initial maximum distances in bonded interactions:
    two-body bonded interactions: 0.433 nm, LJ-14, atoms 1677 1685
  multi-body bonded interactions: 0.482 nm, CMAP Dih., atoms 449 470
Minimum cell size due to bonded interactions: 0.530 nm
Maximum distance for 5 constraints, at 120 deg. angles, all-trans: 0.222 nm
Estimated maximum distance required for P-LINCS: 0.222 nm
Using 0 separate PME ranks because: there are too few total ranks for efficient splitting
Optimizing the DD grid for 1 cells with a minimum initial size of 0.637 nm
The maximum allowed number of cells is: X 10 Y 10 Z 8
Domain decomposition grid 1 x 1 x 1, separate PME ranks 0
PME domain decomposition: 1 x 1 x 1

The initial number of communication pulses is:
The initial domain decomposition cell size is:

The maximum allowed distance for atoms involved in interactions is:
                 non-bonded interactions           1.318 nm
(the following are initial values, they could change due to box deformation)
            two-body bonded interactions  (-rdd)   1.318 nm
          multi-body bonded interactions  (-rdd)   1.318 nm
  atoms separated by up to 5 constraints  (-rcon)  5.551 nm

When dynamic load balancing gets turned on, these settings will change to:
The maximum number of communication pulses is:
The minimum size for domain decomposition cells is 1.318 nm
The requested allowed shrink of DD cells (option -dds) is: 0.80
The allowed shrink of domain decomposition cells is:
The maximum allowed distance for atoms involved in interactions is:
                 non-bonded interactions           1.318 nm
            two-body bonded interactions  (-rdd)   1.318 nm
          multi-body bonded interactions  (-rdd)   1.318 nm
  atoms separated by up to 5 constraints  (-rcon)  1.318 nm

Using 1 MPI thread
Using 8 OpenMP threads 

System total charge: 0.000
Will do PME sum in reciprocal space for electrostatic interactions.

++++ PLEASE READ AND CITE THE FOLLOWING REFERENCE ++++
U. Essmann, L. Perera, M. L. Berkowitz, T. Darden, H. Lee and L. G. Pedersen 
A smooth particle mesh Ewald method
J. Chem. Phys. 103 (1995) pp. 8577-8592
-------- -------- --- Thank You --- -------- --------

Using a Gaussian width (1/beta) of 0.384195 nm for Ewald
Potential shift: LJ r^-12: -2.648e-01 r^-6: -5.349e-01, Ewald -8.333e-06
Initialized non-bonded Coulomb Ewald tables, spacing: 1.02e-03 size: 1176

Generated table with 1159 data points for 1-4 COUL.
Tabscale = 500 points/nm
Generated table with 1159 data points for 1-4 LJ6.
Tabscale = 500 points/nm
Generated table with 1159 data points for 1-4 LJ12.
Tabscale = 500 points/nm


Using SIMD 4x4 nonbonded short-range kernels

Using a dual 4x4 pair-list setup updated with dynamic pruning:
  outer list: updated every 80 steps, buffer 0.118 nm, rlist 1.318 nm
  inner list: updated every 13 steps, buffer 0.001 nm, rlist 1.201 nm
At tolerance 0.005 kJ/mol/ps per atom, equivalent classical 1x1 list would be:
  outer list: updated every 80 steps, buffer 0.262 nm, rlist 1.462 nm
  inner list: updated every 13 steps, buffer 0.051 nm, rlist 1.251 nm

Linking all bonded interactions to atoms


Initializing Parallel LINear Constraint Solver

++++ PLEASE READ AND CITE THE FOLLOWING REFERENCE ++++
B. Hess
P-LINCS: A Parallel Linear Constraint Solver for molecular simulation
J. Chem. Theory Comput. 4 (2008) pp. 116-122
-------- -------- --- Thank You --- -------- --------

The number of constraints is 1325
There are constraints between atoms in different decomposition domains,
will communicate selected coordinates each lincs iteration

++++ PLEASE READ AND CITE THE FOLLOWING REFERENCE ++++
S. Miyamoto and P. A. Kollman
SETTLE: An Analytical Version of the SHAKE and RATTLE Algorithms for Rigid
Water Models
J. Comp. Chem. 13 (1992) pp. 952-962
-------- -------- --- Thank You --- -------- --------


++++ PLEASE READ AND CITE THE FOLLOWING REFERENCE ++++
G. Bussi, D. Donadio and M. Parrinello
Canonical sampling through velocity rescaling
J. Chem. Phys. 126 (2007) pp. 014101
-------- -------- --- Thank You --- -------- --------

There are: 33509 Atoms

Atom distribution over 1 domains: av 33509 stddev 0 min 33509 max 33509
Center of mass motion removal mode is Linear
We have the following groups for center of mass motion removal:
  0:  rest

Started mdrun on rank 0 Wed Jan 10 12:24:25 2024

           Step           Time
              0        0.00000

   Energies (kJ/mol)
           Bond            U-B    Proper Dih.  Improper Dih.      CMAP Dih.
    2.10741e+03    6.06794e+03    6.52967e+03    3.84541e+02   -2.41633e+02
          LJ-14     Coulomb-14        LJ (SR)   Coulomb (SR)   Coul. recip.
    2.05612e+03    1.78525e+04    3.96231e+04   -5.16248e+05    1.63018e+03
 Position Rest.      Potential    Kinetic En.   Total Energy  Conserved En.
    1.64182e-01   -4.40238e+05    8.53749e+04   -3.54863e+05   -3.54718e+05
    Temperature Pressure (bar)   Constr. rmsd
    3.00540e+02   -4.80019e+02    3.00389e-06

           Step           Time
            500        1.00000

   Energies (kJ/mol)
           Bond            U-B    Proper Dih.  Improper Dih.      CMAP Dih.
    2.17633e+03    5.99662e+03    6.54201e+03    4.04235e+02   -2.04640e+02
          LJ-14     Coulomb-14        LJ (SR)   Coulomb (SR)   Coul. recip.
    2.08761e+03    1.79070e+04    4.01464e+04   -5.18175e+05    1.60932e+03
 Position Rest.      Potential    Kinetic En.   Total Energy  Conserved En.
    5.47592e+02   -4.40963e+05    8.59513e+04   -3.55011e+05   -3.54689e+05
    Temperature Pressure (bar)   Constr. rmsd
    3.02569e+02   -3.45846e+02    3.36987e-06

           Step           Time
           1000        2.00000

   Energies (kJ/mol)
           Bond            U-B    Proper Dih.  Improper Dih.      CMAP Dih.
    2.23508e+03    6.06601e+03    6.55378e+03    3.78451e+02   -2.49731e+02
          LJ-14     Coulomb-14        LJ (SR)   Coulomb (SR)   Coul. recip.
    2.06535e+03    1.74428e+04    4.01085e+04   -5.20104e+05    1.57911e+03
 Position Rest.      Potential    Kinetic En.   Total Energy  Conserved En.
    5.65064e+02   -4.43359e+05    8.52976e+04   -3.58062e+05   -3.54620e+05
    Temperature Pressure (bar)   Constr. rmsd
    3.00267e+02   -3.77960e+02    3.12252e-06

           Step           Time
           1500        3.00000

   Energies (kJ/mol)
           Bond            U-B    Proper Dih.  Improper Dih.      CMAP Dih.
    2.29812e+03    6.14369e+03    6.52316e+03    3.73227e+02   -1.99303e+02
          LJ-14     Coulomb-14        LJ (SR)   Coulomb (SR)   Coul. recip.
    2.00924e+03    1.76312e+04    4.16003e+04   -5.21262e+05    1.55135e+03
 Position Rest.      Potential    Kinetic En.   Total Energy  Conserved En.
    5.96213e+02   -4.42734e+05    8.58142e+04   -3.56920e+05   -3.54692e+05
    Temperature Pressure (bar)   Constr. rmsd
    3.02086e+02   -6.20588e+01    3.22420e-06

           Step           Time
           2000        4.00000

   Energies (kJ/mol)
           Bond            U-B    Proper Dih.  Improper Dih.      CMAP Dih.
    2.24014e+03    6.10780e+03    6.55517e+03    3.28283e+02   -2.22126e+02
          LJ-14     Coulomb-14        LJ (SR)   Coulomb (SR)   Coul. recip.
    2.09402e+03    1.77250e+04    4.03922e+04   -5.20972e+05    1.51023e+03
 Position Rest.      Potential    Kinetic En.   Total Energy  Conserved En.
    5.71776e+02   -4.43670e+05    8.50922e+04   -3.58578e+05   -3.54626e+05
    Temperature Pressure (bar)   Constr. rmsd
    2.99545e+02   -1.56547e+02    3.28594e-06

           Step           Time
           2500        5.00000

   Energies (kJ/mol)
           Bond            U-B    Proper Dih.  Improper Dih.      CMAP Dih.
    2.16133e+03    5.78943e+03    6.57989e+03    3.39064e+02   -2.23080e+02
          LJ-14     Coulomb-14        LJ (SR)   Coulomb (SR)   Coul. recip.
    2.04407e+03    1.77799e+04    3.96330e+04   -5.19764e+05    1.60374e+03
 Position Rest.      Potential    Kinetic En.   Total Energy  Conserved En.
    5.35889e+02   -4.43521e+05    8.52643e+04   -3.58257e+05   -3.54579e+05
    Temperature Pressure (bar)   Constr. rmsd
    3.00150e+02   -3.80720e+02    3.18207e-06

           Step           Time
           3000        6.00000

   Energies (kJ/mol)
           Bond            U-B    Proper Dih.  Improper Dih.      CMAP Dih.
    2.32538e+03    5.99336e+03    6.55123e+03    3.96634e+02   -2.26030e+02
          LJ-14     Coulomb-14        LJ (SR)   Coulomb (SR)   Coul. recip.
    2.10484e+03    1.78859e+04    4.14535e+04   -5.22041e+05    1.52198e+03
 Position Rest.      Potential    Kinetic En.   Total Energy  Conserved En.
    5.52874e+02   -4.43481e+05    8.57018e+04   -3.57779e+05   -3.54645e+05
    Temperature Pressure (bar)   Constr. rmsd
    3.01691e+02   -3.71652e+01    3.00185e-06

           Step           Time
           3500        7.00000

   Energies (kJ/mol)
           Bond            U-B    Proper Dih.  Improper Dih.      CMAP Dih.
    2.12367e+03    6.03945e+03    6.53576e+03    3.52065e+02   -2.37142e+02
          LJ-14     Coulomb-14        LJ (SR)   Coulomb (SR)   Coul. recip.
    2.14312e+03    1.77710e+04    4.13018e+04   -5.22393e+05    1.57278e+03
 Position Rest.      Potential    Kinetic En.   Total Energy  Conserved En.
    6.28083e+02   -4.44162e+05    8.58090e+04   -3.58354e+05   -3.54704e+05
    Temperature Pressure (bar)   Constr. rmsd
    3.02068e+02    2.14028e+02    3.46692e-06

           Step           Time
           4000        8.00000

   Energies (kJ/mol)
           Bond            U-B    Proper Dih.  Improper Dih.      CMAP Dih.
    2.17723e+03    5.92214e+03    6.51410e+03    4.09659e+02   -2.38396e+02
          LJ-14     Coulomb-14        LJ (SR)   Coulomb (SR)   Coul. recip.
    2.08398e+03    1.77237e+04    4.13870e+04   -5.22277e+05    1.52873e+03
 Position Rest.      Potential    Kinetic En.   Total Energy  Conserved En.
    5.72759e+02   -4.44196e+05    8.50943e+04   -3.59102e+05   -3.54653e+05
    Temperature Pressure (bar)   Constr. rmsd
    2.99552e+02    2.42951e+01    2.99425e-06

           Step           Time
           4500        9.00000

   Energies (kJ/mol)
           Bond            U-B    Proper Dih.  Improper Dih.      CMAP Dih.
    2.22401e+03    6.10864e+03    6.54554e+03    3.75703e+02   -2.08277e+02
          LJ-14     Coulomb-14        LJ (SR)   Coulomb (SR)   Coul. recip.
    2.05272e+03    1.75671e+04    4.04372e+04   -5.21748e+05    1.58971e+03
 Position Rest.      Potential    Kinetic En.   Total Energy  Conserved En.
    5.87064e+02   -4.44468e+05    8.56242e+04   -3.58844e+05   -3.54600e+05
    Temperature Pressure (bar)   Constr. rmsd
    3.01417e+02   -1.49689e+02    2.92543e-06

           Step           Time
           5000       10.00000

   Energies (kJ/mol)
           Bond            U-B    Proper Dih.  Improper Dih.      CMAP Dih.
    2.42410e+03    5.88746e+03    6.58252e+03    3.93780e+02   -2.09761e+02
          LJ-14     Coulomb-14        LJ (SR)   Coulomb (SR)   Coul. recip.
    2.08190e+03    1.74280e+04    4.15341e+04   -5.22443e+05    1.61414e+03
 Position Rest.      Potential    Kinetic En.   Total Energy  Conserved En.
    5.68952e+02   -4.44137e+05    8.51170e+04   -3.59020e+05   -3.54621e+05
    Temperature Pressure (bar)   Constr. rmsd
    2.99632e+02    2.33986e+01    2.98178e-06

           Step           Time
           5500       11.00000

   Energies (kJ/mol)
           Bond            U-B    Proper Dih.  Improper Dih.      CMAP Dih.
    2.12056e+03    5.76968e+03    6.53735e+03    3.42174e+02   -2.21644e+02
          LJ-14     Coulomb-14        LJ (SR)   Coulomb (SR)   Coul. recip.
    2.03491e+03    1.77216e+04    4.15942e+04   -5.23889e+05    1.47913e+03
 Position Rest.      Potential    Kinetic En.   Total Energy  Conserved En.
    5.52113e+02   -4.45959e+05    8.41635e+04   -3.61796e+05   -3.54568e+05
    Temperature Pressure (bar)   Constr. rmsd
    2.96275e+02   -1.35536e+02    2.97134e-06

           Step           Time
           6000       12.00000

   Energies (kJ/mol)
           Bond            U-B    Proper Dih.  Improper Dih.      CMAP Dih.
    2.14015e+03    5.99915e+03    6.58798e+03    3.85759e+02   -2.17415e+02
          LJ-14     Coulomb-14        LJ (SR)   Coulomb (SR)   Coul. recip.
    2.07769e+03    1.78365e+04    4.05889e+04   -5.21561e+05    1.53517e+03
 Position Rest.      Potential    Kinetic En.   Total Energy  Conserved En.
    5.90614e+02   -4.44037e+05    8.56557e+04   -3.58381e+05   -3.54626e+05
    Temperature Pressure (bar)   Constr. rmsd
    3.01528e+02    1.14874e+02    3.05949e-06

           Step           Time
           6500       13.00000

   Energies (kJ/mol)
           Bond            U-B    Proper Dih.  Improper Dih.      CMAP Dih.
    2.10166e+03    5.95143e+03    6.64109e+03    4.15810e+02   -2.27381e+02
          LJ-14     Coulomb-14        LJ (SR)   Coulomb (SR)   Coul. recip.
    2.07380e+03    1.76276e+04    4.08009e+04   -5.21244e+05    1.52638e+03
 Position Rest.      Potential    Kinetic En.   Total Energy  Conserved En.
    5.29127e+02   -4.43804e+05    8.54121e+04   -3.58392e+05   -3.54580e+05
    Temperature Pressure (bar)   Constr. rmsd
    3.00671e+02   -2.06219e+01    3.13373e-06

           Step           Time
           7000       14.00000

   Energies (kJ/mol)
           Bond            U-B    Proper Dih.  Improper Dih.      CMAP Dih.
    2.20617e+03    6.04846e+03    6.53600e+03    3.45884e+02   -2.26103e+02
          LJ-14     Coulomb-14        LJ (SR)   Coulomb (SR)   Coul. recip.
    2.07487e+03    1.77179e+04    4.01980e+04   -5.21197e+05    1.47781e+03
 Position Rest.      Potential    Kinetic En.   Total Energy  Conserved En.
    5.77919e+02   -4.44240e+05    8.58966e+04   -3.58344e+05   -3.54549e+05
    Temperature Pressure (bar)   Constr. rmsd
    3.02376e+02   -9.90880e+01    3.13265e-06

           Step           Time
           7500       15.00000

   Energies (kJ/mol)
           Bond            U-B    Proper Dih.  Improper Dih.      CMAP Dih.
    2.20362e+03    5.70193e+03    6.60350e+03    3.30083e+02   -2.25403e+02
          LJ-14     Coulomb-14        LJ (SR)   Coulomb (SR)   Coul. recip.
    2.09977e+03    1.77997e+04    4.08746e+04   -5.21028e+05    1.49605e+03
 Position Rest.      Potential    Kinetic En.   Total Energy  Conserved En.
    6.36434e+02   -4.43508e+05    8.49407e+04   -3.58567e+05   -3.54582e+05
    Temperature Pressure (bar)   Constr. rmsd
    2.99011e+02    4.42210e+01    3.31428e-06

           Step           Time
           8000       16.00000

   Energies (kJ/mol)
           Bond            U-B    Proper Dih.  Improper Dih.      CMAP Dih.
    2.25312e+03    5.94821e+03    6.62587e+03    3.66066e+02   -2.78623e+02
          LJ-14     Coulomb-14        LJ (SR)   Coulomb (SR)   Coul. recip.
    2.09979e+03    1.76066e+04    4.00420e+04   -5.20427e+05    1.49788e+03
 Position Rest.      Potential    Kinetic En.   Total Energy  Conserved En.
    5.46837e+02   -4.43719e+05    8.51307e+04   -3.58588e+05   -3.54497e+05
    Temperature Pressure (bar)   Constr. rmsd
    2.99680e+02   -2.11156e+02    3.14464e-06

           Step           Time
           8500       17.00000

   Energies (kJ/mol)
           Bond            U-B    Proper Dih.  Improper Dih.      CMAP Dih.
    2.16610e+03    5.96730e+03    6.48343e+03    3.08006e+02   -2.41155e+02
          LJ-14     Coulomb-14        LJ (SR)   Coulomb (SR)   Coul. recip.
    2.11780e+03    1.77486e+04    4.11129e+04   -5.22474e+05    1.55043e+03
 Position Rest.      Potential    Kinetic En.   Total Energy  Conserved En.
    5.85092e+02   -4.44675e+05    8.47430e+04   -3.59932e+05   -3.54567e+05
    Temperature Pressure (bar)   Constr. rmsd
    2.98315e+02    1.31075e+02    2.76917e-06

           Step           Time
           9000       18.00000

   Energies (kJ/mol)
           Bond            U-B    Proper Dih.  Improper Dih.      CMAP Dih.
    2.20966e+03    6.02854e+03    6.54351e+03    3.70980e+02   -1.59641e+02
          LJ-14     Coulomb-14        LJ (SR)   Coulomb (SR)   Coul. recip.
    2.11115e+03    1.76099e+04    4.06330e+04   -5.22130e+05    1.58473e+03
 Position Rest.      Potential    Kinetic En.   Total Energy  Conserved En.
    6.14193e+02   -4.44584e+05    8.52798e+04   -3.59305e+05   -3.54546e+05
    Temperature Pressure (bar)   Constr. rmsd
    3.00205e+02    4.35875e+01    2.89673e-06

           Step           Time
           9500       19.00000

   Energies (kJ/mol)
           Bond            U-B    Proper Dih.  Improper Dih.      CMAP Dih.
    2.17662e+03    5.98227e+03    6.57874e+03    3.92417e+02   -1.98173e+02
          LJ-14     Coulomb-14        LJ (SR)   Coulomb (SR)   Coul. recip.
    2.09463e+03    1.76338e+04    4.05926e+04   -5.20916e+05    1.54618e+03
 Position Rest.      Potential    Kinetic En.   Total Energy  Conserved En.
    5.72740e+02   -4.43544e+05    8.46699e+04   -3.58874e+05   -3.54522e+05
    Temperature Pressure (bar)   Constr. rmsd
    2.98058e+02   -5.81625e+00    3.84850e-06

           Step           Time
          10000       20.00000

   Energies (kJ/mol)
           Bond            U-B    Proper Dih.  Improper Dih.      CMAP Dih.
    2.13788e+03    5.86587e+03    6.53327e+03    3.38981e+02   -2.66371e+02
          LJ-14     Coulomb-14        LJ (SR)   Coulomb (SR)   Coul. recip.
    2.07375e+03    1.78259e+04    4.20415e+04   -5.23358e+05    1.57414e+03
 Position Rest.      Potential    Kinetic En.   Total Energy  Conserved En.
    5.74948e+02   -4.44658e+05    8.55740e+04   -3.59084e+05   -3.54555e+05
    Temperature Pressure (bar)   Constr. rmsd
    3.01241e+02    1.86421e+02    3.03741e-06

           Step           Time
          10500       21.00000

   Energies (kJ/mol)
           Bond            U-B    Proper Dih.  Improper Dih.      CMAP Dih.
    2.21090e+03    5.99817e+03    6.54107e+03    3.25430e+02   -2.33605e+02
          LJ-14     Coulomb-14        LJ (SR)   Coulomb (SR)   Coul. recip.
    2.07915e+03    1.76153e+04    4.06737e+04   -5.21915e+05    1.51022e+03
 Position Rest.      Potential    Kinetic En.   Total Energy  Conserved En.
    5.20424e+02   -4.44674e+05    8.54779e+04   -3.59196e+05   -3.54495e+05
    Temperature Pressure (bar)   Constr. rmsd
    3.00902e+02    8.73484e-01    3.01094e-06

           Step           Time
          11000       22.00000

   Energies (kJ/mol)
           Bond            U-B    Proper Dih.  Improper Dih.      CMAP Dih.
    2.18114e+03    6.06009e+03    6.59896e+03    4.09758e+02   -2.45207e+02
          LJ-14     Coulomb-14        LJ (SR)   Coulomb (SR)   Coul. recip.
    2.08050e+03    1.74875e+04    4.10708e+04   -5.21976e+05    1.63596e+03
 Position Rest.      Potential    Kinetic En.   Total Energy  Conserved En.
    5.39872e+02   -4.44156e+05    8.46563e+04   -3.59500e+05   -3.54481e+05
    Temperature Pressure (bar)   Constr. rmsd
    2.98010e+02    2.17277e+01    3.10036e-06

           Step           Time
          11500       23.00000

   Energies (kJ/mol)
           Bond            U-B    Proper Dih.  Improper Dih.      CMAP Dih.
    2.08666e+03    5.97073e+03    6.59448e+03    4.17202e+02   -2.20238e+02
          LJ-14     Coulomb-14        LJ (SR)   Coulomb (SR)   Coul. recip.
    2.11113e+03    1.76716e+04    4.00022e+04   -5.20112e+05    1.51868e+03
 Position Rest.      Potential    Kinetic En.   Total Energy  Conserved En.
    5.56711e+02   -4.43403e+05    8.49408e+04   -3.58462e+05   -3.54490e+05
    Temperature Pressure (bar)   Constr. rmsd
    2.99012e+02    7.51358e+01    3.01153e-06

           Step           Time
          12000       24.00000

   Energies (kJ/mol)
           Bond            U-B    Proper Dih.  Improper Dih.      CMAP Dih.
    2.17899e+03    6.08569e+03    6.56246e+03    3.65248e+02   -2.14050e+02
          LJ-14     Coulomb-14        LJ (SR)   Coulomb (SR)   Coul. recip.
    2.02201e+03    1.76370e+04    4.07540e+04   -5.21506e+05    1.53379e+03
 Position Rest.      Potential    Kinetic En.   Total Energy  Conserved En.
    6.42263e+02   -4.43939e+05    8.53615e+04   -3.58578e+05   -3.54423e+05
    Temperature Pressure (bar)   Constr. rmsd
    3.00493e+02   -6.24130e+01    2.84851e-06

           Step           Time
          12500       25.00000

   Energies (kJ/mol)
           Bond            U-B    Proper Dih.  Improper Dih.      CMAP Dih.
    2.04604e+03    5.83235e+03    6.64257e+03    3.52164e+02   -2.06894e+02
          LJ-14     Coulomb-14        LJ (SR)   Coulomb (SR)   Coul. recip.
    2.04859e+03    1.77531e+04    4.21644e+04   -5.23503e+05    1.62938e+03
 Position Rest.      Potential    Kinetic En.   Total Energy  Conserved En.
    5.70328e+02   -4.44671e+05    8.42906e+04   -3.60380e+05   -3.54491e+05
    Temperature Pressure (bar)   Constr. rmsd
    2.96723e+02    1.99087e+02    3.07547e-06

           Step           Time
          13000       26.00000

   Energies (kJ/mol)
           Bond            U-B    Proper Dih.  Improper Dih.      CMAP Dih.
    2.09864e+03    6.15418e+03    6.60112e+03    3.71573e+02   -2.44520e+02
          LJ-14     Coulomb-14        LJ (SR)   Coulomb (SR)   Coul. recip.
    2.08185e+03    1.76891e+04    4.02673e+04   -5.22225e+05    1.56793e+03
 Position Rest.      Potential    Kinetic En.   Total Energy  Conserved En.
    5.53975e+02   -4.45084e+05    8.60981e+04   -3.58986e+05   -3.54369e+05
    Temperature Pressure (bar)   Constr. rmsd
    3.03086e+02   -1.59591e+02    3.11008e-06

           Step           Time
          13500       27.00000

   Energies (kJ/mol)
           Bond            U-B    Proper Dih.  Improper Dih.      CMAP Dih.
    2.12988e+03    6.03437e+03    6.56249e+03    3.55124e+02   -2.14472e+02
          LJ-14     Coulomb-14        LJ (SR)   Coulomb (SR)   Coul. recip.
    2.01886e+03    1.77716e+04    4.11469e+04   -5.22811e+05    1.51970e+03
 Position Rest.      Potential    Kinetic En.   Total Energy  Conserved En.
    5.94997e+02   -4.44892e+05    8.40795e+04   -3.60812e+05   -3.54377e+05
    Temperature Pressure (bar)   Constr. rmsd
    2.95980e+02   -5.49481e+01    2.80873e-06

           Step           Time
          14000       28.00000

   Energies (kJ/mol)
           Bond            U-B    Proper Dih.  Improper Dih.      CMAP Dih.
    2.11876e+03    5.79152e+03    6.56821e+03    3.48816e+02   -2.00587e+02
          LJ-14     Coulomb-14        LJ (SR)   Coulomb (SR)   Coul. recip.
    2.10058e+03    1.76828e+04    4.14846e+04   -5.21953e+05    1.55077e+03
 Position Rest.      Potential    Kinetic En.   Total Energy  Conserved En.
    5.91236e+02   -4.43916e+05    8.45643e+04   -3.59352e+05   -3.54450e+05
    Temperature Pressure (bar)   Constr. rmsd
    2.97686e+02    1.85299e+02    2.92133e-06

           Step           Time
          14500       29.00000

   Energies (kJ/mol)
           Bond            U-B    Proper Dih.  Improper Dih.      CMAP Dih.
    2.10922e+03    6.07943e+03    6.52372e+03    3.57018e+02   -2.17834e+02
          LJ-14     Coulomb-14        LJ (SR)   Coulomb (SR)   Coul. recip.
    2.03204e+03    1.75745e+04    4.05156e+04   -5.21109e+05    1.56775e+03
 Position Rest.      Potential    Kinetic En.   Total Energy  Conserved En.
    5.61206e+02   -4.44006e+05    8.54998e+04   -3.58506e+05   -3.54393e+05
    Temperature Pressure (bar)   Constr. rmsd
    3.00979e+02   -1.43951e+01    3.09382e-06

           Step           Time
          15000       30.00000

   Energies (kJ/mol)
           Bond            U-B    Proper Dih.  Improper Dih.      CMAP Dih.
    2.22400e+03    6.15123e+03    6.57754e+03    3.49920e+02   -1.82282e+02
          LJ-14     Coulomb-14        LJ (SR)   Coulomb (SR)   Coul. recip.
    2.10056e+03    1.75447e+04    4.12240e+04   -5.22895e+05    1.58908e+03
 Position Rest.      Potential    Kinetic En.   Total Energy  Conserved En.
    5.49244e+02   -4.44767e+05    8.54191e+04   -3.59347e+05   -3.54408e+05
    Temperature Pressure (bar)   Constr. rmsd
    3.00695e+02    2.46213e+02    3.14903e-06

           Step           Time
          15500       31.00000

   Energies (kJ/mol)
           Bond            U-B    Proper Dih.  Improper Dih.      CMAP Dih.
    2.08627e+03    6.09799e+03    6.48857e+03    3.80149e+02   -2.21506e+02
          LJ-14     Coulomb-14        LJ (SR)   Coulomb (SR)   Coul. recip.
    2.00030e+03    1.77185e+04    4.02015e+04   -5.21626e+05    1.51710e+03
 Position Rest.      Potential    Kinetic En.   Total Energy  Conserved En.
    5.97670e+02   -4.44759e+05    8.54113e+04   -3.59348e+05   -3.54312e+05
    Temperature Pressure (bar)   Constr. rmsd
    3.00668e+02   -1.71351e+02    3.14018e-06

           Step           Time
          16000       32.00000

   Energies (kJ/mol)
           Bond            U-B    Proper Dih.  Improper Dih.      CMAP Dih.
    2.23675e+03    5.97635e+03    6.57410e+03    3.48719e+02   -2.23172e+02
          LJ-14     Coulomb-14        LJ (SR)   Coulomb (SR)   Coul. recip.
    2.07492e+03    1.78372e+04    4.06860e+04   -5.22034e+05    1.53556e+03
 Position Rest.      Potential    Kinetic En.   Total Energy  Conserved En.
    5.68158e+02   -4.44419e+05    8.56410e+04   -3.58778e+05   -3.54296e+05
    Temperature Pressure (bar)   Constr. rmsd
    3.01476e+02   -1.08222e+02    2.89446e-06

           Step           Time
          16500       33.00000

   Energies (kJ/mol)
           Bond            U-B    Proper Dih.  Improper Dih.      CMAP Dih.
    2.20207e+03    6.00006e+03    6.58009e+03    3.59242e+02   -1.64961e+02
          LJ-14     Coulomb-14        LJ (SR)   Coulomb (SR)   Coul. recip.
    2.06598e+03    1.75499e+04    4.03210e+04   -5.21263e+05    1.58849e+03
 Position Rest.      Potential    Kinetic En.   Total Energy  Conserved En.
    5.58472e+02   -4.44203e+05    8.51736e+04   -3.59029e+05   -3.54296e+05
    Temperature Pressure (bar)   Constr. rmsd
    2.99831e+02   -1.03281e+02    2.96087e-06

           Step           Time
          17000       34.00000

   Energies (kJ/mol)
           Bond            U-B    Proper Dih.  Improper Dih.      CMAP Dih.
    2.20856e+03    5.93965e+03    6.50272e+03    3.48693e+02   -2.23382e+02
          LJ-14     Coulomb-14        LJ (SR)   Coulomb (SR)   Coul. recip.
    2.06327e+03    1.75255e+04    4.15063e+04   -5.23206e+05    1.53223e+03
 Position Rest.      Potential    Kinetic En.   Total Energy  Conserved En.
    5.52714e+02   -4.45250e+05    8.49873e+04   -3.60263e+05   -3.54362e+05
    Temperature Pressure (bar)   Constr. rmsd
    2.99175e+02    2.05093e+02    3.16966e-06

           Step           Time
          17500       35.00000

   Energies (kJ/mol)
           Bond            U-B    Proper Dih.  Improper Dih.      CMAP Dih.
    2.14395e+03    6.10754e+03    6.57372e+03    3.51266e+02   -1.95258e+02
          LJ-14     Coulomb-14        LJ (SR)   Coulomb (SR)   Coul. recip.
    2.06954e+03    1.75025e+04    4.10944e+04   -5.21604e+05    1.58769e+03
 Position Rest.      Potential    Kinetic En.   Total Energy  Conserved En.
    5.43913e+02   -4.43825e+05    8.48545e+04   -3.58970e+05   -3.54336e+05
    Temperature Pressure (bar)   Constr. rmsd
    2.98708e+02    1.34736e+02    3.23653e-06

           Step           Time
          18000       36.00000

   Energies (kJ/mol)
           Bond            U-B    Proper Dih.  Improper Dih.      CMAP Dih.
    2.24014e+03    6.10059e+03    6.63793e+03    3.74060e+02   -2.40540e+02
          LJ-14     Coulomb-14        LJ (SR)   Coulomb (SR)   Coul. recip.
    2.04042e+03    1.75271e+04    4.11918e+04   -5.22121e+05    1.56634e+03
 Position Rest.      Potential    Kinetic En.   Total Energy  Conserved En.
    6.27373e+02   -4.44056e+05    8.60240e+04   -3.58032e+05   -3.54263e+05
    Temperature Pressure (bar)   Constr. rmsd
    3.02825e+02   -1.15997e+02    3.35171e-06

           Step           Time
          18500       37.00000

   Energies (kJ/mol)
           Bond            U-B    Proper Dih.  Improper Dih.      CMAP Dih.
    2.28130e+03    5.81783e+03    6.64304e+03    3.96283e+02   -1.98398e+02
          LJ-14     Coulomb-14        LJ (SR)   Coulomb (SR)   Coul. recip.
    2.01861e+03    1.74321e+04    4.07889e+04   -5.22373e+05    1.61938e+03
 Position Rest.      Potential    Kinetic En.   Total Energy  Conserved En.
    5.70505e+02   -4.45003e+05    8.43490e+04   -3.60654e+05   -3.54236e+05
    Temperature Pressure (bar)   Constr. rmsd
    2.96928e+02   -1.67705e+02    3.16864e-06

           Step           Time
          19000       38.00000

   Energies (kJ/mol)
           Bond            U-B    Proper Dih.  Improper Dih.      CMAP Dih.
    2.07418e+03    5.85141e+03    6.51074e+03    3.95984e+02   -2.18094e+02
          LJ-14     Coulomb-14        LJ (SR)   Coulomb (SR)   Coul. recip.
    2.09399e+03    1.79755e+04    4.08618e+04   -5.23025e+05    1.52771e+03
 Position Rest.      Potential    Kinetic En.   Total Energy  Conserved En.
    5.66322e+02   -4.45386e+05    8.57816e+04   -3.59604e+05   -3.54306e+05
    Temperature Pressure (bar)   Constr. rmsd
    3.01971e+02    1.27473e+01    3.03095e-06

           Step           Time
          19500       39.00000

   Energies (kJ/mol)
           Bond            U-B    Proper Dih.  Improper Dih.      CMAP Dih.
    2.20020e+03    5.94884e+03    6.53773e+03    3.44252e+02   -2.35166e+02
          LJ-14     Coulomb-14        LJ (SR)   Coulomb (SR)   Coul. recip.
    2.03437e+03    1.76037e+04    3.98577e+04   -5.21611e+05    1.61304e+03
 Position Rest.      Potential    Kinetic En.   Total Energy  Conserved En.
    5.61239e+02   -4.45145e+05    8.57963e+04   -3.59348e+05   -3.54218e+05
    Temperature Pressure (bar)   Constr. rmsd
    3.02023e+02   -1.72546e+02    3.14170e-06

           Step           Time
          20000       40.00000

   Energies (kJ/mol)
           Bond            U-B    Proper Dih.  Improper Dih.      CMAP Dih.
    2.12964e+03    5.92562e+03    6.50557e+03    3.33506e+02   -2.23419e+02
          LJ-14     Coulomb-14        LJ (SR)   Coulomb (SR)   Coul. recip.
    2.10219e+03    1.77457e+04    4.04579e+04   -5.22729e+05    1.52632e+03
 Position Rest.      Potential    Kinetic En.   Total Energy  Conserved En.
    5.54359e+02   -4.45672e+05    8.40228e+04   -3.61649e+05   -3.54241e+05
    Temperature Pressure (bar)   Constr. rmsd
    2.95780e+02   -6.97858e+01    3.00653e-06

           Step           Time
          20500       41.00000

   Energies (kJ/mol)
           Bond            U-B    Proper Dih.  Improper Dih.      CMAP Dih.
    2.09297e+03    5.78158e+03    6.52342e+03    3.43984e+02   -1.97624e+02
          LJ-14     Coulomb-14        LJ (SR)   Coulomb (SR)   Coul. recip.
    2.00933e+03    1.76210e+04    4.04321e+04   -5.22092e+05    1.63572e+03
 Position Rest.      Potential    Kinetic En.   Total Energy  Conserved En.
    5.74181e+02   -4.45275e+05    8.47888e+04   -3.60486e+05   -3.54192e+05
    Temperature Pressure (bar)   Constr. rmsd
    2.98477e+02   -2.16364e+02    2.95741e-06

           Step           Time
          21000       42.00000

   Energies (kJ/mol)
           Bond            U-B    Proper Dih.  Improper Dih.      CMAP Dih.
    2.23119e+03    5.92766e+03    6.54102e+03    3.24270e+02   -2.24220e+02
          LJ-14     Coulomb-14        LJ (SR)   Coulomb (SR)   Coul. recip.
    2.09752e+03    1.75184e+04    4.01752e+04   -5.21348e+05    1.59272e+03
 Position Rest.      Potential    Kinetic En.   Total Energy  Conserved En.
    5.46039e+02   -4.44618e+05    8.53809e+04   -3.59238e+05   -3.54210e+05
    Temperature Pressure (bar)   Constr. rmsd
    3.00561e+02   -5.33990e+01    3.01743e-06

           Step           Time
          21500       43.00000

   Energies (kJ/mol)
           Bond            U-B    Proper Dih.  Improper Dih.      CMAP Dih.
    2.36608e+03    6.02734e+03    6.55835e+03    3.63176e+02   -2.40402e+02
          LJ-14     Coulomb-14        LJ (SR)   Coulomb (SR)   Coul. recip.
    2.02322e+03    1.75296e+04    4.14037e+04   -5.23087e+05    1.53753e+03
 Position Rest.      Potential    Kinetic En.   Total Energy  Conserved En.
    6.23641e+02   -4.44895e+05    8.50891e+04   -3.59806e+05   -3.54163e+05
    Temperature Pressure (bar)   Constr. rmsd
    2.99534e+02   -8.80516e+01    3.18250e-06

           Step           Time
          22000       44.00000

   Energies (kJ/mol)
           Bond            U-B    Proper Dih.  Improper Dih.      CMAP Dih.
    2.13478e+03    6.08675e+03    6.57647e+03    3.79874e+02   -1.57368e+02
          LJ-14     Coulomb-14        LJ (SR)   Coulomb (SR)   Coul. recip.
    2.05788e+03    1.75618e+04    4.02532e+04   -5.20994e+05    1.54996e+03
 Position Rest.      Potential    Kinetic En.   Total Energy  Conserved En.
    6.21047e+02   -4.43929e+05    8.52436e+04   -3.58686e+05   -3.54177e+05
    Temperature Pressure (bar)   Constr. rmsd
    3.00078e+02   -8.35368e+01    3.11673e-06

           Step           Time
          22500       45.00000

   Energies (kJ/mol)
           Bond            U-B    Proper Dih.  Improper Dih.      CMAP Dih.
    2.25831e+03    5.95557e+03    6.56259e+03    3.81721e+02   -2.31184e+02
          LJ-14     Coulomb-14        LJ (SR)   Coulomb (SR)   Coul. recip.
    2.03939e+03    1.76096e+04    4.13157e+04   -5.22781e+05    1.55895e+03
 Position Rest.      Potential    Kinetic En.   Total Energy  Conserved En.
    5.86231e+02   -4.44744e+05    8.54765e+04   -3.59268e+05   -3.54223e+05
    Temperature Pressure (bar)   Constr. rmsd
    3.00897e+02    7.48324e+01    3.27276e-06

           Step           Time
          23000       46.00000

   Energies (kJ/mol)
           Bond            U-B    Proper Dih.  Improper Dih.      CMAP Dih.
    2.27613e+03    6.10126e+03    6.53035e+03    3.72852e+02   -1.81807e+02
          LJ-14     Coulomb-14        LJ (SR)   Coulomb (SR)   Coul. recip.
    1.98873e+03    1.76643e+04    4.09934e+04   -5.22296e+05    1.55996e+03
 Position Rest.      Potential    Kinetic En.   Total Energy  Conserved En.
    5.59375e+02   -4.44432e+05    8.53070e+04   -3.59125e+05   -3.54183e+05
    Temperature Pressure (bar)   Constr. rmsd
    3.00301e+02    1.57165e+01    2.97970e-06

           Step           Time
          23500       47.00000

   Energies (kJ/mol)
           Bond            U-B    Proper Dih.  Improper Dih.      CMAP Dih.
    2.28071e+03    5.86067e+03    6.51451e+03    3.52600e+02   -2.50763e+02
          LJ-14     Coulomb-14        LJ (SR)   Coulomb (SR)   Coul. recip.
    1.99559e+03    1.77468e+04    4.01673e+04   -5.21677e+05    1.56854e+03
 Position Rest.      Potential    Kinetic En.   Total Energy  Conserved En.
    6.10852e+02   -4.44830e+05    8.59537e+04   -3.58877e+05   -3.54151e+05
    Temperature Pressure (bar)   Constr. rmsd
    3.02577e+02   -1.32423e+02    3.21386e-06

           Step           Time
          24000       48.00000

   Energies (kJ/mol)
           Bond            U-B    Proper Dih.  Improper Dih.      CMAP Dih.
    2.15376e+03    6.05248e+03    6.53249e+03    4.01448e+02   -2.43017e+02
          LJ-14     Coulomb-14        LJ (SR)   Coulomb (SR)   Coul. recip.
    2.06538e+03    1.76288e+04    4.15478e+04   -5.22285e+05    1.59658e+03
 Position Rest.      Potential    Kinetic En.   Total Energy  Conserved En.
    6.13934e+02   -4.43935e+05    8.54748e+04   -3.58460e+05   -3.54190e+05
    Temperature Pressure (bar)   Constr. rmsd
    3.00891e+02    2.20563e+02    2.99625e-06

           Step           Time
          24500       49.00000

   Energies (kJ/mol)
           Bond            U-B    Proper Dih.  Improper Dih.      CMAP Dih.
    2.19005e+03    5.86510e+03    6.54277e+03    3.21035e+02   -2.24935e+02
          LJ-14     Coulomb-14        LJ (SR)   Coulomb (SR)   Coul. recip.
    2.09624e+03    1.78939e+04    4.09982e+04   -5.22145e+05    1.54270e+03
 Position Rest.      Potential    Kinetic En.   Total Energy  Conserved En.
    6.13379e+02   -4.44306e+05    8.60725e+04   -3.58234e+05   -3.54173e+05
    Temperature Pressure (bar)   Constr. rmsd
    3.02995e+02    6.83321e+01    3.26969e-06

           Step           Time
          25000       50.00000

   Energies (kJ/mol)
           Bond            U-B    Proper Dih.  Improper Dih.      CMAP Dih.
    2.02822e+03    5.94327e+03    6.49358e+03    3.86126e+02   -2.20803e+02
          LJ-14     Coulomb-14        LJ (SR)   Coulomb (SR)   Coul. recip.
    2.09057e+03    1.78988e+04    4.18973e+04   -5.23061e+05    1.64393e+03
 Position Rest.      Potential    Kinetic En.   Total Energy  Conserved En.
    5.70302e+02   -4.44330e+05    8.44068e+04   -3.59923e+05   -3.54168e+05
    Temperature Pressure (bar)   Constr. rmsd
    2.97132e+02    1.78258e+02    3.00226e-06

           Step           Time
          25500       51.00000

   Energies (kJ/mol)
           Bond            U-B    Proper Dih.  Improper Dih.      CMAP Dih.
    2.02740e+03    6.18195e+03    6.55003e+03    3.76272e+02   -1.89487e+02
          LJ-14     Coulomb-14        LJ (SR)   Coulomb (SR)   Coul. recip.
    2.04691e+03    1.76541e+04    4.05361e+04   -5.21232e+05    1.55325e+03
 Position Rest.      Potential    Kinetic En.   Total Energy  Conserved En.
    6.11963e+02   -4.43884e+05    8.51864e+04   -3.58697e+05   -3.54128e+05
    Temperature Pressure (bar)   Constr. rmsd
    2.99876e+02    7.00935e+01    3.04122e-06

           Step           Time
          26000       52.00000

   Energies (kJ/mol)
           Bond            U-B    Proper Dih.  Improper Dih.      CMAP Dih.
    2.27150e+03    5.90693e+03    6.50268e+03    3.76875e+02   -2.43814e+02
          LJ-14     Coulomb-14        LJ (SR)   Coulomb (SR)   Coul. recip.
    2.06364e+03    1.77211e+04    4.07781e+04   -5.21214e+05    1.55419e+03
 Position Rest.      Potential    Kinetic En.   Total Energy  Conserved En.
    5.88392e+02   -4.43694e+05    8.54712e+04   -3.58223e+05   -3.54074e+05
    Temperature Pressure (bar)   Constr. rmsd
    3.00879e+02   -1.06608e+02    2.93919e-06

           Step           Time
          26500       53.00000

   Energies (kJ/mol)
           Bond            U-B    Proper Dih.  Improper Dih.      CMAP Dih.
    2.19193e+03    5.97496e+03    6.55144e+03    3.21730e+02   -2.65279e+02
          LJ-14     Coulomb-14        LJ (SR)   Coulomb (SR)   Coul. recip.
    2.09381e+03    1.77959e+04    4.16175e+04   -5.23175e+05    1.53400e+03
 Position Rest.      Potential    Kinetic En.   Total Energy  Conserved En.
    6.19703e+02   -4.44739e+05    8.47514e+04   -3.59988e+05   -3.54128e+05
    Temperature Pressure (bar)   Constr. rmsd
    2.98345e+02    1.72977e+02    2.94156e-06

           Step           Time
          27000       54.00000

   Energies (kJ/mol)
           Bond            U-B    Proper Dih.  Improper Dih.      CMAP Dih.
    2.08201e+03    6.05337e+03    6.61309e+03    3.62410e+02   -2.23579e+02
          LJ-14     Coulomb-14        LJ (SR)   Coulomb (SR)   Coul. recip.
    2.11054e+03    1.76448e+04    4.05244e+04   -5.20838e+05    1.56392e+03
 Position Rest.      Potential    Kinetic En.   Total Energy  Conserved En.
    6.23008e+02   -4.43484e+05    8.48333e+04   -3.58651e+05   -3.54086e+05
    Temperature Pressure (bar)   Constr. rmsd
    2.98633e+02    1.03455e+02    3.08311e-06

           Step           Time
          27500       55.00000

   Energies (kJ/mol)
           Bond            U-B    Proper Dih.  Improper Dih.      CMAP Dih.
    2.11727e+03    6.01653e+03    6.51856e+03    3.50678e+02   -2.30731e+02
          LJ-14     Coulomb-14        LJ (SR)   Coulomb (SR)   Coul. recip.
    2.11009e+03    1.76779e+04    4.08945e+04   -5.22254e+05    1.60738e+03
 Position Rest.      Potential    Kinetic En.   Total Energy  Conserved En.
    6.02912e+02   -4.44589e+05    8.55498e+04   -3.59039e+05   -3.54094e+05
    Temperature Pressure (bar)   Constr. rmsd
    3.01155e+02    8.29166e+01    2.99281e-06

           Step           Time
          28000       56.00000

   Energies (kJ/mol)
           Bond            U-B    Proper Dih.  Improper Dih.      CMAP Dih.
    2.29054e+03    5.92763e+03    6.53224e+03    3.37395e+02   -1.99526e+02
          LJ-14     Coulomb-14        LJ (SR)   Coulomb (SR)   Coul. recip.
    2.08761e+03    1.76185e+04    4.08241e+04   -5.20955e+05    1.66017e+03
 Position Rest.      Potential    Kinetic En.   Total Energy  Conserved En.
    6.62177e+02   -4.43214e+05    8.59283e+04   -3.57286e+05   -3.54063e+05
    Temperature Pressure (bar)   Constr. rmsd
    3.02488e+02    6.08772e+00    3.13660e-06

           Step           Time
          28500       57.00000

   Energies (kJ/mol)
           Bond            U-B    Proper Dih.  Improper Dih.      CMAP Dih.
    2.24827e+03    6.16913e+03    6.60852e+03    3.20931e+02   -1.85711e+02
          LJ-14     Coulomb-14        LJ (SR)   Coulomb (SR)   Coul. recip.
    2.02177e+03    1.75368e+04    4.05629e+04   -5.20802e+05    1.56029e+03
 Position Rest.      Potential    Kinetic En.   Total Energy  Conserved En.
    6.07051e+02   -4.43352e+05    8.56446e+04   -3.57707e+05   -3.54028e+05
    Temperature Pressure (bar)   Constr. rmsd
    3.01489e+02   -4.81559e+01    3.00446e-06

           Step           Time
          29000       58.00000

   Energies (kJ/mol)
           Bond            U-B    Proper Dih.  Improper Dih.      CMAP Dih.
    2.15287e+03    5.92021e+03    6.60234e+03    3.64608e+02   -1.70012e+02
          LJ-14     Coulomb-14        LJ (SR)   Coulomb (SR)   Coul. recip.
    2.09902e+03    1.79257e+04    4.08850e+04   -5.21833e+05    1.59903e+03
 Position Rest.      Potential    Kinetic En.   Total Energy  Conserved En.
    5.65943e+02   -4.43888e+05    8.57271e+04   -3.58161e+05   -3.54045e+05
    Temperature Pressure (bar)   Constr. rmsd
    3.01779e+02   -8.49731e+00    3.13532e-06

           Step           Time
          29500       59.00000

   Energies (kJ/mol)
           Bond            U-B    Proper Dih.  Improper Dih.      CMAP Dih.
    2.03018e+03    6.00102e+03    6.55039e+03    3.57850e+02   -1.76281e+02
          LJ-14     Coulomb-14        LJ (SR)   Coulomb (SR)   Coul. recip.
    2.07318e+03    1.79067e+04    4.03564e+04   -5.21370e+05    1.56599e+03
 Position Rest.      Potential    Kinetic En.   Total Energy  Conserved En.
    5.29924e+02   -4.44175e+05    8.51294e+04   -3.59045e+05   -3.54007e+05
    Temperature Pressure (bar)   Constr. rmsd
    2.99676e+02   -6.52775e+01    3.27795e-06

           Step           Time
          30000       60.00000

   Energies (kJ/mol)
           Bond            U-B    Proper Dih.  Improper Dih.      CMAP Dih.
    2.12263e+03    5.96055e+03    6.59456e+03    3.36759e+02   -2.36961e+02
          LJ-14     Coulomb-14        LJ (SR)   Coulomb (SR)   Coul. recip.
    2.04036e+03    1.76406e+04    4.11224e+04   -5.22191e+05    1.53718e+03
 Position Rest.      Potential    Kinetic En.   Total Energy  Conserved En.
    5.73164e+02   -4.44500e+05    8.44762e+04   -3.60023e+05   -3.53999e+05
    Temperature Pressure (bar)   Constr. rmsd
    2.97376e+02   -7.67182e+01    3.22109e-06

           Step           Time
          30500       61.00000

   Energies (kJ/mol)
           Bond            U-B    Proper Dih.  Improper Dih.      CMAP Dih.
    2.12027e+03    6.02346e+03    6.57497e+03    4.04890e+02   -2.24534e+02
          LJ-14     Coulomb-14        LJ (SR)   Coulomb (SR)   Coul. recip.
    2.03995e+03    1.78013e+04    4.07586e+04   -5.22160e+05    1.51256e+03
 Position Rest.      Potential    Kinetic En.   Total Energy  Conserved En.
    6.04970e+02   -4.44544e+05    8.49778e+04   -3.59566e+05   -3.53993e+05
    Temperature Pressure (bar)   Constr. rmsd
    2.99142e+02    5.61587e+01    2.91423e-06

           Step           Time
          31000       62.00000

   Energies (kJ/mol)
           Bond            U-B    Proper Dih.  Improper Dih.      CMAP Dih.
    2.19240e+03    5.94770e+03    6.56922e+03    3.76797e+02   -2.12527e+02
          LJ-14     Coulomb-14        LJ (SR)   Coulomb (SR)   Coul. recip.
    2.09570e+03    1.74797e+04    4.19742e+04   -5.23071e+05    1.60802e+03
 Position Rest.      Potential    Kinetic En.   Total Energy  Conserved En.
    6.12519e+02   -4.44427e+05    8.57953e+04   -3.58632e+05   -3.54044e+05
    Temperature Pressure (bar)   Constr. rmsd
    3.02020e+02    2.19388e+02    3.09813e-06

           Step           Time
          31500       63.00000

   Energies (kJ/mol)
           Bond            U-B    Proper Dih.  Improper Dih.      CMAP Dih.
    2.18926e+03    6.05610e+03    6.43389e+03    3.58778e+02   -1.94329e+02
          LJ-14     Coulomb-14        LJ (SR)   Coulomb (SR)   Coul. recip.
    2.09136e+03    1.79838e+04    4.17036e+04   -5.22779e+05    1.55053e+03
 Position Rest.      Potential    Kinetic En.   Total Energy  Conserved En.
    6.33776e+02   -4.43972e+05    8.54831e+04   -3.58489e+05   -3.54007e+05
    Temperature Pressure (bar)   Constr. rmsd
    3.00921e+02    2.03400e+02    3.31821e-06

           Step           Time
          32000       64.00000

   Energies (kJ/mol)
           Bond            U-B    Proper Dih.  Improper Dih.      CMAP Dih.
    2.24810e+03    6.07795e+03    6.64386e+03    3.33941e+02   -2.43878e+02
          LJ-14     Coulomb-14        LJ (SR)   Coulomb (SR)   Coul. recip.
    2.05751e+03    1.73645e+04    4.17981e+04   -5.24303e+05    1.55882e+03
 Position Rest.      Potential    Kinetic En.   Total Energy  Conserved En.
    5.86258e+02   -4.45878e+05    8.54416e+04   -3.60436e+05   -3.53933e+05
    Temperature Pressure (bar)   Constr. rmsd
    3.00775e+02   -1.60585e+01    2.97959e-06

           Step           Time
          32500       65.00000

   Energies (kJ/mol)
           Bond            U-B    Proper Dih.  Improper Dih.      CMAP Dih.
    2.21400e+03    6.09559e+03    6.65303e+03    3.62568e+02   -1.92380e+02
          LJ-14     Coulomb-14        LJ (SR)   Coulomb (SR)   Coul. recip.
    2.02775e+03    1.74783e+04    4.10470e+04   -5.20794e+05    1.57400e+03
 Position Rest.      Potential    Kinetic En.   Total Energy  Conserved En.
    5.65378e+02   -4.42969e+05    8.60468e+04   -3.56922e+05   -3.53975e+05
    Temperature Pressure (bar)   Constr. rmsd
    3.02905e+02    2.13405e+02    3.18853e-06

           Step           Time
          33000       66.00000

   Energies (kJ/mol)
           Bond            U-B    Proper Dih.  Improper Dih.      CMAP Dih.
    2.12309e+03    6.05796e+03    6.55823e+03    3.23625e+02   -2.09635e+02
          LJ-14     Coulomb-14        LJ (SR)   Coulomb (SR)   Coul. recip.
    2.15105e+03    1.75670e+04    4.13376e+04   -5.22133e+05    1.53810e+03
 Position Rest.      Potential    Kinetic En.   Total Energy  Conserved En.
    5.34238e+02   -4.44152e+05    8.48539e+04   -3.59298e+05   -3.53917e+05
    Temperature Pressure (bar)   Constr. rmsd
    2.98706e+02    7.52789e+01    2.98776e-06

           Step           Time
          33500       67.00000

   Energies (kJ/mol)
           Bond            U-B    Proper Dih.  Improper Dih.      CMAP Dih.
    2.21002e+03    5.88352e+03    6.60693e+03    3.74302e+02   -2.35874e+02
          LJ-14     Coulomb-14        LJ (SR)   Coulomb (SR)   Coul. recip.
    2.07381e+03    1.76499e+04    4.14040e+04   -5.23067e+05    1.54237e+03
 Position Rest.      Potential    Kinetic En.   Total Energy  Conserved En.
    5.70069e+02   -4.44988e+05    8.50450e+04   -3.59943e+05   -3.53919e+05
    Temperature Pressure (bar)   Constr. rmsd
    2.99379e+02    9.50964e+01    2.99280e-06

           Step           Time
          34000       68.00000

   Energies (kJ/mol)
           Bond            U-B    Proper Dih.  Improper Dih.      CMAP Dih.
    1.94227e+03    6.11504e+03    6.57479e+03    3.26350e+02   -2.28496e+02
          LJ-14     Coulomb-14        LJ (SR)   Coulomb (SR)   Coul. recip.
    2.10510e+03    1.77603e+04    4.00707e+04   -5.20882e+05    1.56802e+03
 Position Rest.      Potential    Kinetic En.   Total Energy  Conserved En.
    5.43551e+02   -4.44104e+05    8.47359e+04   -3.59368e+05   -3.53862e+05
    Temperature Pressure (bar)   Constr. rmsd
    2.98290e+02   -6.43162e+01    3.00700e-06

           Step           Time
          34500       69.00000

   Energies (kJ/mol)
           Bond            U-B    Proper Dih.  Improper Dih.      CMAP Dih.
    2.17269e+03    5.99005e+03    6.55890e+03    3.31043e+02   -2.43241e+02
          LJ-14     Coulomb-14        LJ (SR)   Coulomb (SR)   Coul. recip.
    2.04341e+03    1.75626e+04    3.99377e+04   -5.20380e+05    1.57142e+03
 Position Rest.      Potential    Kinetic En.   Total Energy  Conserved En.
    6.32494e+02   -4.43822e+05    8.58417e+04   -3.57981e+05   -3.53834e+05
    Temperature Pressure (bar)   Constr. rmsd
    3.02183e+02   -1.47807e+02    3.16783e-06

           Step           Time
          35000       70.00000

   Energies (kJ/mol)
           Bond            U-B    Proper Dih.  Improper Dih.      CMAP Dih.
    2.25975e+03    5.99886e+03    6.52656e+03    3.86149e+02   -2.30814e+02
          LJ-14     Coulomb-14        LJ (SR)   Coulomb (SR)   Coul. recip.
    2.11630e+03    1.76869e+04    4.03867e+04   -5.20828e+05    1.53920e+03
 Position Rest.      Potential    Kinetic En.   Total Energy  Conserved En.
    5.74635e+02   -4.43583e+05    8.50638e+04   -3.58520e+05   -3.53836e+05
    Temperature Pressure (bar)   Constr. rmsd
    2.99445e+02    1.22028e+01    3.20524e-06

           Step           Time
          35500       71.00000

   Energies (kJ/mol)
           Bond            U-B    Proper Dih.  Improper Dih.      CMAP Dih.
    2.08930e+03    6.11208e+03    6.54748e+03    3.49536e+02   -1.94869e+02
          LJ-14     Coulomb-14        LJ (SR)   Coulomb (SR)   Coul. recip.
    2.00625e+03    1.75537e+04    4.16644e+04   -5.22874e+05    1.55012e+03
 Position Rest.      Potential    Kinetic En.   Total Energy  Conserved En.
    5.36897e+02   -4.44659e+05    8.60581e+04   -3.58601e+05   -3.53853e+05
    Temperature Pressure (bar)   Constr. rmsd
    3.02945e+02    3.61186e+01    2.97372e-06

           Step           Time
          36000       72.00000

   Energies (kJ/mol)
           Bond            U-B    Proper Dih.  Improper Dih.      CMAP Dih.
    2.12538e+03    6.20085e+03    6.57455e+03    2.96248e+02   -1.67676e+02
          LJ-14     Coulomb-14        LJ (SR)   Coulomb (SR)   Coul. recip.
    2.12058e+03    1.77718e+04    4.16441e+04   -5.22839e+05    1.55145e+03
 Position Rest.      Potential    Kinetic En.   Total Energy  Conserved En.
    5.30180e+02   -4.44191e+05    8.52905e+04   -3.58901e+05   -3.53890e+05
    Temperature Pressure (bar)   Constr. rmsd
    3.00242e+02    2.76901e+02    3.19156e-06

           Step           Time
          36500       73.00000

   Energies (kJ/mol)
           Bond            U-B    Proper Dih.  Improper Dih.      CMAP Dih.
    2.25355e+03    6.04745e+03    6.64054e+03    3.65776e+02   -2.34260e+02
          LJ-14     Coulomb-14        LJ (SR)   Coulomb (SR)   Coul. recip.
    2.06481e+03    1.75255e+04    4.18752e+04   -5.23760e+05    1.55267e+03
 Position Rest.      Potential    Kinetic En.   Total Energy  Conserved En.
    5.74015e+02   -4.45094e+05    8.56659e+04   -3.59428e+05   -3.53829e+05
    Temperature Pressure (bar)   Constr. rmsd
    3.01564e+02    1.13857e+02    2.88343e-06

           Step           Time
          37000       74.00000

   Energies (kJ/mol)
           Bond            U-B    Proper Dih.  Improper Dih.      CMAP Dih.
    2.29119e+03    5.95822e+03    6.67482e+03    3.73281e+02   -2.22535e+02
          LJ-14     Coulomb-14        LJ (SR)   Coulomb (SR)   Coul. recip.
    2.02553e+03    1.76736e+04    4.06331e+04   -5.20182e+05    1.53207e+03
 Position Rest.      Potential    Kinetic En.   Total Energy  Conserved En.
    5.99861e+02   -4.42643e+05    8.66656e+04   -3.55978e+05   -3.53778e+05
    Temperature Pressure (bar)   Constr. rmsd
    3.05083e+02   -1.48493e+02    3.57594e-06

           Step           Time
          37500       75.00000

   Energies (kJ/mol)
           Bond            U-B    Proper Dih.  Improper Dih.      CMAP Dih.
    2.12717e+03    5.90491e+03    6.61234e+03    3.43184e+02   -2.33473e+02
          LJ-14     Coulomb-14        LJ (SR)   Coulomb (SR)   Coul. recip.
    2.02615e+03    1.76142e+04    4.12666e+04   -5.22504e+05    1.53338e+03
 Position Rest.      Potential    Kinetic En.   Total Energy  Conserved En.
    5.58172e+02   -4.44751e+05    8.46394e+04   -3.60112e+05   -3.53758e+05
    Temperature Pressure (bar)   Constr. rmsd
    2.97951e+02   -2.13727e+02    3.14416e-06

           Step           Time
          38000       76.00000

   Energies (kJ/mol)
           Bond            U-B    Proper Dih.  Improper Dih.      CMAP Dih.
    2.25046e+03    5.98345e+03    6.58969e+03    3.69281e+02   -1.79082e+02
          LJ-14     Coulomb-14        LJ (SR)   Coulomb (SR)   Coul. recip.
    2.08908e+03    1.76676e+04    4.00649e+04   -5.20605e+05    1.56962e+03
 Position Rest.      Potential    Kinetic En.   Total Energy  Conserved En.
    5.92099e+02   -4.43608e+05    8.60569e+04   -3.57551e+05   -3.53776e+05
    Temperature Pressure (bar)   Constr. rmsd
    3.02940e+02   -9.97514e+01    3.04214e-06

           Step           Time
          38500       77.00000

   Energies (kJ/mol)
           Bond            U-B    Proper Dih.  Improper Dih.      CMAP Dih.
    2.32614e+03    5.99230e+03    6.59000e+03    3.68583e+02   -2.22135e+02
          LJ-14     Coulomb-14        LJ (SR)   Coulomb (SR)   Coul. recip.
    2.00827e+03    1.74213e+04    4.05486e+04   -5.21313e+05    1.58261e+03
 Position Rest.      Potential    Kinetic En.   Total Energy  Conserved En.
    6.04896e+02   -4.44092e+05    8.50847e+04   -3.59007e+05   -3.53755e+05
    Temperature Pressure (bar)   Constr. rmsd
    2.99518e+02   -1.24472e+01    3.17970e-06

           Step           Time
          39000       78.00000

   Energies (kJ/mol)
           Bond            U-B    Proper Dih.  Improper Dih.      CMAP Dih.
    2.26466e+03    5.98615e+03    6.57967e+03    3.66047e+02   -2.16312e+02
          LJ-14     Coulomb-14        LJ (SR)   Coulomb (SR)   Coul. recip.
    2.08094e+03    1.74755e+04    3.97360e+04   -5.20446e+05    1.61956e+03
 Position Rest.      Potential    Kinetic En.   Total Energy  Conserved En.
    6.02933e+02   -4.43951e+05    8.55022e+04   -3.58449e+05   -3.53698e+05
    Temperature Pressure (bar)   Constr. rmsd
    3.00988e+02   -2.62069e+02    3.02519e-06

           Step           Time
          39500       79.00000

   Energies (kJ/mol)
           Bond            U-B    Proper Dih.  Improper Dih.      CMAP Dih.
    2.20137e+03    6.05472e+03    6.61503e+03    3.61671e+02   -1.79030e+02
          LJ-14     Coulomb-14        LJ (SR)   Coulomb (SR)   Coul. recip.
    2.09486e+03    1.77256e+04    4.12315e+04   -5.21925e+05    1.57358e+03
 Position Rest.      Potential    Kinetic En.   Total Energy  Conserved En.
    5.57509e+02   -4.43689e+05    8.62863e+04   -3.57402e+05   -3.53798e+05
    Temperature Pressure (bar)   Constr. rmsd
    3.03748e+02    1.94030e+02    3.05821e-06

           Step           Time
          40000       80.00000

   Energies (kJ/mol)
           Bond            U-B    Proper Dih.  Improper Dih.      CMAP Dih.
    2.06544e+03    5.97514e+03    6.53109e+03    3.90270e+02   -1.95710e+02
          LJ-14     Coulomb-14        LJ (SR)   Coulomb (SR)   Coul. recip.
    2.02106e+03    1.76192e+04    4.16798e+04   -5.23894e+05    1.50274e+03
 Position Rest.      Potential    Kinetic En.   Total Energy  Conserved En.
    5.23755e+02   -4.45782e+05    8.49915e+04   -3.60790e+05   -3.53737e+05
    Temperature Pressure (bar)   Constr. rmsd
    2.99190e+02    5.05894e+01    3.03638e-06

           Step           Time
          40500       81.00000

   Energies (kJ/mol)
           Bond            U-B    Proper Dih.  Improper Dih.      CMAP Dih.
    2.15274e+03    5.96275e+03    6.55096e+03    3.30308e+02   -1.79031e+02
          LJ-14     Coulomb-14        LJ (SR)   Coulomb (SR)   Coul. recip.
    2.02908e+03    1.75666e+04    4.10508e+04   -5.22585e+05    1.52891e+03
 Position Rest.      Potential    Kinetic En.   Total Energy  Conserved En.
    5.44228e+02   -4.45048e+05    8.43480e+04   -3.60700e+05   -3.53727e+05
    Temperature Pressure (bar)   Constr. rmsd
    2.96925e+02    1.89669e+01    3.06203e-06

           Step           Time
          41000       82.00000

   Energies (kJ/mol)
           Bond            U-B    Proper Dih.  Improper Dih.      CMAP Dih.
    2.24410e+03    6.13297e+03    6.61983e+03    3.74806e+02   -2.14291e+02
          LJ-14     Coulomb-14        LJ (SR)   Coulomb (SR)   Coul. recip.
    2.00106e+03    1.75036e+04    4.07198e+04   -5.21118e+05    1.55876e+03
 Position Rest.      Potential    Kinetic En.   Total Energy  Conserved En.
    5.64289e+02   -4.43613e+05    8.53976e+04   -3.58215e+05   -3.53644e+05
    Temperature Pressure (bar)   Constr. rmsd
    3.00619e+02   -2.12996e+02    3.02786e-06

           Step           Time
          41500       83.00000

   Energies (kJ/mol)
           Bond            U-B    Proper Dih.  Improper Dih.      CMAP Dih.
    2.18946e+03    5.92684e+03    6.54408e+03    4.36427e+02   -2.18721e+02
          LJ-14     Coulomb-14        LJ (SR)   Coulomb (SR)   Coul. recip.
    2.07640e+03    1.76070e+04    3.99730e+04   -5.20712e+05    1.57578e+03
 Position Rest.      Potential    Kinetic En.   Total Energy  Conserved En.
    5.81170e+02   -4.44021e+05    8.53347e+04   -3.58686e+05   -3.53657e+05
    Temperature Pressure (bar)   Constr. rmsd
    3.00398e+02   -1.65010e+02    2.98651e-06

           Step           Time
          42000       84.00000

   Energies (kJ/mol)
           Bond            U-B    Proper Dih.  Improper Dih.      CMAP Dih.
    2.24842e+03    6.23812e+03    6.54459e+03    4.06760e+02   -2.46136e+02
          LJ-14     Coulomb-14        LJ (SR)   Coulomb (SR)   Coul. recip.
    2.04335e+03    1.72417e+04    3.92628e+04   -5.19754e+05    1.58321e+03
 Position Rest.      Potential    Kinetic En.   Total Energy  Conserved En.
    5.79801e+02   -4.43851e+05    8.53329e+04   -3.58518e+05   -3.53547e+05
    Temperature Pressure (bar)   Constr. rmsd
    3.00392e+02   -4.42281e+02    3.09559e-06

           Step           Time
          42500       85.00000

   Energies (kJ/mol)
           Bond            U-B    Proper Dih.  Improper Dih.      CMAP Dih.
    2.14336e+03    5.99071e+03    6.62789e+03    3.62337e+02   -2.18219e+02
          LJ-14     Coulomb-14        LJ (SR)   Coulomb (SR)   Coul. recip.
    2.04942e+03    1.75794e+04    4.07685e+04   -5.22976e+05    1.54749e+03
 Position Rest.      Potential    Kinetic En.   Total Energy  Conserved En.
    6.03472e+02   -4.45521e+05    8.56074e+04   -3.59914e+05   -3.53704e+05
    Temperature Pressure (bar)   Constr. rmsd
    3.01358e+02    6.71602e+01    3.01962e-06

           Step           Time
          43000       86.00000

   Energies (kJ/mol)
           Bond            U-B    Proper Dih.  Improper Dih.      CMAP Dih.
    2.27267e+03    5.92449e+03    6.55472e+03    3.25422e+02   -2.54773e+02
          LJ-14     Coulomb-14        LJ (SR)   Coulomb (SR)   Coul. recip.
    2.04540e+03    1.75495e+04    4.01419e+04   -5.21440e+05    1.54691e+03
 Position Rest.      Potential    Kinetic En.   Total Energy  Conserved En.
    6.19550e+02   -4.44714e+05    8.49920e+04   -3.59722e+05   -3.53588e+05
    Temperature Pressure (bar)   Constr. rmsd
    2.99192e+02   -2.98205e+02    3.15254e-06

           Step           Time
          43500       87.00000

   Energies (kJ/mol)
           Bond            U-B    Proper Dih.  Improper Dih.      CMAP Dih.
    2.06372e+03    6.02304e+03    6.55875e+03    4.07765e+02   -2.15676e+02
          LJ-14     Coulomb-14        LJ (SR)   Coulomb (SR)   Coul. recip.
    2.11015e+03    1.76601e+04    4.05492e+04   -5.21162e+05    1.55763e+03
 Position Rest.      Potential    Kinetic En.   Total Energy  Conserved En.
    5.78118e+02   -4.43870e+05    8.46103e+04   -3.59259e+05   -3.53663e+05
    Temperature Pressure (bar)   Constr. rmsd
    2.97848e+02    1.30383e+02    2.94315e-06

           Step           Time
          44000       88.00000

   Energies (kJ/mol)
           Bond            U-B    Proper Dih.  Improper Dih.      CMAP Dih.
    2.17570e+03    6.09200e+03    6.63297e+03    3.45897e+02   -2.28974e+02
          LJ-14     Coulomb-14        LJ (SR)   Coulomb (SR)   Coul. recip.
    2.04769e+03    1.76211e+04    4.04548e+04   -5.21145e+05    1.51377e+03
 Position Rest.      Potential    Kinetic En.   Total Energy  Conserved En.
    5.55052e+02   -4.43935e+05    8.59365e+04   -3.57999e+05   -3.53616e+05
    Temperature Pressure (bar)   Constr. rmsd
    3.02517e+02   -6.31022e+01    3.16691e-06

           Step           Time
          44500       89.00000

   Energies (kJ/mol)
           Bond            U-B    Proper Dih.  Improper Dih.      CMAP Dih.
    2.15705e+03    6.06527e+03    6.68731e+03    4.19064e+02   -2.27786e+02
          LJ-14     Coulomb-14        LJ (SR)   Coulomb (SR)   Coul. recip.
    2.03032e+03    1.75083e+04    4.14936e+04   -5.22052e+05    1.55216e+03
 Position Rest.      Potential    Kinetic En.   Total Energy  Conserved En.
    5.98521e+02   -4.43769e+05    8.64576e+04   -3.57311e+05   -3.53677e+05
    Temperature Pressure (bar)   Constr. rmsd
    3.04351e+02    2.73291e+02    3.21316e-06

           Step           Time
          45000       90.00000

   Energies (kJ/mol)
           Bond            U-B    Proper Dih.  Improper Dih.      CMAP Dih.
    2.30591e+03    5.99406e+03    6.64776e+03    3.34057e+02   -2.06623e+02
          LJ-14     Coulomb-14        LJ (SR)   Coulomb (SR)   Coul. recip.
    2.01781e+03    1.76261e+04    3.95146e+04   -5.20499e+05    1.53070e+03
 Position Rest.      Potential    Kinetic En.   Total Energy  Conserved En.
    5.75123e+02   -4.44160e+05    8.61290e+04   -3.58031e+05   -3.53518e+05
    Temperature Pressure (bar)   Constr. rmsd
    3.03194e+02   -2.92842e+02    3.19415e-06

           Step           Time
          45500       91.00000

   Energies (kJ/mol)
           Bond            U-B    Proper Dih.  Improper Dih.      CMAP Dih.
    2.20874e+03    5.86542e+03    6.62872e+03    3.39923e+02   -2.14849e+02
          LJ-14     Coulomb-14        LJ (SR)   Coulomb (SR)   Coul. recip.
    2.05590e+03    1.76972e+04    4.20345e+04   -5.23133e+05    1.54565e+03
 Position Rest.      Potential    Kinetic En.   Total Energy  Conserved En.
    5.77585e+02   -4.44395e+05    8.59139e+04   -3.58481e+05   -3.53632e+05
    Temperature Pressure (bar)   Constr. rmsd
    3.02437e+02    1.30296e+02    3.03951e-06

           Step           Time
          46000       92.00000

   Energies (kJ/mol)
           Bond            U-B    Proper Dih.  Improper Dih.      CMAP Dih.
    2.13504e+03    5.88148e+03    6.59906e+03    4.10487e+02   -2.19453e+02
          LJ-14     Coulomb-14        LJ (SR)   Coulomb (SR)   Coul. recip.
    2.05146e+03    1.75781e+04    4.00768e+04   -5.21135e+05    1.54609e+03
 Position Rest.      Potential    Kinetic En.   Total Energy  Conserved En.
    5.51561e+02   -4.44524e+05    8.57292e+04   -3.58795e+05   -3.53571e+05
    Temperature Pressure (bar)   Constr. rmsd
    3.01787e+02   -5.90354e+01    3.16474e-06

           Step           Time
          46500       93.00000

   Energies (kJ/mol)
           Bond            U-B    Proper Dih.  Improper Dih.      CMAP Dih.
    2.24232e+03    5.87509e+03    6.56496e+03    3.50832e+02   -2.25592e+02
          LJ-14     Coulomb-14        LJ (SR)   Coulomb (SR)   Coul. recip.
    2.09602e+03    1.77397e+04    4.07485e+04   -5.20964e+05    1.52380e+03
 Position Rest.      Potential    Kinetic En.   Total Energy  Conserved En.
    5.91730e+02   -4.43457e+05    8.50359e+04   -3.58421e+05   -3.53515e+05
    Temperature Pressure (bar)   Constr. rmsd
    2.99347e+02   -1.22480e+02    3.13386e-06

           Step           Time
          47000       94.00000

   Energies (kJ/mol)
           Bond            U-B    Proper Dih.  Improper Dih.      CMAP Dih.
    2.26436e+03    5.81985e+03    6.55744e+03    3.70770e+02   -2.67949e+02
          LJ-14     Coulomb-14        LJ (SR)   Coulomb (SR)   Coul. recip.
    2.01379e+03    1.77656e+04    4.03764e+04   -5.21368e+05    1.59575e+03
 Position Rest.      Potential    Kinetic En.   Total Energy  Conserved En.
    5.74222e+02   -4.44298e+05    8.51409e+04   -3.59157e+05   -3.53520e+05
    Temperature Pressure (bar)   Constr. rmsd
    2.99716e+02   -9.95588e+01    2.90943e-06

           Step           Time
          47500       95.00000

   Energies (kJ/mol)
           Bond            U-B    Proper Dih.  Improper Dih.      CMAP Dih.
    2.16803e+03    5.79928e+03    6.53971e+03    3.81532e+02   -2.38788e+02
          LJ-14     Coulomb-14        LJ (SR)   Coulomb (SR)   Coul. recip.
    2.19569e+03    1.77809e+04    4.05051e+04   -5.21321e+05    1.55666e+03
 Position Rest.      Potential    Kinetic En.   Total Energy  Conserved En.
    5.38447e+02   -4.44095e+05    8.52207e+04   -3.58874e+05   -3.53535e+05
    Temperature Pressure (bar)   Constr. rmsd
    2.99997e+02    3.61878e+01    3.29833e-06

           Step           Time
          48000       96.00000

   Energies (kJ/mol)
           Bond            U-B    Proper Dih.  Improper Dih.      CMAP Dih.
    2.28387e+03    6.15406e+03    6.65279e+03    3.59438e+02   -1.92301e+02
          LJ-14     Coulomb-14        LJ (SR)   Coulomb (SR)   Coul. recip.
    1.96027e+03    1.76393e+04    4.07633e+04   -5.21178e+05    1.52894e+03
 Position Rest.      Potential    Kinetic En.   Total Energy  Conserved En.
    6.07268e+02   -4.43422e+05    8.53628e+04   -3.58059e+05   -3.53488e+05
    Temperature Pressure (bar)   Constr. rmsd
    3.00497e+02   -9.63798e+01    3.11950e-06

           Step           Time
          48500       97.00000

   Energies (kJ/mol)
           Bond            U-B    Proper Dih.  Improper Dih.      CMAP Dih.
    2.10597e+03    6.13037e+03    6.59859e+03    3.83809e+02   -2.13830e+02
          LJ-14     Coulomb-14        LJ (SR)   Coulomb (SR)   Coul. recip.
    2.05496e+03    1.76597e+04    4.05888e+04   -5.21032e+05    1.56157e+03
 Position Rest.      Potential    Kinetic En.   Total Energy  Conserved En.
    5.72169e+02   -4.43590e+05    8.58387e+04   -3.57751e+05   -3.53522e+05
    Temperature Pressure (bar)   Constr. rmsd
    3.02172e+02    2.69643e+01    3.15832e-06

           Step           Time
          49000       98.00000

   Energies (kJ/mol)
           Bond            U-B    Proper Dih.  Improper Dih.      CMAP Dih.
    2.28357e+03    5.92740e+03    6.53232e+03    3.20483e+02   -2.23205e+02
          LJ-14     Coulomb-14        LJ (SR)   Coulomb (SR)   Coul. recip.
    2.01249e+03    1.75268e+04    4.06874e+04   -5.22046e+05    1.54533e+03
 Position Rest.      Potential    Kinetic En.   Total Energy  Conserved En.
    5.61619e+02   -4.44871e+05    8.52590e+04   -3.59612e+05   -3.53475e+05
    Temperature Pressure (bar)   Constr. rmsd
    3.00132e+02   -1.33364e+02    3.15375e-06

           Step           Time
          49500       99.00000

   Energies (kJ/mol)
           Bond            U-B    Proper Dih.  Improper Dih.      CMAP Dih.
    2.07842e+03    5.96677e+03    6.50603e+03    3.71839e+02   -2.30462e+02
          LJ-14     Coulomb-14        LJ (SR)   Coulomb (SR)   Coul. recip.
    2.05002e+03    1.75338e+04    4.14483e+04   -5.22752e+05    1.51389e+03
 Position Rest.      Potential    Kinetic En.   Total Energy  Conserved En.
    5.82180e+02   -4.44931e+05    8.48337e+04   -3.60098e+05   -3.53544e+05
    Temperature Pressure (bar)   Constr. rmsd
    2.98634e+02    1.82273e+02    3.17247e-06

           Step           Time
          50000      100.00000

Writing checkpoint, step 50000 at Wed Jan 10 12:33:26 2024


   Energies (kJ/mol)
           Bond            U-B    Proper Dih.  Improper Dih.      CMAP Dih.
    2.22910e+03    5.92849e+03    6.57477e+03    3.75693e+02   -2.18827e+02
          LJ-14     Coulomb-14        LJ (SR)   Coulomb (SR)   Coul. recip.
    2.03622e+03    1.77388e+04    4.10750e+04   -5.22389e+05    1.60020e+03
 Position Rest.      Potential    Kinetic En.   Total Energy  Conserved En.
    5.51884e+02   -4.44498e+05    8.57925e+04   -3.58705e+05   -3.53528e+05
    Temperature Pressure (bar)   Constr. rmsd
    3.02010e+02    2.02877e+02    3.30528e-06


Energy conservation over simulation part #1 of length 100 ps, time 0 to 100 ps
  Conserved energy drift: 3.55e-04 kJ/mol/ps per atom


	<======  ###############  ==>
	<====  A V E R A G E S  ====>
	<==  ###############  ======>

	Statistics over 50001 steps using 501 frames

   Energies (kJ/mol)
           Bond            U-B    Proper Dih.  Improper Dih.      CMAP Dih.
    2.17953e+03    5.99774e+03    6.57045e+03    3.67061e+02   -2.17311e+02
          LJ-14     Coulomb-14        LJ (SR)   Coulomb (SR)   Coul. recip.
    2.06266e+03    1.76450e+04    4.08838e+04   -5.21828e+05    1.55892e+03
 Position Rest.      Potential    Kinetic En.   Total Energy  Conserved En.
    5.78999e+02   -4.44201e+05    8.52810e+04   -3.58920e+05   -3.54113e+05
    Temperature Pressure (bar)   Constr. rmsd
    3.00209e+02   -1.69759e+01    0.00000e+00

          Box-X          Box-Y          Box-Z
    7.74967e+00    7.74967e+00    5.47984e+00

   Total Virial (kJ/mol)
    2.86640e+04    1.21455e+02   -1.53479e+01
    1.21606e+02    2.86229e+04    1.75818e+02
   -1.53288e+01    1.75812e+02    2.85106e+04

   Pressure (bar)
   -2.22169e+01   -1.53398e+01    4.99165e-01
   -1.53550e+01   -2.46048e+01   -1.60456e+01
    4.97246e-01   -1.60450e+01   -4.10604e+00

  T-Protein_JZ4      T-CLA_SOL
    3.00608e+02    3.00166e+02


	M E G A - F L O P S   A C C O U N T I N G

 NB=Group-cutoff nonbonded kernels    NxN=N-by-N cluster Verlet kernels
 RF=Reaction-Field  VdW=Van der Waals  QSTab=quadratic-spline table
 W3=SPC/TIP3p  W4=TIP4p (single or pairs)
 V&F=Potential and force  V=Potential only  F=Force only

 Computing:                               M-Number         M-Flops  % Flops
-----------------------------------------------------------------------------
 Pair Search distance check            9435.400980       84918.609     0.1
 NxN Ewald Elec. + LJ [F]           1308501.137488   102063088.724    93.8
 NxN Ewald Elec. + LJ [V&F]           13243.268904     1708381.689     1.6
 NxN Ewald Elec. [F]                  25376.233824     1547950.263     1.4
 NxN Ewald Elec. [V&F]                  257.112120       21597.418     0.0
 1,4 nonbonded interactions             344.706894       31023.620     0.0
 Calc Weights                          5026.450527      180952.219     0.2
 Spread Q Bspline                    107230.944576      214461.889     0.2
 Gather F Bspline                    107230.944576      643385.667     0.6
 3D-FFT                              240463.009164     1923704.073     1.8
 Solve PME                              135.202704        8652.973     0.0
 Reset In Box                            20.943125          62.829     0.0
 CG-CoM                                  20.976634          62.930     0.0
 Bonds                                   66.551331        3926.529     0.0
 Propers                                333.606672       76395.928     0.1
 Impropers                               21.450429        4461.689     0.0
 Pos. Restr.                             65.051301        3252.565     0.0
 Virial                                  16.810554         302.590     0.0
 Stop-CM                                 16.788009         167.880     0.0
 P-Coupling                              16.788009         100.728     0.0
 Calc-Ekin                              335.157018        9049.239     0.0
 Lincs                                   66.251325        3975.079     0.0
 Lincs-Mat                              358.207164        1432.829     0.0
 Constraint-V                          1675.883517       15082.952     0.0
 Constraint-Vir                          16.128192         387.077     0.0
 Settle                                 514.460289      190350.307     0.2
 CMAP                                     8.050161       13685.274     0.0
 Urey-Bradley                           239.404788       43811.076     0.0
-----------------------------------------------------------------------------
 Total                                               108794624.646   100.0
-----------------------------------------------------------------------------


    D O M A I N   D E C O M P O S I T I O N   S T A T I S T I C S

 av. #atoms communicated per step for force:  2 x 0.0
 av. #atoms communicated per step for LINCS:  2 x 0.0


      R E A L   C Y C L E   A N D   T I M E   A C C O U N T I N G

On 1 MPI rank, each using 8 OpenMP threads

 Activity:              Num   Num      Call    Wall time         Giga-Cycles
                        Ranks Threads  Count      (s)         total sum    %
--------------------------------------------------------------------------------
 Domain decomp.            1    8        625       1.447          0.278   0.3
 Neighbor search           1    8        626       6.302          1.210   1.2
 Force                     1    8      50001     445.898         85.612  82.4
 PME mesh                  1    8      50001      60.983         11.709  11.3
 NB X/F buffer ops.        1    8      99376       9.314          1.788   1.7
 Write traj.               1    8        101       0.132          0.025   0.0
 Update                    1    8      50001       5.848          1.123   1.1
 Constraints               1    8      50001       9.682          1.859   1.8
 Rest                                              1.502          0.288   0.3
--------------------------------------------------------------------------------
 Total                                           541.108        103.892 100.0
--------------------------------------------------------------------------------
 Breakdown of PME mesh activities
--------------------------------------------------------------------------------
 PME spread                1    8      50001      18.626          3.576   3.4
 PME gather                1    8      50001      17.975          3.451   3.3
 PME 3D-FFT                1    8     100002      23.264          4.467   4.3
 PME solve Elec            1    8      50001       0.692          0.133   0.1
--------------------------------------------------------------------------------

               Core t (s)   Wall t (s)        (%)
       Time:     4328.860      541.108      800.0
                 (ns/day)    (hour/ns)
Performance:       15.968        1.503
Finished mdrun on rank 0 Wed Jan 10 12:33:26 2024

