                      :-) GROMACS - gmx mdrun, 2023.2 (-:

Copyright 1991-2023 The GROMACS Authors.
GROMACS is free software; you can redistribute it and/or modify it
under the terms of the GNU Lesser General Public License
as published by the Free Software Foundation; either version 2.1
of the License, or (at your option) any later version.

                         Current GROMACS contributors:
       Mark Abraham           Andrey Alekseenko           Cathrine Bergh      
      Christian Blau            Eliane Briand             Mahesh Doijade      
    Stefan Fleischmann           Vytas Gapsys              Gaurav Garg        
      Sergey Gorelov         Gilles Gouaillardet            Alan Gray         
     M. Eric Irrgang         Farzaneh Jalalypour            Joe Jordan        
    Christoph Junghans        Prashanth Kanduri          Sebastian Keller     
     Carsten Kutzner           Justin A. Lemkul          Magnus Lundborg      
       Pascal Merz              Vedran Miletic            Dmitry Morozov      
       Szilard Pall             Roland Schulz             Michael Shirts      
     Alexey Shvetsov            Balint Soproni         David van der Spoel    
      Philip Turner             Carsten Uphoff           Alessandra Villa     
 Sebastian Wingbermuehle        Artem Zhmurov       

                         Previous GROMACS contributors:
        Emile Apol             Rossen Apostolov           James Barnett       
  Herman J.C. Berendsen          Par Bjelkmar           Viacheslav Bolnykh    
        Kevin Boyd            Aldert van Buuren          Carlo Camilloni      
     Rudi van Drunen            Anton Feenstra           Oliver Fleetwood     
     Gerrit Groenhof            Bert de Groot             Anca Hamuraru       
    Vincent Hindriksen          Victor Holanda           Aleksei Iupinov      
   Dimitrios Karkoulis           Peter Kasson             Sebastian Kehl      
        Jiri Kraus               Per Larsson              Viveca Lindahl      
      Erik Marklund           Pieter Meulenhoff           Teemu Murtola       
       Sander Pronk             Alfons Sijbers            Peter Tieleman      
       Jon Vincent             Teemu Virolainen         Christian Wennberg    
       Maarten Wolf       

                  Coordinated by the GROMACS project leaders:
                    Paul Bauer, Berk Hess, and Erik Lindahl

GROMACS:      gmx mdrun, version 2023.2
Executable:   /usr/local/gromacs/bin/gmx
Data prefix:  /usr/local/gromacs
Working dir:  /Users/samhoover/md/tutorials/gromacs/compchems/villin/NPT
Process ID:   33480
Command line:
  gmx mdrun -v -deffnm npt

GROMACS version:    2023.2
Precision:          mixed
Memory model:       64 bit
MPI library:        thread_mpi
OpenMP support:     enabled (GMX_OPENMP_MAX_THREADS = 128)
GPU support:        disabled
SIMD instructions:  ARM_NEON_ASIMD
CPU FFT library:    fftw-3.3.8
GPU FFT library:    none
Multi-GPU FFT:      none
TNG support:        enabled
Hwloc support:      disabled
Tracing support:    disabled
C compiler:         /Library/Developer/CommandLineTools/usr/bin/cc AppleClang 15.0.0.15000040
C compiler flags:   -Wno-missing-field-initializers -fno-stack-check -fno-stack-check -O3 -DNDEBUG
C++ compiler:       /Library/Developer/CommandLineTools/usr/bin/c++ AppleClang 15.0.0.15000040
C++ compiler flags: -Wno-reserved-identifier -Wno-missing-field-initializers -fno-stack-check -fno-stack-check -Weverything -Wno-c++98-compat -Wno-c++98-compat-pedantic -Wno-source-uses-openmp -Wno-c++17-extensions -Wno-documentation-unknown-command -Wno-covered-switch-default -Wno-switch-enum -Wno-extra-semi-stmt -Wno-weak-vtables -Wno-shadow -Wno-padded -Wno-reserved-id-macro -Wno-double-promotion -Wno-exit-time-destructors -Wno-global-constructors -Wno-documentation -Wno-format-nonliteral -Wno-used-but-marked-unused -Wno-float-equal -Wno-conditional-uninitialized -Wno-conversion -Wno-disabled-macro-expansion -Wno-unused-macros -Wno-unsafe-buffer-usage -Xclang -fopenmp -O3 -DNDEBUG
BLAS library:       External - detected on the system
LAPACK library:     External - detected on the system


Running on 1 node with total 0 processing units
Hardware detected on host sh-mbp.lan:
  CPU info:
    Vendor: ARM
    Brand:  Unknown CPU brand
    Family: 0   Model: 0   Stepping: 0
    Features: neon neon_asimd
  Hardware topology: Only logical processor count
    CPU limit set by OS: -1   Recommended max number of threads: 8


++++ PLEASE READ AND CITE THE FOLLOWING REFERENCE ++++
M. J. Abraham, T. Murtola, R. Schulz, S. Páll, J. C. Smith, B. Hess, E.
Lindahl
GROMACS: High performance molecular simulations through multi-level
parallelism from laptops to supercomputers
SoftwareX 1 (2015) pp. 19-25
-------- -------- --- Thank You --- -------- --------


++++ PLEASE READ AND CITE THE FOLLOWING REFERENCE ++++
S. Páll, M. J. Abraham, C. Kutzner, B. Hess, E. Lindahl
Tackling Exascale Software Challenges in Molecular Dynamics Simulations with
GROMACS
In S. Markidis & E. Laure (Eds.), Solving Software Challenges for Exascale 8759 (2015) pp. 3-27
-------- -------- --- Thank You --- -------- --------


++++ PLEASE READ AND CITE THE FOLLOWING REFERENCE ++++
S. Pronk, S. Páll, R. Schulz, P. Larsson, P. Bjelkmar, R. Apostolov, M. R.
Shirts, J. C. Smith, P. M. Kasson, D. van der Spoel, B. Hess, and E. Lindahl
GROMACS 4.5: a high-throughput and highly parallel open source molecular
simulation toolkit
Bioinformatics 29 (2013) pp. 845-54
-------- -------- --- Thank You --- -------- --------


++++ PLEASE READ AND CITE THE FOLLOWING REFERENCE ++++
B. Hess and C. Kutzner and D. van der Spoel and E. Lindahl
GROMACS 4: Algorithms for highly efficient, load-balanced, and scalable
molecular simulation
J. Chem. Theory Comput. 4 (2008) pp. 435-447
-------- -------- --- Thank You --- -------- --------


++++ PLEASE READ AND CITE THE FOLLOWING REFERENCE ++++
D. van der Spoel, E. Lindahl, B. Hess, G. Groenhof, A. E. Mark and H. J. C.
Berendsen
GROMACS: Fast, Flexible and Free
J. Comp. Chem. 26 (2005) pp. 1701-1719
-------- -------- --- Thank You --- -------- --------


++++ PLEASE READ AND CITE THE FOLLOWING REFERENCE ++++
E. Lindahl and B. Hess and D. van der Spoel
GROMACS 3.0: A package for molecular simulation and trajectory analysis
J. Mol. Mod. 7 (2001) pp. 306-317
-------- -------- --- Thank You --- -------- --------


++++ PLEASE READ AND CITE THE FOLLOWING REFERENCE ++++
H. J. C. Berendsen, D. van der Spoel and R. van Drunen
GROMACS: A message-passing parallel molecular dynamics implementation
Comp. Phys. Comm. 91 (1995) pp. 43-56
-------- -------- --- Thank You --- -------- --------


++++ PLEASE CITE THE DOI FOR THIS VERSION OF GROMACS ++++
https://doi.org/10.5281/zenodo.8134397
-------- -------- --- Thank You --- -------- --------

Input Parameters:
   integrator                     = md
   tinit                          = 0
   dt                             = 0.002
   nsteps                         = 50000
   init-step                      = 0
   simulation-part                = 1
   mts                            = false
   comm-mode                      = Linear
   nstcomm                        = 100
   bd-fric                        = 0
   ld-seed                        = 1071315243
   emtol                          = 10
   emstep                         = 0.01
   niter                          = 20
   fcstep                         = 0
   nstcgsteep                     = 1000
   nbfgscorr                      = 10
   rtpi                           = 0.05
   nstxout                        = 500
   nstvout                        = 500
   nstfout                        = 0
   nstlog                         = 500
   nstcalcenergy                  = 100
   nstenergy                      = 500
   nstxout-compressed             = 0
   compressed-x-precision         = 1000
   cutoff-scheme                  = Verlet
   nstlist                        = 10
   pbc                            = xyz
   periodic-molecules             = false
   verlet-buffer-tolerance        = 0.005
   rlist                          = 1
   coulombtype                    = PME
   coulomb-modifier               = Potential-shift
   rcoulomb-switch                = 0
   rcoulomb                       = 1
   epsilon-r                      = 1
   epsilon-rf                     = inf
   vdw-type                       = Cut-off
   vdw-modifier                   = Potential-shift
   rvdw-switch                    = 0
   rvdw                           = 1
   DispCorr                       = EnerPres
   table-extension                = 1
   fourierspacing                 = 0.16
   fourier-nx                     = 32
   fourier-ny                     = 32
   fourier-nz                     = 32
   pme-order                      = 4
   ewald-rtol                     = 1e-05
   ewald-rtol-lj                  = 0.001
   lj-pme-comb-rule               = Geometric
   ewald-geometry                 = 3d
   epsilon-surface                = 0
   ensemble-temperature-setting   = constant
   ensemble-temperature           = 300
   tcoupl                         = V-rescale
   nsttcouple                     = 10
   nh-chain-length                = 0
   print-nose-hoover-chain-variables = false
   pcoupl                         = Parrinello-Rahman
   pcoupltype                     = Isotropic
   nstpcouple                     = 50
   tau-p                          = 2
   compressibility (3x3):
      compressibility[    0]={ 4.50000e-05,  0.00000e+00,  0.00000e+00}
      compressibility[    1]={ 0.00000e+00,  4.50000e-05,  0.00000e+00}
      compressibility[    2]={ 0.00000e+00,  0.00000e+00,  4.50000e-05}
   ref-p (3x3):
      ref-p[    0]={ 1.00000e+00,  0.00000e+00,  0.00000e+00}
      ref-p[    1]={ 0.00000e+00,  1.00000e+00,  0.00000e+00}
      ref-p[    2]={ 0.00000e+00,  0.00000e+00,  1.00000e+00}
   refcoord-scaling               = COM
   posres-com (3):
      posres-com[0]= 5.02272e-01
      posres-com[1]= 4.99227e-01
      posres-com[2]= 4.99386e-01
   posres-comB (3):
      posres-comB[0]= 5.02272e-01
      posres-comB[1]= 4.99227e-01
      posres-comB[2]= 4.99386e-01
   QMMM                           = false
qm-opts:
   ngQM                           = 0
   constraint-algorithm           = Lincs
   continuation                   = true
   Shake-SOR                      = false
   shake-tol                      = 0.0001
   lincs-order                    = 4
   lincs-iter                     = 1
   lincs-warnangle                = 30
   nwall                          = 0
   wall-type                      = 9-3
   wall-r-linpot                  = -1
   wall-atomtype[0]               = -1
   wall-atomtype[1]               = -1
   wall-density[0]                = 0
   wall-density[1]                = 0
   wall-ewald-zfac                = 3
   pull                           = false
   awh                            = false
   rotation                       = false
   interactiveMD                  = false
   disre                          = No
   disre-weighting                = Conservative
   disre-mixed                    = false
   dr-fc                          = 1000
   dr-tau                         = 0
   nstdisreout                    = 100
   orire-fc                       = 0
   orire-tau                      = 0
   nstorireout                    = 100
   free-energy                    = no
   cos-acceleration               = 0
   deform (3x3):
      deform[    0]={ 0.00000e+00,  0.00000e+00,  0.00000e+00}
      deform[    1]={ 0.00000e+00,  0.00000e+00,  0.00000e+00}
      deform[    2]={ 0.00000e+00,  0.00000e+00,  0.00000e+00}
   simulated-tempering            = false
   swapcoords                     = no
   userint1                       = 0
   userint2                       = 0
   userint3                       = 0
   userint4                       = 0
   userreal1                      = 0
   userreal2                      = 0
   userreal3                      = 0
   userreal4                      = 0
   applied-forces:
     electric-field:
       x:
         E0                       = 0
         omega                    = 0
         t0                       = 0
         sigma                    = 0
       y:
         E0                       = 0
         omega                    = 0
         t0                       = 0
         sigma                    = 0
       z:
         E0                       = 0
         omega                    = 0
         t0                       = 0
         sigma                    = 0
     density-guided-simulation:
       active                     = false
       group                      = protein
       similarity-measure         = inner-product
       atom-spreading-weight      = unity
       force-constant             = 1e+09
       gaussian-transform-spreading-width = 0.2
       gaussian-transform-spreading-range-in-multiples-of-width = 4
       reference-density-filename = reference.mrc
       nst                        = 1
       normalize-densities        = true
       adaptive-force-scaling     = false
       adaptive-force-scaling-time-constant = 4
       shift-vector               = 
       transformation-matrix      = 
     qmmm-cp2k:
       active                     = false
       qmgroup                    = System
       qmmethod                   = PBE
       qmfilenames                = 
       qmcharge                   = 0
       qmmultiplicity             = 1
grpopts:
   nrdf:     1452.81     21951.2
   ref-t:         300         300
   tau-t:         0.1         0.1
annealing:          No          No
annealing-npoints:           0           0
   acc:	           0           0           0
   nfreeze:           N           N           N
   energygrp-flags[  0]: 0

Changing nstlist from 10 to 50, rlist from 1 to 1.107


Initializing Domain Decomposition on 1 ranks
Dynamic load balancing: auto
Using update groups, nr 3960, average size 2.9 atoms, max. radius 0.104 nm
Minimum cell size due to atom displacement: 0.390 nm
Initial maximum distances in bonded interactions:
    two-body bonded interactions: 0.423 nm, LJ-14, atoms 169 177
  multi-body bonded interactions: 0.423 nm, Proper Dih., atoms 169 177
Minimum cell size due to bonded interactions: 0.465 nm
Using 0 separate PME ranks because: there are too few total ranks for efficient splitting
Optimizing the DD grid for 1 cells with a minimum initial size of 0.465 nm
The maximum allowed number of cells is: X 10 Y 10 Z 10
Domain decomposition grid 1 x 1 x 1, separate PME ranks 0
PME domain decomposition: 1 x 1 x 1

The initial number of communication pulses is:
The initial domain decomposition cell size is:

The maximum allowed distance for atom groups involved in interactions is:
                 non-bonded interactions           1.315 nm
(the following are initial values, they could change due to box deformation)
            two-body bonded interactions  (-rdd)   1.315 nm
          multi-body bonded interactions  (-rdd)   1.315 nm

When dynamic load balancing gets turned on, these settings will change to:
The maximum number of communication pulses is:
The minimum size for domain decomposition cells is 1.315 nm
The requested allowed shrink of DD cells (option -dds) is: 0.80
The allowed shrink of domain decomposition cells is:
The maximum allowed distance for atom groups involved in interactions is:
                 non-bonded interactions           1.315 nm
            two-body bonded interactions  (-rdd)   1.315 nm
          multi-body bonded interactions  (-rdd)   1.315 nm

Using 1 MPI thread
Using 8 OpenMP threads 

System total charge: 0.000
Will do PME sum in reciprocal space for electrostatic interactions.

++++ PLEASE READ AND CITE THE FOLLOWING REFERENCE ++++
U. Essmann, L. Perera, M. L. Berkowitz, T. Darden, H. Lee and L. G. Pedersen 
A smooth particle mesh Ewald method
J. Chem. Phys. 103 (1995) pp. 8577-8592
-------- -------- --- Thank You --- -------- --------

Using a Gaussian width (1/beta) of 0.320163 nm for Ewald
Potential shift: LJ r^-12: -1.000e+00 r^-6: -1.000e+00, Ewald -1.000e-05
Initialized non-bonded Coulomb Ewald tables, spacing: 9.33e-04 size: 1073

Generated table with 1053 data points for 1-4 COUL.
Tabscale = 500 points/nm
Generated table with 1053 data points for 1-4 LJ6.
Tabscale = 500 points/nm
Generated table with 1053 data points for 1-4 LJ12.
Tabscale = 500 points/nm
Long Range LJ corr.: <C6> 3.0224e-04


Using SIMD 4x4 nonbonded short-range kernels

Using a dual 4x4 pair-list setup updated with dynamic pruning:
  outer list: updated every 50 steps, buffer 0.107 nm, rlist 1.107 nm
  inner list: updated every 12 steps, buffer 0.001 nm, rlist 1.001 nm
At tolerance 0.005 kJ/mol/ps per atom, equivalent classical 1x1 list would be:
  outer list: updated every 50 steps, buffer 0.233 nm, rlist 1.233 nm
  inner list: updated every 12 steps, buffer 0.047 nm, rlist 1.047 nm

Using Lorentz-Berthelot Lennard-Jones combination rule

Linking all bonded interactions to atoms


Initializing LINear Constraint Solver

++++ PLEASE READ AND CITE THE FOLLOWING REFERENCE ++++
B. Hess and H. Bekker and H. J. C. Berendsen and J. G. E. M. Fraaije
LINCS: A Linear Constraint Solver for molecular simulations
J. Comp. Chem. 18 (1997) pp. 1463-1472
-------- -------- --- Thank You --- -------- --------

The number of constraints is 293

++++ PLEASE READ AND CITE THE FOLLOWING REFERENCE ++++
S. Miyamoto and P. A. Kollman
SETTLE: An Analytical Version of the SHAKE and RATTLE Algorithms for Rigid
Water Models
J. Comp. Chem. 13 (1992) pp. 952-962
-------- -------- --- Thank You --- -------- --------


++++ PLEASE READ AND CITE THE FOLLOWING REFERENCE ++++
G. Bussi, D. Donadio and M. Parrinello
Canonical sampling through velocity rescaling
J. Chem. Phys. 126 (2007) pp. 014101
-------- -------- --- Thank You --- -------- --------

There are: 11547 Atoms

Atom distribution over 1 domains: av 11547 stddev 0 min 11547 max 11547
Center of mass motion removal mode is Linear
We have the following groups for center of mass motion removal:
  0:  rest

Started mdrun on rank 0 Fri Jan 19 15:38:23 2024

           Step           Time
              0        0.00000

   Energies (kJ/mol)
           Bond          Angle    Proper Dih. Per. Imp. Dih.          LJ-14
    4.50556e+02    1.07130e+03    1.43104e+03    6.99534e+01    5.40094e+02
     Coulomb-14        LJ (SR)  Disper. corr.   Coulomb (SR)   Coul. recip.
    7.78044e+03    2.17568e+04   -1.42952e+03   -1.91823e+05    1.10908e+03
 Position Rest.      Potential    Kinetic En.   Total Energy  Conserved En.
    3.69625e-02   -1.59043e+05    2.93306e+04   -1.29713e+05   -1.29706e+05
    Temperature Pres. DC (bar) Pressure (bar)   Constr. rmsd
    3.01458e+02   -2.01515e+02   -5.04886e+02    2.50217e-06

           Step           Time
            500        1.00000

   Energies (kJ/mol)
           Bond          Angle    Proper Dih. Per. Imp. Dih.          LJ-14
    4.70257e+02    1.24923e+03    1.38201e+03    8.84398e+01    5.46888e+02
     Coulomb-14        LJ (SR)  Disper. corr.   Coulomb (SR)   Coul. recip.
    7.79732e+03    2.27290e+04   -1.46046e+03   -1.93162e+05    1.14352e+03
 Position Rest.      Potential    Kinetic En.   Total Energy  Conserved En.
    1.69312e+02   -1.59046e+05    2.96564e+04   -1.29390e+05   -1.29689e+05
    Temperature Pres. DC (bar) Pressure (bar)   Constr. rmsd
    3.04807e+02   -2.10321e+02    1.09677e+02    3.00077e-06

           Step           Time
           1000        2.00000

   Energies (kJ/mol)
           Bond          Angle    Proper Dih. Per. Imp. Dih.          LJ-14
    4.18262e+02    1.24194e+03    1.39995e+03    9.21523e+01    6.05663e+02
     Coulomb-14        LJ (SR)  Disper. corr.   Coulomb (SR)   Coul. recip.
    7.74246e+03    2.22881e+04   -1.43774e+03   -1.92084e+05    1.13740e+03
 Position Rest.      Potential    Kinetic En.   Total Energy  Conserved En.
    1.18985e+02   -1.58477e+05    2.88785e+04   -1.29598e+05   -1.29671e+05
    Temperature Pres. DC (bar) Pressure (bar)   Constr. rmsd
    2.96811e+02   -2.03835e+02    3.17578e+01    2.29496e-06

           Step           Time
           1500        3.00000

   Energies (kJ/mol)
           Bond          Angle    Proper Dih. Per. Imp. Dih.          LJ-14
    4.45118e+02    1.05894e+03    1.43290e+03    7.21064e+01    5.86926e+02
     Coulomb-14        LJ (SR)  Disper. corr.   Coulomb (SR)   Coul. recip.
    7.78132e+03    2.24730e+04   -1.45522e+03   -1.93513e+05    1.07385e+03
 Position Rest.      Potential    Kinetic En.   Total Energy  Conserved En.
    1.46080e+02   -1.59898e+05    2.89729e+04   -1.30926e+05   -1.29667e+05
    Temperature Pres. DC (bar) Pressure (bar)   Constr. rmsd
    2.97782e+02   -2.08818e+02   -7.76410e+01    2.48366e-06

           Step           Time
           2000        4.00000

   Energies (kJ/mol)
           Bond          Angle    Proper Dih. Per. Imp. Dih.          LJ-14
    4.17457e+02    1.12952e+03    1.37798e+03    6.76747e+01    5.68389e+02
     Coulomb-14        LJ (SR)  Disper. corr.   Coulomb (SR)   Coul. recip.
    7.84294e+03    2.27084e+04   -1.46183e+03   -1.93746e+05    1.07394e+03
 Position Rest.      Potential    Kinetic En.   Total Energy  Conserved En.
    1.34212e+02   -1.59888e+05    2.88228e+04   -1.31065e+05   -1.29676e+05
    Temperature Pres. DC (bar) Pressure (bar)   Constr. rmsd
    2.96238e+02   -2.10716e+02    3.00136e+01    3.16894e-06

           Step           Time
           2500        5.00000

   Energies (kJ/mol)
           Bond          Angle    Proper Dih. Per. Imp. Dih.          LJ-14
    4.23358e+02    1.13064e+03    1.39855e+03    6.89742e+01    5.84184e+02
     Coulomb-14        LJ (SR)  Disper. corr.   Coulomb (SR)   Coul. recip.
    7.77139e+03    2.19326e+04   -1.45200e+03   -1.92273e+05    1.05513e+03
 Position Rest.      Potential    Kinetic En.   Total Energy  Conserved En.
    1.67452e+02   -1.59192e+05    2.90211e+04   -1.30171e+05   -1.29682e+05
    Temperature Pres. DC (bar) Pressure (bar)   Constr. rmsd
    2.98276e+02   -2.07893e+02   -2.20029e+02    3.16549e-06

           Step           Time
           3000        6.00000

   Energies (kJ/mol)
           Bond          Angle    Proper Dih. Per. Imp. Dih.          LJ-14
    4.51703e+02    1.14065e+03    1.39016e+03    6.54421e+01    5.47868e+02
     Coulomb-14        LJ (SR)  Disper. corr.   Coulomb (SR)   Coul. recip.
    7.74173e+03    2.25602e+04   -1.45281e+03   -1.93044e+05    1.10861e+03
 Position Rest.      Potential    Kinetic En.   Total Energy  Conserved En.
    1.64416e+02   -1.59326e+05    2.92008e+04   -1.30125e+05   -1.29676e+05
    Temperature Pres. DC (bar) Pressure (bar)   Constr. rmsd
    3.00123e+02   -2.08127e+02    5.32698e+01    2.98973e-06

           Step           Time
           3500        7.00000

   Energies (kJ/mol)
           Bond          Angle    Proper Dih. Per. Imp. Dih.          LJ-14
    3.96632e+02    1.15521e+03    1.41701e+03    6.50891e+01    5.57108e+02
     Coulomb-14        LJ (SR)  Disper. corr.   Coulomb (SR)   Coul. recip.
    7.82272e+03    2.24954e+04   -1.43881e+03   -1.92898e+05    1.11341e+03
 Position Rest.      Potential    Kinetic En.   Total Energy  Conserved En.
    1.45359e+02   -1.59169e+05    2.92418e+04   -1.29927e+05   -1.29637e+05
    Temperature Pres. DC (bar) Pressure (bar)   Constr. rmsd
    3.00545e+02   -2.04139e+02    8.47601e+01    3.07513e-06

           Step           Time
           4000        8.00000

   Energies (kJ/mol)
           Bond          Angle    Proper Dih. Per. Imp. Dih.          LJ-14
    4.21873e+02    1.20543e+03    1.37275e+03    6.18625e+01    5.59861e+02
     Coulomb-14        LJ (SR)  Disper. corr.   Coulomb (SR)   Coul. recip.
    7.76497e+03    2.22244e+04   -1.43910e+03   -1.92692e+05    1.12033e+03
 Position Rest.      Potential    Kinetic En.   Total Energy  Conserved En.
    1.53628e+02   -1.59246e+05    2.96212e+04   -1.29625e+05   -1.29559e+05
    Temperature Pres. DC (bar) Pressure (bar)   Constr. rmsd
    3.04445e+02   -2.04223e+02   -2.63853e+02    2.73460e-06

           Step           Time
           4500        9.00000

   Energies (kJ/mol)
           Bond          Angle    Proper Dih. Per. Imp. Dih.          LJ-14
    4.16304e+02    1.15038e+03    1.47979e+03    6.26621e+01    5.47885e+02
     Coulomb-14        LJ (SR)  Disper. corr.   Coulomb (SR)   Coul. recip.
    7.86843e+03    2.28727e+04   -1.46334e+03   -1.93980e+05    1.11701e+03
 Position Rest.      Potential    Kinetic En.   Total Energy  Conserved En.
    1.73039e+02   -1.59755e+05    2.90035e+04   -1.30751e+05   -1.29501e+05
    Temperature Pres. DC (bar) Pressure (bar)   Constr. rmsd
    2.98096e+02   -2.11150e+02    1.96713e+02    1.85882e-06

           Step           Time
           5000       10.00000

   Energies (kJ/mol)
           Bond          Angle    Proper Dih. Per. Imp. Dih.          LJ-14
    4.44000e+02    1.14614e+03    1.46539e+03    7.08669e+01    5.41227e+02
     Coulomb-14        LJ (SR)  Disper. corr.   Coulomb (SR)   Coul. recip.
    7.74626e+03    2.21538e+04   -1.44197e+03   -1.92763e+05    1.11246e+03
 Position Rest.      Potential    Kinetic En.   Total Energy  Conserved En.
    1.66392e+02   -1.59359e+05    2.89782e+04   -1.30380e+05   -1.29463e+05
    Temperature Pres. DC (bar) Pressure (bar)   Constr. rmsd
    2.97836e+02   -2.05035e+02   -1.87569e+02    1.87610e-06

           Step           Time
           5500       11.00000

   Energies (kJ/mol)
           Bond          Angle    Proper Dih. Per. Imp. Dih.          LJ-14
    4.18500e+02    1.16323e+03    1.44598e+03    6.02957e+01    5.60697e+02
     Coulomb-14        LJ (SR)  Disper. corr.   Coulomb (SR)   Coul. recip.
    7.80779e+03    2.21264e+04   -1.46001e+03   -1.92490e+05    1.11152e+03
 Position Rest.      Potential    Kinetic En.   Total Energy  Conserved En.
    1.35545e+02   -1.59120e+05    2.93355e+04   -1.29784e+05   -1.29427e+05
    Temperature Pres. DC (bar) Pressure (bar)   Constr. rmsd
    3.01508e+02   -2.10191e+02    6.18752e+01    2.81150e-06

           Step           Time
           6000       12.00000

   Energies (kJ/mol)
           Bond          Angle    Proper Dih. Per. Imp. Dih.          LJ-14
    4.29805e+02    1.12803e+03    1.41730e+03    5.66050e+01    5.74972e+02
     Coulomb-14        LJ (SR)  Disper. corr.   Coulomb (SR)   Coul. recip.
    7.79318e+03    2.25369e+04   -1.45869e+03   -1.93243e+05    1.06504e+03
 Position Rest.      Potential    Kinetic En.   Total Energy  Conserved En.
    1.30255e+02   -1.59570e+05    2.92834e+04   -1.30286e+05   -1.29408e+05
    Temperature Pres. DC (bar) Pressure (bar)   Constr. rmsd
    3.00973e+02   -2.09811e+02    2.14779e+02    2.28712e-06

           Step           Time
           6500       13.00000

   Energies (kJ/mol)
           Bond          Angle    Proper Dih. Per. Imp. Dih.          LJ-14
    4.95813e+02    1.14852e+03    1.39730e+03    7.81551e+01    5.42663e+02
     Coulomb-14        LJ (SR)  Disper. corr.   Coulomb (SR)   Coul. recip.
    7.72494e+03    2.26019e+04   -1.46106e+03   -1.93116e+05    1.13347e+03
 Position Rest.      Potential    Kinetic En.   Total Energy  Conserved En.
    1.48603e+02   -1.59306e+05    2.89923e+04   -1.30314e+05   -1.29393e+05
    Temperature Pres. DC (bar) Pressure (bar)   Constr. rmsd
    2.97981e+02   -2.10493e+02    5.48980e+01    2.08341e-06

           Step           Time
           7000       14.00000

   Energies (kJ/mol)
           Bond          Angle    Proper Dih. Per. Imp. Dih.          LJ-14
    4.46403e+02    1.08837e+03    1.40861e+03    6.31559e+01    5.67819e+02
     Coulomb-14        LJ (SR)  Disper. corr.   Coulomb (SR)   Coul. recip.
    7.76520e+03    2.25028e+04   -1.44891e+03   -1.93217e+05    1.15633e+03
 Position Rest.      Potential    Kinetic En.   Total Energy  Conserved En.
    1.20497e+02   -1.59547e+05    2.91645e+04   -1.30382e+05   -1.29391e+05
    Temperature Pres. DC (bar) Pressure (bar)   Constr. rmsd
    2.99751e+02   -2.07011e+02   -6.83074e+01    2.28252e-06

           Step           Time
           7500       15.00000

   Energies (kJ/mol)
           Bond          Angle    Proper Dih. Per. Imp. Dih.          LJ-14
    4.40319e+02    1.12654e+03    1.41640e+03    7.37659e+01    5.59038e+02
     Coulomb-14        LJ (SR)  Disper. corr.   Coulomb (SR)   Coul. recip.
    7.81676e+03    2.20869e+04   -1.43846e+03   -1.92640e+05    1.18682e+03
 Position Rest.      Potential    Kinetic En.   Total Energy  Conserved En.
    1.29385e+02   -1.59242e+05    2.85222e+04   -1.30720e+05   -1.29369e+05
    Temperature Pres. DC (bar) Pressure (bar)   Constr. rmsd
    2.93149e+02   -2.04041e+02   -3.65094e+02    2.88812e-06

           Step           Time
           8000       16.00000

   Energies (kJ/mol)
           Bond          Angle    Proper Dih. Per. Imp. Dih.          LJ-14
    3.97734e+02    1.09149e+03    1.40464e+03    6.78677e+01    5.60208e+02
     Coulomb-14        LJ (SR)  Disper. corr.   Coulomb (SR)   Coul. recip.
    7.76247e+03    2.30205e+04   -1.46191e+03   -1.94498e+05    1.08208e+03
 Position Rest.      Potential    Kinetic En.   Total Energy  Conserved En.
    1.46791e+02   -1.60426e+05    2.93764e+04   -1.31050e+05   -1.29339e+05
    Temperature Pres. DC (bar) Pressure (bar)   Constr. rmsd
    3.01929e+02   -2.10738e+02    2.65277e+02    2.81456e-06

           Step           Time
           8500       17.00000

   Energies (kJ/mol)
           Bond          Angle    Proper Dih. Per. Imp. Dih.          LJ-14
    4.23264e+02    1.20791e+03    1.35519e+03    7.45248e+01    5.67138e+02
     Coulomb-14        LJ (SR)  Disper. corr.   Coulomb (SR)   Coul. recip.
    7.83020e+03    2.34188e+04   -1.46662e+03   -1.94603e+05    1.06978e+03
 Position Rest.      Potential    Kinetic En.   Total Energy  Conserved En.
    1.44697e+02   -1.59978e+05    2.95115e+04   -1.30466e+05   -1.29265e+05
    Temperature Pres. DC (bar) Pressure (bar)   Constr. rmsd
    3.03318e+02   -2.12096e+02    3.61642e+02    4.83236e-06

           Step           Time
           9000       18.00000

   Energies (kJ/mol)
           Bond          Angle    Proper Dih. Per. Imp. Dih.          LJ-14
    4.52832e+02    1.24670e+03    1.35177e+03    6.76645e+01    5.60242e+02
     Coulomb-14        LJ (SR)  Disper. corr.   Coulomb (SR)   Coul. recip.
    7.73083e+03    2.22890e+04   -1.45000e+03   -1.92214e+05    1.16974e+03
 Position Rest.      Potential    Kinetic En.   Total Energy  Conserved En.
    1.54643e+02   -1.58641e+05    2.91159e+04   -1.29525e+05   -1.29254e+05
    Temperature Pres. DC (bar) Pressure (bar)   Constr. rmsd
    2.99251e+02   -2.07324e+02    2.28233e+02    2.70843e-06

           Step           Time
           9500       19.00000

   Energies (kJ/mol)
           Bond          Angle    Proper Dih. Per. Imp. Dih.          LJ-14
    3.59921e+02    1.23070e+03    1.41315e+03    6.06426e+01    5.79880e+02
     Coulomb-14        LJ (SR)  Disper. corr.   Coulomb (SR)   Coul. recip.
    7.84887e+03    2.23462e+04   -1.45307e+03   -1.92857e+05    1.11058e+03
 Position Rest.      Potential    Kinetic En.   Total Energy  Conserved En.
    1.49768e+02   -1.59210e+05    2.92608e+04   -1.29950e+05   -1.29245e+05
    Temperature Pres. DC (bar) Pressure (bar)   Constr. rmsd
    3.00741e+02   -2.08201e+02   -5.76369e+01    2.89725e-06

           Step           Time
          10000       20.00000

   Energies (kJ/mol)
           Bond          Angle    Proper Dih. Per. Imp. Dih.          LJ-14
    4.55302e+02    1.13848e+03    1.38913e+03    8.56833e+01    5.75458e+02
     Coulomb-14        LJ (SR)  Disper. corr.   Coulomb (SR)   Coul. recip.
    7.78615e+03    2.24756e+04   -1.46196e+03   -1.93397e+05    1.13238e+03
 Position Rest.      Potential    Kinetic En.   Total Energy  Conserved En.
    1.39870e+02   -1.59681e+05    2.94150e+04   -1.30266e+05   -1.29249e+05
    Temperature Pres. DC (bar) Pressure (bar)   Constr. rmsd
    3.02325e+02   -2.10752e+02    2.33070e+01    2.91835e-06

           Step           Time
          10500       21.00000

   Energies (kJ/mol)
           Bond          Angle    Proper Dih. Per. Imp. Dih.          LJ-14
    4.31752e+02    1.21252e+03    1.39534e+03    5.78709e+01    5.40884e+02
     Coulomb-14        LJ (SR)  Disper. corr.   Coulomb (SR)   Coul. recip.
    7.73810e+03    2.16939e+04   -1.44010e+03   -1.92165e+05    1.12615e+03
 Position Rest.      Potential    Kinetic En.   Total Energy  Conserved En.
    1.68419e+02   -1.59240e+05    2.88424e+04   -1.30398e+05   -1.29210e+05
    Temperature Pres. DC (bar) Pressure (bar)   Constr. rmsd
    2.96440e+02   -2.04505e+02   -5.21575e+02    2.26306e-06

           Step           Time
          11000       22.00000

   Energies (kJ/mol)
           Bond          Angle    Proper Dih. Per. Imp. Dih.          LJ-14
    4.07118e+02    1.08133e+03    1.39404e+03    6.70048e+01    6.05213e+02
     Coulomb-14        LJ (SR)  Disper. corr.   Coulomb (SR)   Coul. recip.
    7.78338e+03    2.35107e+04   -1.45936e+03   -1.94818e+05    1.13391e+03
 Position Rest.      Potential    Kinetic En.   Total Energy  Conserved En.
    1.81228e+02   -1.60113e+05    2.84206e+04   -1.31692e+05   -1.29197e+05
    Temperature Pres. DC (bar) Pressure (bar)   Constr. rmsd
    2.92105e+02   -2.10005e+02    3.88253e+02    2.30945e-06

           Step           Time
          11500       23.00000

   Energies (kJ/mol)
           Bond          Angle    Proper Dih. Per. Imp. Dih.          LJ-14
    4.94361e+02    1.04397e+03    1.39269e+03    8.83368e+01    5.73170e+02
     Coulomb-14        LJ (SR)  Disper. corr.   Coulomb (SR)   Coul. recip.
    7.77012e+03    2.20528e+04   -1.43541e+03   -1.92120e+05    1.12267e+03
 Position Rest.      Potential    Kinetic En.   Total Energy  Conserved En.
    1.33515e+02   -1.58883e+05    2.89993e+04   -1.29884e+05   -1.29180e+05
    Temperature Pres. DC (bar) Pressure (bar)   Constr. rmsd
    2.98053e+02   -2.03177e+02   -3.71193e+02    2.80650e-06

           Step           Time
          12000       24.00000

   Energies (kJ/mol)
           Bond          Angle    Proper Dih. Per. Imp. Dih.          LJ-14
    4.16812e+02    1.18874e+03    1.40488e+03    6.30848e+01    5.83260e+02
     Coulomb-14        LJ (SR)  Disper. corr.   Coulomb (SR)   Coul. recip.
    7.81420e+03    2.21926e+04   -1.45839e+03   -1.93394e+05    1.14711e+03
 Position Rest.      Potential    Kinetic En.   Total Energy  Conserved En.
    1.47889e+02   -1.59894e+05    2.94720e+04   -1.30422e+05   -1.29165e+05
    Temperature Pres. DC (bar) Pressure (bar)   Constr. rmsd
    3.02911e+02   -2.09727e+02    7.71456e+01    2.37242e-06

           Step           Time
          12500       25.00000

   Energies (kJ/mol)
           Bond          Angle    Proper Dih. Per. Imp. Dih.          LJ-14
    4.08132e+02    1.18931e+03    1.37375e+03    5.47128e+01    5.54643e+02
     Coulomb-14        LJ (SR)  Disper. corr.   Coulomb (SR)   Coul. recip.
    7.78034e+03    2.21435e+04   -1.45223e+03   -1.92956e+05    1.16818e+03
 Position Rest.      Potential    Kinetic En.   Total Energy  Conserved En.
    1.52912e+02   -1.59583e+05    2.86815e+04   -1.30901e+05   -1.29146e+05
    Temperature Pres. DC (bar) Pressure (bar)   Constr. rmsd
    2.94786e+02   -2.07960e+02   -2.96897e+02    2.99716e-06

           Step           Time
          13000       26.00000

   Energies (kJ/mol)
           Bond          Angle    Proper Dih. Per. Imp. Dih.          LJ-14
    3.92606e+02    1.08160e+03    1.38571e+03    6.96472e+01    5.85757e+02
     Coulomb-14        LJ (SR)  Disper. corr.   Coulomb (SR)   Coul. recip.
    7.75132e+03    2.19282e+04   -1.45521e+03   -1.92523e+05    1.05156e+03
 Position Rest.      Potential    Kinetic En.   Total Energy  Conserved En.
    1.51973e+02   -1.59580e+05    2.88654e+04   -1.30715e+05   -1.29150e+05
    Temperature Pres. DC (bar) Pressure (bar)   Constr. rmsd
    2.96677e+02   -2.08815e+02   -2.78920e+02    2.65847e-06

           Step           Time
          13500       27.00000

   Energies (kJ/mol)
           Bond          Angle    Proper Dih. Per. Imp. Dih.          LJ-14
    4.45413e+02    1.12046e+03    1.36043e+03    5.46506e+01    5.58174e+02
     Coulomb-14        LJ (SR)  Disper. corr.   Coulomb (SR)   Coul. recip.
    7.70223e+03    2.31449e+04   -1.45756e+03   -1.94355e+05    1.10936e+03
 Position Rest.      Potential    Kinetic En.   Total Energy  Conserved En.
    1.67550e+02   -1.60149e+05    2.88441e+04   -1.31305e+05   -1.29143e+05
    Temperature Pres. DC (bar) Pressure (bar)   Constr. rmsd
    2.96458e+02   -2.09487e+02    2.02636e+02    2.34252e-06

           Step           Time
          14000       28.00000

   Energies (kJ/mol)
           Bond          Angle    Proper Dih. Per. Imp. Dih.          LJ-14
    3.99985e+02    1.06163e+03    1.35842e+03    6.30819e+01    5.77197e+02
     Coulomb-14        LJ (SR)  Disper. corr.   Coulomb (SR)   Coul. recip.
    7.78549e+03    2.26455e+04   -1.45527e+03   -1.94081e+05    1.06743e+03
 Position Rest.      Potential    Kinetic En.   Total Energy  Conserved En.
    1.49388e+02   -1.60428e+05    2.89383e+04   -1.31490e+05   -1.29146e+05
    Temperature Pres. DC (bar) Pressure (bar)   Constr. rmsd
    2.97426e+02   -2.08830e+02    1.43717e+01    2.31584e-06

           Step           Time
          14500       29.00000

   Energies (kJ/mol)
           Bond          Angle    Proper Dih. Per. Imp. Dih.          LJ-14
    4.84590e+02    1.17775e+03    1.41091e+03    6.91224e+01    5.71888e+02
     Coulomb-14        LJ (SR)  Disper. corr.   Coulomb (SR)   Coul. recip.
    7.76321e+03    2.23376e+04   -1.45028e+03   -1.92430e+05    1.09544e+03
 Position Rest.      Potential    Kinetic En.   Total Energy  Conserved En.
    1.45091e+02   -1.58825e+05    2.90876e+04   -1.29737e+05   -1.29137e+05
    Temperature Pres. DC (bar) Pressure (bar)   Constr. rmsd
    2.98961e+02   -2.07403e+02   -2.94279e+01    2.81762e-06

           Step           Time
          15000       30.00000

   Energies (kJ/mol)
           Bond          Angle    Proper Dih. Per. Imp. Dih.          LJ-14
    3.60098e+02    1.15950e+03    1.44066e+03    7.80450e+01    5.79758e+02
     Coulomb-14        LJ (SR)  Disper. corr.   Coulomb (SR)   Coul. recip.
    7.82303e+03    2.27094e+04   -1.45440e+03   -1.93533e+05    1.11236e+03
 Position Rest.      Potential    Kinetic En.   Total Energy  Conserved En.
    1.22852e+02   -1.59602e+05    2.92477e+04   -1.30354e+05   -1.29138e+05
    Temperature Pres. DC (bar) Pressure (bar)   Constr. rmsd
    3.00606e+02   -2.08581e+02    1.76526e+02    3.02378e-06

           Step           Time
          15500       31.00000

   Energies (kJ/mol)
           Bond          Angle    Proper Dih. Per. Imp. Dih.          LJ-14
    4.02999e+02    1.16171e+03    1.39035e+03    6.03378e+01    5.75204e+02
     Coulomb-14        LJ (SR)  Disper. corr.   Coulomb (SR)   Coul. recip.
    7.81492e+03    2.27323e+04   -1.45962e+03   -1.93530e+05    1.14689e+03
 Position Rest.      Potential    Kinetic En.   Total Energy  Conserved En.
    1.28679e+02   -1.59576e+05    2.90938e+04   -1.30482e+05   -1.29111e+05
    Temperature Pres. DC (bar) Pressure (bar)   Constr. rmsd
    2.99024e+02   -2.10079e+02    2.54308e+02    2.99817e-06

           Step           Time
          16000       32.00000

   Energies (kJ/mol)
           Bond          Angle    Proper Dih. Per. Imp. Dih.          LJ-14
    4.00082e+02    1.14472e+03    1.40883e+03    6.09344e+01    5.82838e+02
     Coulomb-14        LJ (SR)  Disper. corr.   Coulomb (SR)   Coul. recip.
    7.82166e+03    2.13665e+04   -1.44101e+03   -1.91438e+05    1.07844e+03
 Position Rest.      Potential    Kinetic En.   Total Energy  Conserved En.
    1.40082e+02   -1.58875e+05    2.90231e+04   -1.29852e+05   -1.29103e+05
    Temperature Pres. DC (bar) Pressure (bar)   Constr. rmsd
    2.98297e+02   -2.04764e+02   -4.99126e+02    2.11375e-06

           Step           Time
          16500       33.00000

   Energies (kJ/mol)
           Bond          Angle    Proper Dih. Per. Imp. Dih.          LJ-14
    3.76606e+02    1.17840e+03    1.38740e+03    5.88937e+01    5.56277e+02
     Coulomb-14        LJ (SR)  Disper. corr.   Coulomb (SR)   Coul. recip.
    7.79779e+03    2.26840e+04   -1.45083e+03   -1.93344e+05    1.07146e+03
 Position Rest.      Potential    Kinetic En.   Total Energy  Conserved En.
    1.39948e+02   -1.59544e+05    2.90998e+04   -1.30444e+05   -1.29082e+05
    Temperature Pres. DC (bar) Pressure (bar)   Constr. rmsd
    2.99085e+02   -2.07559e+02    5.67284e+00    2.87379e-06

           Step           Time
          17000       34.00000

   Energies (kJ/mol)
           Bond          Angle    Proper Dih. Per. Imp. Dih.          LJ-14
    4.21853e+02    1.20343e+03    1.38922e+03    5.83901e+01    5.62034e+02
     Coulomb-14        LJ (SR)  Disper. corr.   Coulomb (SR)   Coul. recip.
    7.83997e+03    2.26285e+04   -1.44297e+03   -1.93046e+05    1.14291e+03
 Position Rest.      Potential    Kinetic En.   Total Energy  Conserved En.
    1.37021e+02   -1.59105e+05    2.92829e+04   -1.29822e+05   -1.29090e+05
    Temperature Pres. DC (bar) Pressure (bar)   Constr. rmsd
    3.00968e+02   -2.05321e+02   -1.07368e+02    2.43392e-06

           Step           Time
          17500       35.00000

   Energies (kJ/mol)
           Bond          Angle    Proper Dih. Per. Imp. Dih.          LJ-14
    3.86294e+02    1.14913e+03    1.41284e+03    8.06296e+01    5.70064e+02
     Coulomb-14        LJ (SR)  Disper. corr.   Coulomb (SR)   Coul. recip.
    7.78713e+03    2.23999e+04   -1.44346e+03   -1.92960e+05    1.05084e+03
 Position Rest.      Potential    Kinetic En.   Total Energy  Conserved En.
    1.37087e+02   -1.59430e+05    2.90791e+04   -1.30351e+05   -1.29087e+05
    Temperature Pres. DC (bar) Pressure (bar)   Constr. rmsd
    2.98873e+02   -2.05458e+02    4.83410e+00    3.20905e-06

           Step           Time
          18000       36.00000

   Energies (kJ/mol)
           Bond          Angle    Proper Dih. Per. Imp. Dih.          LJ-14
    4.62160e+02    1.16665e+03    1.40624e+03    7.87377e+01    5.57789e+02
     Coulomb-14        LJ (SR)  Disper. corr.   Coulomb (SR)   Coul. recip.
    7.75643e+03    2.26846e+04   -1.45667e+03   -1.92569e+05    1.15619e+03
 Position Rest.      Potential    Kinetic En.   Total Energy  Conserved En.
    1.87246e+02   -1.58569e+05    2.96569e+04   -1.28912e+05   -1.29063e+05
    Temperature Pres. DC (bar) Pressure (bar)   Constr. rmsd
    3.04811e+02   -2.09233e+02    1.26419e+02    3.79596e-06

           Step           Time
          18500       37.00000

   Energies (kJ/mol)
           Bond          Angle    Proper Dih. Per. Imp. Dih.          LJ-14
    4.33844e+02    1.08623e+03    1.36596e+03    5.51777e+01    5.91381e+02
     Coulomb-14        LJ (SR)  Disper. corr.   Coulomb (SR)   Coul. recip.
    7.86020e+03    2.22399e+04   -1.44163e+03   -1.92621e+05    1.09604e+03
 Position Rest.      Potential    Kinetic En.   Total Energy  Conserved En.
    1.47620e+02   -1.59186e+05    2.90740e+04   -1.30112e+05   -1.29027e+05
    Temperature Pres. DC (bar) Pressure (bar)   Constr. rmsd
    2.98820e+02   -2.04940e+02   -2.60178e+02    2.84234e-06

           Step           Time
          19000       38.00000

   Energies (kJ/mol)
           Bond          Angle    Proper Dih. Per. Imp. Dih.          LJ-14
    4.18389e+02    1.23362e+03    1.40778e+03    5.35592e+01    5.70000e+02
     Coulomb-14        LJ (SR)  Disper. corr.   Coulomb (SR)   Coul. recip.
    7.71443e+03    2.26130e+04   -1.45207e+03   -1.92808e+05    1.17215e+03
 Position Rest.      Potential    Kinetic En.   Total Energy  Conserved En.
    1.53207e+02   -1.58924e+05    2.93365e+04   -1.29588e+05   -1.29016e+05
    Temperature Pres. DC (bar) Pressure (bar)   Constr. rmsd
    3.01519e+02   -2.07914e+02    2.56137e+02    3.16519e-06

           Step           Time
          19500       39.00000

   Energies (kJ/mol)
           Bond          Angle    Proper Dih. Per. Imp. Dih.          LJ-14
    4.23686e+02    1.16937e+03    1.40737e+03    6.79024e+01    6.31495e+02
     Coulomb-14        LJ (SR)  Disper. corr.   Coulomb (SR)   Coul. recip.
    7.86026e+03    2.28912e+04   -1.46162e+03   -1.93117e+05    1.14197e+03
 Position Rest.      Potential    Kinetic En.   Total Energy  Conserved En.
    1.49429e+02   -1.58836e+05    2.94505e+04   -1.29386e+05   -1.28985e+05
    Temperature Pres. DC (bar) Pressure (bar)   Constr. rmsd
    3.02690e+02   -2.10655e+02    5.90963e+02    2.16406e-06

           Step           Time
          20000       40.00000

   Energies (kJ/mol)
           Bond          Angle    Proper Dih. Per. Imp. Dih.          LJ-14
    3.61185e+02    1.17827e+03    1.41947e+03    6.45255e+01    5.79770e+02
     Coulomb-14        LJ (SR)  Disper. corr.   Coulomb (SR)   Coul. recip.
    7.81933e+03    2.21725e+04   -1.44450e+03   -1.92519e+05    1.10365e+03
 Position Rest.      Potential    Kinetic En.   Total Energy  Conserved En.
    1.54170e+02   -1.59110e+05    2.93036e+04   -1.29807e+05   -1.28987e+05
    Temperature Pres. DC (bar) Pressure (bar)   Constr. rmsd
    3.01180e+02   -2.05754e+02    9.60104e+01    3.50809e-06

           Step           Time
          20500       41.00000

   Energies (kJ/mol)
           Bond          Angle    Proper Dih. Per. Imp. Dih.          LJ-14
    3.92957e+02    1.18844e+03    1.34914e+03    7.34744e+01    5.59425e+02
     Coulomb-14        LJ (SR)  Disper. corr.   Coulomb (SR)   Coul. recip.
    7.79128e+03    2.34739e+04   -1.46026e+03   -1.94287e+05    1.14161e+03
 Position Rest.      Potential    Kinetic En.   Total Energy  Conserved En.
    1.60043e+02   -1.59617e+05    2.88450e+04   -1.30772e+05   -1.28893e+05
    Temperature Pres. DC (bar) Pressure (bar)   Constr. rmsd
    2.96467e+02   -2.10264e+02    4.65572e+02    2.17521e-06

           Step           Time
          21000       42.00000

   Energies (kJ/mol)
           Bond          Angle    Proper Dih. Per. Imp. Dih.          LJ-14
    3.55865e+02    1.06393e+03    1.37785e+03    5.65930e+01    5.89269e+02
     Coulomb-14        LJ (SR)  Disper. corr.   Coulomb (SR)   Coul. recip.
    7.88608e+03    2.13675e+04   -1.44100e+03   -1.91889e+05    1.12964e+03
 Position Rest.      Potential    Kinetic En.   Total Energy  Conserved En.
    1.32933e+02   -1.59370e+05    2.86537e+04   -1.30717e+05   -1.28869e+05
    Temperature Pres. DC (bar) Pressure (bar)   Constr. rmsd
    2.94500e+02   -2.04760e+02   -4.46830e+02    2.67617e-06

           Step           Time
          21500       43.00000

   Energies (kJ/mol)
           Bond          Angle    Proper Dih. Per. Imp. Dih.          LJ-14
    3.88369e+02    1.08993e+03    1.39953e+03    7.64183e+01    6.05946e+02
     Coulomb-14        LJ (SR)  Disper. corr.   Coulomb (SR)   Coul. recip.
    7.83684e+03    2.21514e+04   -1.45635e+03   -1.92633e+05    1.09479e+03
 Position Rest.      Potential    Kinetic En.   Total Energy  Conserved En.
    1.55255e+02   -1.59291e+05    2.92815e+04   -1.30010e+05   -1.28861e+05
    Temperature Pres. DC (bar) Pressure (bar)   Constr. rmsd
    3.00953e+02   -2.09140e+02   -6.60034e-01    2.24635e-06

           Step           Time
          22000       44.00000

   Energies (kJ/mol)
           Bond          Angle    Proper Dih. Per. Imp. Dih.          LJ-14
    4.41937e+02    1.15787e+03    1.43056e+03    7.32580e+01    5.72670e+02
     Coulomb-14        LJ (SR)  Disper. corr.   Coulomb (SR)   Coul. recip.
    7.82096e+03    2.22815e+04   -1.43839e+03   -1.92128e+05    1.13367e+03
 Position Rest.      Potential    Kinetic En.   Total Energy  Conserved En.
    1.54109e+02   -1.58500e+05    2.89655e+04   -1.29535e+05   -1.28853e+05
    Temperature Pres. DC (bar) Pressure (bar)   Constr. rmsd
    2.97705e+02   -2.04021e+02    5.18515e+01    2.66335e-06

           Step           Time
          22500       45.00000

   Energies (kJ/mol)
           Bond          Angle    Proper Dih. Per. Imp. Dih.          LJ-14
    4.03176e+02    1.20448e+03    1.38526e+03    7.02884e+01    5.91802e+02
     Coulomb-14        LJ (SR)  Disper. corr.   Coulomb (SR)   Coul. recip.
    7.87043e+03    2.22552e+04   -1.46146e+03   -1.92453e+05    1.11254e+03
 Position Rest.      Potential    Kinetic En.   Total Energy  Conserved En.
    1.20107e+02   -1.58901e+05    2.95412e+04   -1.29360e+05   -1.28838e+05
    Temperature Pres. DC (bar) Pressure (bar)   Constr. rmsd
    3.03622e+02   -2.10608e+02    6.83676e+01    2.69590e-06

           Step           Time
          23000       46.00000

   Energies (kJ/mol)
           Bond          Angle    Proper Dih. Per. Imp. Dih.          LJ-14
    4.24774e+02    1.11133e+03    1.39945e+03    8.72009e+01    5.84306e+02
     Coulomb-14        LJ (SR)  Disper. corr.   Coulomb (SR)   Coul. recip.
    7.85064e+03    2.18970e+04   -1.45676e+03   -1.92166e+05    1.15390e+03
 Position Rest.      Potential    Kinetic En.   Total Energy  Conserved En.
    1.32795e+02   -1.58981e+05    2.93121e+04   -1.29669e+05   -1.28837e+05
    Temperature Pres. DC (bar) Pressure (bar)   Constr. rmsd
    3.01267e+02   -2.09259e+02   -2.83168e+02    2.71106e-06

           Step           Time
          23500       47.00000

   Energies (kJ/mol)
           Bond          Angle    Proper Dih. Per. Imp. Dih.          LJ-14
    4.58616e+02    1.09134e+03    1.35227e+03    5.79758e+01    5.79268e+02
     Coulomb-14        LJ (SR)  Disper. corr.   Coulomb (SR)   Coul. recip.
    7.76481e+03    2.22030e+04   -1.45267e+03   -1.93013e+05    1.08923e+03
 Position Rest.      Potential    Kinetic En.   Total Energy  Conserved En.
    1.22678e+02   -1.59746e+05    2.86830e+04   -1.31063e+05   -1.28828e+05
    Temperature Pres. DC (bar) Pressure (bar)   Constr. rmsd
    2.94802e+02   -2.08085e+02   -2.76347e+02    2.21632e-06

           Step           Time
          24000       48.00000

   Energies (kJ/mol)
           Bond          Angle    Proper Dih. Per. Imp. Dih.          LJ-14
    4.07730e+02    1.13785e+03    1.36518e+03    6.74350e+01    6.13049e+02
     Coulomb-14        LJ (SR)  Disper. corr.   Coulomb (SR)   Coul. recip.
    7.78823e+03    2.21570e+04   -1.44705e+03   -1.92668e+05    1.12512e+03
 Position Rest.      Potential    Kinetic En.   Total Energy  Conserved En.
    1.27340e+02   -1.59327e+05    2.96164e+04   -1.29710e+05   -1.28826e+05
    Temperature Pres. DC (bar) Pressure (bar)   Constr. rmsd
    3.04395e+02   -2.06482e+02   -2.77385e+01    2.66762e-06

           Step           Time
          24500       49.00000

   Energies (kJ/mol)
           Bond          Angle    Proper Dih. Per. Imp. Dih.          LJ-14
    4.38402e+02    1.18224e+03    1.41706e+03    8.28238e+01    6.14932e+02
     Coulomb-14        LJ (SR)  Disper. corr.   Coulomb (SR)   Coul. recip.
    7.71760e+03    2.20401e+04   -1.43937e+03   -1.92469e+05    1.12306e+03
 Position Rest.      Potential    Kinetic En.   Total Energy  Conserved En.
    1.54505e+02   -1.59138e+05    2.95588e+04   -1.29579e+05   -1.28782e+05
    Temperature Pres. DC (bar) Pressure (bar)   Constr. rmsd
    3.03803e+02   -2.04297e+02   -2.25336e+02    2.61229e-06

           Step           Time
          25000       50.00000

   Energies (kJ/mol)
           Bond          Angle    Proper Dih. Per. Imp. Dih.          LJ-14
    4.23185e+02    1.13802e+03    1.42676e+03    5.54863e+01    5.74320e+02
     Coulomb-14        LJ (SR)  Disper. corr.   Coulomb (SR)   Coul. recip.
    7.78287e+03    2.27256e+04   -1.44306e+03   -1.92743e+05    1.12584e+03
 Position Rest.      Potential    Kinetic En.   Total Energy  Conserved En.
    1.39330e+02   -1.58795e+05    2.94020e+04   -1.29393e+05   -1.28782e+05
    Temperature Pres. DC (bar) Pressure (bar)   Constr. rmsd
    3.02192e+02   -2.05345e+02    1.11251e+02    3.18211e-06

           Step           Time
          25500       51.00000

   Energies (kJ/mol)
           Bond          Angle    Proper Dih. Per. Imp. Dih.          LJ-14
    4.17222e+02    1.12337e+03    1.37584e+03    4.98967e+01    5.88316e+02
     Coulomb-14        LJ (SR)  Disper. corr.   Coulomb (SR)   Coul. recip.
    7.76065e+03    2.22231e+04   -1.45765e+03   -1.92829e+05    1.12100e+03
 Position Rest.      Potential    Kinetic En.   Total Energy  Conserved En.
    1.56247e+02   -1.59471e+05    2.85900e+04   -1.30881e+05   -1.28762e+05
    Temperature Pres. DC (bar) Pressure (bar)   Constr. rmsd
    2.93846e+02   -2.09514e+02   -8.82670e+01    2.35651e-06

           Step           Time
          26000       52.00000

   Energies (kJ/mol)
           Bond          Angle    Proper Dih. Per. Imp. Dih.          LJ-14
    4.18468e+02    1.20547e+03    1.40527e+03    6.45203e+01    5.96727e+02
     Coulomb-14        LJ (SR)  Disper. corr.   Coulomb (SR)   Coul. recip.
    7.82025e+03    2.19089e+04   -1.45775e+03   -1.92403e+05    1.08683e+03
 Position Rest.      Potential    Kinetic En.   Total Energy  Conserved En.
    1.67252e+02   -1.59187e+05    2.88594e+04   -1.30327e+05   -1.28767e+05
    Temperature Pres. DC (bar) Pressure (bar)   Constr. rmsd
    2.96615e+02   -2.09542e+02   -2.80029e+01    3.46301e-06

           Step           Time
          26500       53.00000

   Energies (kJ/mol)
           Bond          Angle    Proper Dih. Per. Imp. Dih.          LJ-14
    4.21472e+02    1.12101e+03    1.39461e+03    7.34679e+01    6.14852e+02
     Coulomb-14        LJ (SR)  Disper. corr.   Coulomb (SR)   Coul. recip.
    7.84019e+03    2.18046e+04   -1.42906e+03   -1.91322e+05    1.13538e+03
 Position Rest.      Potential    Kinetic En.   Total Energy  Conserved En.
    1.40951e+02   -1.58205e+05    2.87217e+04   -1.29483e+05   -1.28729e+05
    Temperature Pres. DC (bar) Pressure (bar)   Constr. rmsd
    2.95199e+02   -2.01386e+02   -1.98261e+02    2.76170e-06

           Step           Time
          27000       54.00000

   Energies (kJ/mol)
           Bond          Angle    Proper Dih. Per. Imp. Dih.          LJ-14
    4.29579e+02    1.09362e+03    1.39347e+03    6.98600e+01    6.06481e+02
     Coulomb-14        LJ (SR)  Disper. corr.   Coulomb (SR)   Coul. recip.
    7.77675e+03    2.25836e+04   -1.48583e+03   -1.93839e+05    1.12413e+03
 Position Rest.      Potential    Kinetic En.   Total Energy  Conserved En.
    1.15047e+02   -1.60132e+05    2.88144e+04   -1.31318e+05   -1.28651e+05
    Temperature Pres. DC (bar) Pressure (bar)   Constr. rmsd
    2.96153e+02   -2.17684e+02    4.93379e+02    2.50615e-06

           Step           Time
          27500       55.00000

   Energies (kJ/mol)
           Bond          Angle    Proper Dih. Per. Imp. Dih.          LJ-14
    4.23139e+02    1.06181e+03    1.39838e+03    4.56257e+01    6.33250e+02
     Coulomb-14        LJ (SR)  Disper. corr.   Coulomb (SR)   Coul. recip.
    7.82079e+03    2.20027e+04   -1.42957e+03   -1.92259e+05    1.17119e+03
 Position Rest.      Potential    Kinetic En.   Total Energy  Conserved En.
    1.32154e+02   -1.58999e+05    2.91271e+04   -1.29872e+05   -1.28580e+05
    Temperature Pres. DC (bar) Pressure (bar)   Constr. rmsd
    2.99366e+02   -2.01530e+02   -2.14311e+02    2.42600e-06

           Step           Time
          28000       56.00000

   Energies (kJ/mol)
           Bond          Angle    Proper Dih. Per. Imp. Dih.          LJ-14
    4.46905e+02    1.18825e+03    1.38251e+03    6.27897e+01    5.61645e+02
     Coulomb-14        LJ (SR)  Disper. corr.   Coulomb (SR)   Coul. recip.
    7.78500e+03    2.24171e+04   -1.46069e+03   -1.92975e+05    1.13264e+03
 Position Rest.      Potential    Kinetic En.   Total Energy  Conserved En.
    1.62955e+02   -1.59296e+05    2.90057e+04   -1.30291e+05   -1.28552e+05
    Temperature Pres. DC (bar) Pressure (bar)   Constr. rmsd
    2.98119e+02   -2.10388e+02    1.91483e+02    2.59182e-06

           Step           Time
          28500       57.00000

   Energies (kJ/mol)
           Bond          Angle    Proper Dih. Per. Imp. Dih.          LJ-14
    4.96147e+02    1.15221e+03    1.40005e+03    7.33233e+01    5.62250e+02
     Coulomb-14        LJ (SR)  Disper. corr.   Coulomb (SR)   Coul. recip.
    7.77240e+03    2.16318e+04   -1.45387e+03   -1.92389e+05    1.17684e+03
 Position Rest.      Potential    Kinetic En.   Total Energy  Conserved En.
    1.40216e+02   -1.59437e+05    2.95686e+04   -1.29869e+05   -1.28546e+05
    Temperature Pres. DC (bar) Pressure (bar)   Constr. rmsd
    3.03904e+02   -2.08429e+02   -3.96060e+02    3.08366e-06

           Step           Time
          29000       58.00000

   Energies (kJ/mol)
           Bond          Angle    Proper Dih. Per. Imp. Dih.          LJ-14
    4.22825e+02    1.10542e+03    1.41758e+03    4.90094e+01    5.71377e+02
     Coulomb-14        LJ (SR)  Disper. corr.   Coulomb (SR)   Coul. recip.
    7.82379e+03    2.23960e+04   -1.46960e+03   -1.93474e+05    1.12507e+03
 Position Rest.      Potential    Kinetic En.   Total Energy  Conserved En.
    1.29210e+02   -1.59904e+05    2.94215e+04   -1.30482e+05   -1.28545e+05
    Temperature Pres. DC (bar) Pressure (bar)   Constr. rmsd
    3.02392e+02   -2.12958e+02    2.94000e+01    2.65102e-06

           Step           Time
          29500       59.00000

   Energies (kJ/mol)
           Bond          Angle    Proper Dih. Per. Imp. Dih.          LJ-14
    3.92566e+02    1.19959e+03    1.38847e+03    7.00952e+01    5.94873e+02
     Coulomb-14        LJ (SR)  Disper. corr.   Coulomb (SR)   Coul. recip.
    7.79886e+03    2.21822e+04   -1.47455e+03   -1.92602e+05    1.08982e+03
 Position Rest.      Potential    Kinetic En.   Total Energy  Conserved En.
    1.29292e+02   -1.59230e+05    2.88770e+04   -1.30353e+05   -1.28537e+05
    Temperature Pres. DC (bar) Pressure (bar)   Constr. rmsd
    2.96796e+02   -2.14394e+02    1.77465e+02    2.63374e-06

           Step           Time
          30000       60.00000

   Energies (kJ/mol)
           Bond          Angle    Proper Dih. Per. Imp. Dih.          LJ-14
    3.99810e+02    1.15719e+03    1.42406e+03    8.35682e+01    5.70127e+02
     Coulomb-14        LJ (SR)  Disper. corr.   Coulomb (SR)   Coul. recip.
    7.85059e+03    2.22484e+04   -1.43527e+03   -1.92523e+05    1.16325e+03
 Position Rest.      Potential    Kinetic En.   Total Energy  Conserved En.
    1.39917e+02   -1.58921e+05    2.86763e+04   -1.30245e+05   -1.28485e+05
    Temperature Pres. DC (bar) Pressure (bar)   Constr. rmsd
    2.94733e+02   -2.03136e+02   -1.34141e+02    2.49264e-06

           Step           Time
          30500       61.00000

   Energies (kJ/mol)
           Bond          Angle    Proper Dih. Per. Imp. Dih.          LJ-14
    4.23111e+02    1.13817e+03    1.36792e+03    5.49070e+01    5.98090e+02
     Coulomb-14        LJ (SR)  Disper. corr.   Coulomb (SR)   Coul. recip.
    7.84355e+03    2.24889e+04   -1.44297e+03   -1.92718e+05    1.12904e+03
 Position Rest.      Potential    Kinetic En.   Total Energy  Conserved En.
    1.45086e+02   -1.58972e+05    2.90832e+04   -1.29889e+05   -1.28489e+05
    Temperature Pres. DC (bar) Pressure (bar)   Constr. rmsd
    2.98915e+02   -2.05320e+02    6.45237e+01    3.22854e-06

           Step           Time
          31000       62.00000

   Energies (kJ/mol)
           Bond          Angle    Proper Dih. Per. Imp. Dih.          LJ-14
    4.38976e+02    1.24524e+03    1.42338e+03    6.97061e+01    5.55189e+02
     Coulomb-14        LJ (SR)  Disper. corr.   Coulomb (SR)   Coul. recip.
    7.79415e+03    2.24278e+04   -1.43893e+03   -1.92295e+05    1.11945e+03
 Position Rest.      Potential    Kinetic En.   Total Energy  Conserved En.
    1.44114e+02   -1.58516e+05    2.92554e+04   -1.29260e+05   -1.28474e+05
    Temperature Pres. DC (bar) Pressure (bar)   Constr. rmsd
    3.00685e+02   -2.04173e+02    1.01352e+02    2.61592e-06

           Step           Time
          31500       63.00000

   Energies (kJ/mol)
           Bond          Angle    Proper Dih. Per. Imp. Dih.          LJ-14
    4.30476e+02    1.18289e+03    1.40910e+03    8.03325e+01    5.69032e+02
     Coulomb-14        LJ (SR)  Disper. corr.   Coulomb (SR)   Coul. recip.
    7.73033e+03    2.23338e+04   -1.45361e+03   -1.93110e+05    1.11942e+03
 Position Rest.      Potential    Kinetic En.   Total Energy  Conserved En.
    1.47500e+02   -1.59561e+05    2.89640e+04   -1.30596e+05   -1.28461e+05
    Temperature Pres. DC (bar) Pressure (bar)   Constr. rmsd
    2.97690e+02   -2.08355e+02   -6.26194e+01    2.98555e-06

           Step           Time
          32000       64.00000

   Energies (kJ/mol)
           Bond          Angle    Proper Dih. Per. Imp. Dih.          LJ-14
    3.88202e+02    1.16749e+03    1.38436e+03    7.30127e+01    5.65551e+02
     Coulomb-14        LJ (SR)  Disper. corr.   Coulomb (SR)   Coul. recip.
    7.77588e+03    2.29642e+04   -1.44317e+03   -1.94314e+05    1.06177e+03
 Position Rest.      Potential    Kinetic En.   Total Energy  Conserved En.
    1.50262e+02   -1.60227e+05    2.97494e+04   -1.30477e+05   -1.28443e+05
    Temperature Pres. DC (bar) Pressure (bar)   Constr. rmsd
    3.05762e+02   -2.05377e+02    7.99616e+00    2.74913e-06

           Step           Time
          32500       65.00000

   Energies (kJ/mol)
           Bond          Angle    Proper Dih. Per. Imp. Dih.          LJ-14
    3.99944e+02    1.10281e+03    1.38834e+03    6.67570e+01    5.88852e+02
     Coulomb-14        LJ (SR)  Disper. corr.   Coulomb (SR)   Coul. recip.
    7.83695e+03    2.22240e+04   -1.45642e+03   -1.92741e+05    1.13205e+03
 Position Rest.      Potential    Kinetic En.   Total Energy  Conserved En.
    1.51188e+02   -1.59306e+05    2.92862e+04   -1.30020e+05   -1.28399e+05
    Temperature Pres. DC (bar) Pressure (bar)   Constr. rmsd
    3.01001e+02   -2.09162e+02   -7.50994e+00    2.37494e-06

           Step           Time
          33000       66.00000

   Energies (kJ/mol)
           Bond          Angle    Proper Dih. Per. Imp. Dih.          LJ-14
    4.79983e+02    1.21293e+03    1.44502e+03    6.16626e+01    5.64706e+02
     Coulomb-14        LJ (SR)  Disper. corr.   Coulomb (SR)   Coul. recip.
    7.76094e+03    2.20026e+04   -1.45193e+03   -1.91942e+05    1.14977e+03
 Position Rest.      Potential    Kinetic En.   Total Energy  Conserved En.
    1.47920e+02   -1.58568e+05    2.91966e+04   -1.29371e+05   -1.28351e+05
    Temperature Pres. DC (bar) Pressure (bar)   Constr. rmsd
    3.00081e+02   -2.07874e+02   -7.81620e+01    2.86375e-06

           Step           Time
          33500       67.00000

   Energies (kJ/mol)
           Bond          Angle    Proper Dih. Per. Imp. Dih.          LJ-14
    4.19987e+02    1.18701e+03    1.38800e+03    5.63300e+01    5.57644e+02
     Coulomb-14        LJ (SR)  Disper. corr.   Coulomb (SR)   Coul. recip.
    7.76800e+03    2.26020e+04   -1.45060e+03   -1.92976e+05    1.16913e+03
 Position Rest.      Potential    Kinetic En.   Total Energy  Conserved En.
    1.63633e+02   -1.59114e+05    2.91679e+04   -1.29947e+05   -1.28356e+05
    Temperature Pres. DC (bar) Pressure (bar)   Constr. rmsd
    2.99786e+02   -2.07494e+02    1.96002e+02    2.68943e-06

           Step           Time
          34000       68.00000

   Energies (kJ/mol)
           Bond          Angle    Proper Dih. Per. Imp. Dih.          LJ-14
    4.20926e+02    1.11139e+03    1.36885e+03    7.28327e+01    5.78916e+02
     Coulomb-14        LJ (SR)  Disper. corr.   Coulomb (SR)   Coul. recip.
    7.78537e+03    2.24111e+04   -1.45744e+03   -1.93605e+05    1.09839e+03
 Position Rest.      Potential    Kinetic En.   Total Energy  Conserved En.
    1.33479e+02   -1.60081e+05    2.88204e+04   -1.31260e+05   -1.28339e+05
    Temperature Pres. DC (bar) Pressure (bar)   Constr. rmsd
    2.96215e+02   -2.09452e+02   -7.52510e+01    1.81693e-06

           Step           Time
          34500       69.00000

   Energies (kJ/mol)
           Bond          Angle    Proper Dih. Per. Imp. Dih.          LJ-14
    4.26674e+02    1.15463e+03    1.39672e+03    5.90575e+01    6.11523e+02
     Coulomb-14        LJ (SR)  Disper. corr.   Coulomb (SR)   Coul. recip.
    7.78213e+03    2.10313e+04   -1.42967e+03   -1.90426e+05    1.13634e+03
 Position Rest.      Potential    Kinetic En.   Total Energy  Conserved En.
    1.60024e+02   -1.58097e+05    2.90464e+04   -1.29051e+05   -1.28335e+05
    Temperature Pres. DC (bar) Pressure (bar)   Constr. rmsd
    2.98536e+02   -2.01556e+02   -5.71887e+02    2.55675e-06

           Step           Time
          35000       70.00000

   Energies (kJ/mol)
           Bond          Angle    Proper Dih. Per. Imp. Dih.          LJ-14
    4.42225e+02    1.15422e+03    1.40586e+03    6.04349e+01    5.43497e+02
     Coulomb-14        LJ (SR)  Disper. corr.   Coulomb (SR)   Coul. recip.
    7.75945e+03    2.17892e+04   -1.45794e+03   -1.92433e+05    1.12611e+03
 Position Rest.      Potential    Kinetic En.   Total Energy  Conserved En.
    1.62910e+02   -1.59448e+05    2.91324e+04   -1.30315e+05   -1.28305e+05
    Temperature Pres. DC (bar) Pressure (bar)   Constr. rmsd
    2.99421e+02   -2.09597e+02   -4.04698e+02    2.60191e-06

           Step           Time
          35500       71.00000

   Energies (kJ/mol)
           Bond          Angle    Proper Dih. Per. Imp. Dih.          LJ-14
    4.34242e+02    1.11456e+03    1.39645e+03    5.35722e+01    5.67769e+02
     Coulomb-14        LJ (SR)  Disper. corr.   Coulomb (SR)   Coul. recip.
    7.86262e+03    2.27821e+04   -1.44040e+03   -1.92583e+05    1.16715e+03
 Position Rest.      Potential    Kinetic En.   Total Energy  Conserved En.
    1.51872e+02   -1.58493e+05    2.91690e+04   -1.29324e+05   -1.28291e+05
    Temperature Pres. DC (bar) Pressure (bar)   Constr. rmsd
    2.99797e+02   -2.04590e+02    1.54087e+02    2.50859e-06

           Step           Time
          36000       72.00000

   Energies (kJ/mol)
           Bond          Angle    Proper Dih. Per. Imp. Dih.          LJ-14
    4.54762e+02    1.10522e+03    1.42183e+03    6.82921e+01    5.83395e+02
     Coulomb-14        LJ (SR)  Disper. corr.   Coulomb (SR)   Coul. recip.
    7.80155e+03    2.28595e+04   -1.45709e+03   -1.93934e+05    1.15967e+03
 Position Rest.      Potential    Kinetic En.   Total Energy  Conserved En.
    1.34112e+02   -1.59803e+05    2.97178e+04   -1.30085e+05   -1.28288e+05
    Temperature Pres. DC (bar) Pressure (bar)   Constr. rmsd
    3.05438e+02   -2.09352e+02    4.01895e+02    2.48800e-06

           Step           Time
          36500       73.00000

   Energies (kJ/mol)
           Bond          Angle    Proper Dih. Per. Imp. Dih.          LJ-14
    3.67761e+02    1.17619e+03    1.39820e+03    8.76724e+01    5.86560e+02
     Coulomb-14        LJ (SR)  Disper. corr.   Coulomb (SR)   Coul. recip.
    7.85989e+03    2.24299e+04   -1.45141e+03   -1.92438e+05    1.22187e+03
 Position Rest.      Potential    Kinetic En.   Total Energy  Conserved En.
    1.42086e+02   -1.58619e+05    2.93298e+04   -1.29289e+05   -1.28287e+05
    Temperature Pres. DC (bar) Pressure (bar)   Constr. rmsd
    3.01450e+02   -2.07727e+02    3.48470e+02    2.66381e-06

           Step           Time
          37000       74.00000

   Energies (kJ/mol)
           Bond          Angle    Proper Dih. Per. Imp. Dih.          LJ-14
    4.93868e+02    1.17632e+03    1.36562e+03    7.27302e+01    5.68959e+02
     Coulomb-14        LJ (SR)  Disper. corr.   Coulomb (SR)   Coul. recip.
    7.79195e+03    2.25088e+04   -1.43657e+03   -1.92418e+05    1.16573e+03
 Position Rest.      Potential    Kinetic En.   Total Energy  Conserved En.
    1.56202e+02   -1.58554e+05    2.94225e+04   -1.29132e+05   -1.28268e+05
    Temperature Pres. DC (bar) Pressure (bar)   Constr. rmsd
    3.02402e+02   -2.03504e+02   -4.73850e+01    2.74741e-06

           Step           Time
          37500       75.00000

   Energies (kJ/mol)
           Bond          Angle    Proper Dih. Per. Imp. Dih.          LJ-14
    4.35152e+02    1.15448e+03    1.38222e+03    7.72374e+01    6.01576e+02
     Coulomb-14        LJ (SR)  Disper. corr.   Coulomb (SR)   Coul. recip.
    7.73601e+03    2.32958e+04   -1.48002e+03   -1.94861e+05    1.08076e+03
 Position Rest.      Potential    Kinetic En.   Total Energy  Conserved En.
    1.45160e+02   -1.60432e+05    2.95408e+04   -1.30891e+05   -1.28213e+05
    Temperature Pres. DC (bar) Pressure (bar)   Constr. rmsd
    3.03619e+02   -2.15987e+02    7.08151e+02    2.28599e-06

           Step           Time
          38000       76.00000

   Energies (kJ/mol)
           Bond          Angle    Proper Dih. Per. Imp. Dih.          LJ-14
    3.95423e+02    1.16964e+03    1.43655e+03    6.94151e+01    5.81615e+02
     Coulomb-14        LJ (SR)  Disper. corr.   Coulomb (SR)   Coul. recip.
    7.70949e+03    2.28115e+04   -1.44818e+03   -1.93572e+05    1.16023e+03
 Position Rest.      Potential    Kinetic En.   Total Energy  Conserved En.
    1.59344e+02   -1.59527e+05    2.92355e+04   -1.30292e+05   -1.28206e+05
    Temperature Pres. DC (bar) Pressure (bar)   Constr. rmsd
    3.00481e+02   -2.06803e+02    6.82551e+01    2.71083e-06

           Step           Time
          38500       77.00000

   Energies (kJ/mol)
           Bond          Angle    Proper Dih. Per. Imp. Dih.          LJ-14
    3.51132e+02    1.15155e+03    1.37107e+03    7.05069e+01    5.83176e+02
     Coulomb-14        LJ (SR)  Disper. corr.   Coulomb (SR)   Coul. recip.
    7.89372e+03    2.28470e+04   -1.45918e+03   -1.93801e+05    1.12679e+03
 Position Rest.      Potential    Kinetic En.   Total Energy  Conserved En.
    1.46508e+02   -1.59718e+05    2.92673e+04   -1.30451e+05   -1.28182e+05
    Temperature Pres. DC (bar) Pressure (bar)   Constr. rmsd
    3.00807e+02   -2.09955e+02    4.77065e+02    3.17007e-06

           Step           Time
          39000       78.00000

   Energies (kJ/mol)
           Bond          Angle    Proper Dih. Per. Imp. Dih.          LJ-14
    4.14086e+02    1.17748e+03    1.35336e+03    5.08190e+01    6.00720e+02
     Coulomb-14        LJ (SR)  Disper. corr.   Coulomb (SR)   Coul. recip.
    7.75063e+03    2.25104e+04   -1.44796e+03   -1.93227e+05    1.05270e+03
 Position Rest.      Potential    Kinetic En.   Total Energy  Conserved En.
    1.64484e+02   -1.59600e+05    2.93134e+04   -1.30286e+05   -1.28197e+05
    Temperature Pres. DC (bar) Pressure (bar)   Constr. rmsd
    3.01281e+02   -2.06740e+02    9.64835e+01    2.44956e-06

           Step           Time
          39500       79.00000

   Energies (kJ/mol)
           Bond          Angle    Proper Dih. Per. Imp. Dih.          LJ-14
    4.56638e+02    1.17913e+03    1.40067e+03    8.14391e+01    5.49495e+02
     Coulomb-14        LJ (SR)  Disper. corr.   Coulomb (SR)   Coul. recip.
    7.74549e+03    2.24289e+04   -1.46633e+03   -1.93649e+05    1.11203e+03
 Position Rest.      Potential    Kinetic En.   Total Energy  Conserved En.
    1.55929e+02   -1.60006e+05    2.90336e+04   -1.30972e+05   -1.28181e+05
    Temperature Pres. DC (bar) Pressure (bar)   Constr. rmsd
    2.98405e+02   -2.12014e+02   -1.38257e+02    2.33298e-06

           Step           Time
          40000       80.00000

   Energies (kJ/mol)
           Bond          Angle    Proper Dih. Per. Imp. Dih.          LJ-14
    3.80683e+02    1.15291e+03    1.39159e+03    7.74909e+01    5.83374e+02
     Coulomb-14        LJ (SR)  Disper. corr.   Coulomb (SR)   Coul. recip.
    7.70212e+03    2.20967e+04   -1.43397e+03   -1.92331e+05    1.14481e+03
 Position Rest.      Potential    Kinetic En.   Total Energy  Conserved En.
    1.43263e+02   -1.59092e+05    2.89758e+04   -1.30116e+05   -1.28146e+05
    Temperature Pres. DC (bar) Pressure (bar)   Constr. rmsd
    2.97811e+02   -2.02770e+02   -3.80983e+02    2.91567e-06

           Step           Time
          40500       81.00000

   Energies (kJ/mol)
           Bond          Angle    Proper Dih. Per. Imp. Dih.          LJ-14
    4.17679e+02    1.14446e+03    1.40755e+03    7.43084e+01    5.61000e+02
     Coulomb-14        LJ (SR)  Disper. corr.   Coulomb (SR)   Coul. recip.
    7.78249e+03    2.21203e+04   -1.45417e+03   -1.93314e+05    1.11969e+03
 Position Rest.      Potential    Kinetic En.   Total Energy  Conserved En.
    1.24758e+02   -1.60016e+05    2.91438e+04   -1.30872e+05   -1.28138e+05
    Temperature Pres. DC (bar) Pressure (bar)   Constr. rmsd
    2.99538e+02   -2.08517e+02   -3.33127e+02    2.38931e-06

           Step           Time
          41000       82.00000

   Energies (kJ/mol)
           Bond          Angle    Proper Dih. Per. Imp. Dih.          LJ-14
    4.40645e+02    1.13619e+03    1.37778e+03    7.65114e+01    5.42765e+02
     Coulomb-14        LJ (SR)  Disper. corr.   Coulomb (SR)   Coul. recip.
    7.76363e+03    2.23097e+04   -1.45712e+03   -1.92631e+05    1.11166e+03
 Position Rest.      Potential    Kinetic En.   Total Energy  Conserved En.
    1.18631e+02   -1.59210e+05    2.86786e+04   -1.30532e+05   -1.28134e+05
    Temperature Pres. DC (bar) Pressure (bar)   Constr. rmsd
    2.94757e+02   -2.09361e+02   -3.16379e+01    2.58369e-06

           Step           Time
          41500       83.00000

   Energies (kJ/mol)
           Bond          Angle    Proper Dih. Per. Imp. Dih.          LJ-14
    4.51891e+02    1.11483e+03    1.41669e+03    6.88599e+01    5.48374e+02
     Coulomb-14        LJ (SR)  Disper. corr.   Coulomb (SR)   Coul. recip.
    7.76533e+03    2.24635e+04   -1.47063e+03   -1.93065e+05    1.15545e+03
 Position Rest.      Potential    Kinetic En.   Total Energy  Conserved En.
    1.28142e+02   -1.59423e+05    2.89541e+04   -1.30469e+05   -1.28126e+05
    Temperature Pres. DC (bar) Pressure (bar)   Constr. rmsd
    2.97589e+02   -2.13257e+02    1.41496e+02    2.57708e-06

           Step           Time
          42000       84.00000

   Energies (kJ/mol)
           Bond          Angle    Proper Dih. Per. Imp. Dih.          LJ-14
    4.16817e+02    1.09514e+03    1.42689e+03    7.65289e+01    5.52851e+02
     Coulomb-14        LJ (SR)  Disper. corr.   Coulomb (SR)   Coul. recip.
    7.78109e+03    2.27720e+04   -1.45378e+03   -1.93414e+05    1.04324e+03
 Position Rest.      Potential    Kinetic En.   Total Energy  Conserved En.
    1.35533e+02   -1.59568e+05    2.91842e+04   -1.30384e+05   -1.28128e+05
    Temperature Pres. DC (bar) Pressure (bar)   Constr. rmsd
    2.99953e+02   -2.08403e+02   -4.28206e+01    2.84412e-06

           Step           Time
          42500       85.00000

   Energies (kJ/mol)
           Bond          Angle    Proper Dih. Per. Imp. Dih.          LJ-14
    4.66682e+02    1.19690e+03    1.40331e+03    7.89097e+01    5.83100e+02
     Coulomb-14        LJ (SR)  Disper. corr.   Coulomb (SR)   Coul. recip.
    7.85995e+03    2.15202e+04   -1.44694e+03   -1.91471e+05    1.12119e+03
 Position Rest.      Potential    Kinetic En.   Total Energy  Conserved En.
    1.48432e+02   -1.58539e+05    2.90996e+04   -1.29439e+05   -1.28107e+05
    Temperature Pres. DC (bar) Pressure (bar)   Constr. rmsd
    2.99083e+02   -2.06449e+02   -5.84361e+02    1.92392e-06

           Step           Time
          43000       86.00000

   Energies (kJ/mol)
           Bond          Angle    Proper Dih. Per. Imp. Dih.          LJ-14
    4.60856e+02    1.08820e+03    1.36394e+03    6.28185e+01    5.53779e+02
     Coulomb-14        LJ (SR)  Disper. corr.   Coulomb (SR)   Coul. recip.
    7.77593e+03    2.19128e+04   -1.43915e+03   -1.92397e+05    1.18751e+03
 Position Rest.      Potential    Kinetic En.   Total Energy  Conserved En.
    1.29478e+02   -1.59301e+05    2.90954e+04   -1.30206e+05   -1.28088e+05
    Temperature Pres. DC (bar) Pressure (bar)   Constr. rmsd
    2.99040e+02   -2.04235e+02   -5.88982e+02    2.61979e-06

           Step           Time
          43500       87.00000

   Energies (kJ/mol)
           Bond          Angle    Proper Dih. Per. Imp. Dih.          LJ-14
    3.44665e+02    1.17193e+03    1.42863e+03    8.22142e+01    5.96704e+02
     Coulomb-14        LJ (SR)  Disper. corr.   Coulomb (SR)   Coul. recip.
    7.91694e+03    2.26396e+04   -1.44069e+03   -1.92300e+05    1.15126e+03
 Position Rest.      Potential    Kinetic En.   Total Energy  Conserved En.
    1.56025e+02   -1.58252e+05    2.88561e+04   -1.29396e+05   -1.28090e+05
    Temperature Pres. DC (bar) Pressure (bar)   Constr. rmsd
    2.96581e+02   -2.04673e+02    3.67856e+02    2.59041e-06

           Step           Time
          44000       88.00000

   Energies (kJ/mol)
           Bond          Angle    Proper Dih. Per. Imp. Dih.          LJ-14
    4.26042e+02    1.20430e+03    1.38979e+03    5.20853e+01    5.67718e+02
     Coulomb-14        LJ (SR)  Disper. corr.   Coulomb (SR)   Coul. recip.
    7.78109e+03    2.31493e+04   -1.46790e+03   -1.93823e+05    1.18639e+03
 Position Rest.      Potential    Kinetic En.   Total Energy  Conserved En.
    1.53214e+02   -1.59381e+05    2.92714e+04   -1.30110e+05   -1.28022e+05
    Temperature Pres. DC (bar) Pressure (bar)   Constr. rmsd
    3.00849e+02   -2.12466e+02    4.43960e+02    3.22192e-06

           Step           Time
          44500       89.00000

   Energies (kJ/mol)
           Bond          Angle    Proper Dih. Per. Imp. Dih.          LJ-14
    4.08450e+02    1.14250e+03    1.35493e+03    6.07558e+01    5.86578e+02
     Coulomb-14        LJ (SR)  Disper. corr.   Coulomb (SR)   Coul. recip.
    7.84124e+03    2.28010e+04   -1.45029e+03   -1.93584e+05    1.10129e+03
 Position Rest.      Potential    Kinetic En.   Total Energy  Conserved En.
    1.40467e+02   -1.59597e+05    2.86821e+04   -1.30915e+05   -1.28015e+05
    Temperature Pres. DC (bar) Pressure (bar)   Constr. rmsd
    2.94793e+02   -2.07407e+02    1.02899e+02    2.40755e-06

           Step           Time
          45000       90.00000

   Energies (kJ/mol)
           Bond          Angle    Proper Dih. Per. Imp. Dih.          LJ-14
    4.42047e+02    1.16502e+03    1.36546e+03    6.16022e+01    5.51509e+02
     Coulomb-14        LJ (SR)  Disper. corr.   Coulomb (SR)   Coul. recip.
    7.73772e+03    2.26875e+04   -1.46557e+03   -1.93888e+05    1.16294e+03
 Position Rest.      Potential    Kinetic En.   Total Energy  Conserved En.
    1.37920e+02   -1.60042e+05    2.93488e+04   -1.30693e+05   -1.28009e+05
    Temperature Pres. DC (bar) Pressure (bar)   Constr. rmsd
    3.01645e+02   -2.11794e+02    1.44512e+02    2.26277e-06

           Step           Time
          45500       91.00000

   Energies (kJ/mol)
           Bond          Angle    Proper Dih. Per. Imp. Dih.          LJ-14
    4.18367e+02    1.09054e+03    1.36496e+03    7.29575e+01    5.62225e+02
     Coulomb-14        LJ (SR)  Disper. corr.   Coulomb (SR)   Coul. recip.
    7.80802e+03    2.22075e+04   -1.44278e+03   -1.92413e+05    1.10932e+03
 Position Rest.      Potential    Kinetic En.   Total Energy  Conserved En.
    1.60883e+02   -1.59061e+05    2.93489e+04   -1.29712e+05   -1.28010e+05
    Temperature Pres. DC (bar) Pressure (bar)   Constr. rmsd
    3.01646e+02   -2.05265e+02   -1.77274e+02    2.60927e-06

           Step           Time
          46000       92.00000

   Energies (kJ/mol)
           Bond          Angle    Proper Dih. Per. Imp. Dih.          LJ-14
    4.66032e+02    1.18678e+03    1.39159e+03    6.52341e+01    5.40439e+02
     Coulomb-14        LJ (SR)  Disper. corr.   Coulomb (SR)   Coul. recip.
    7.75734e+03    2.22486e+04   -1.44518e+03   -1.92287e+05    1.17494e+03
 Position Rest.      Potential    Kinetic En.   Total Energy  Conserved En.
    1.14292e+02   -1.58787e+05    2.89674e+04   -1.29819e+05   -1.28003e+05
    Temperature Pres. DC (bar) Pressure (bar)   Constr. rmsd
    2.97725e+02   -2.05948e+02   -2.26558e+02    2.00065e-06

           Step           Time
          46500       93.00000

   Energies (kJ/mol)
           Bond          Angle    Proper Dih. Per. Imp. Dih.          LJ-14
    4.07543e+02    1.06533e+03    1.37569e+03    7.43576e+01    5.98082e+02
     Coulomb-14        LJ (SR)  Disper. corr.   Coulomb (SR)   Coul. recip.
    7.86138e+03    2.36681e+04   -1.47685e+03   -1.95018e+05    1.12339e+03
 Position Rest.      Potential    Kinetic En.   Total Energy  Conserved En.
    1.47221e+02   -1.60174e+05    2.86866e+04   -1.31487e+05   -1.27974e+05
    Temperature Pres. DC (bar) Pressure (bar)   Constr. rmsd
    2.94839e+02   -2.15062e+02    9.60378e+02    2.84981e-06

           Step           Time
          47000       94.00000

   Energies (kJ/mol)
           Bond          Angle    Proper Dih. Per. Imp. Dih.          LJ-14
    4.04497e+02    1.16141e+03    1.38153e+03    5.94145e+01    6.03925e+02
     Coulomb-14        LJ (SR)  Disper. corr.   Coulomb (SR)   Coul. recip.
    7.85820e+03    2.25796e+04   -1.44699e+03   -1.93366e+05    1.11224e+03
 Position Rest.      Potential    Kinetic En.   Total Energy  Conserved En.
    1.44235e+02   -1.59508e+05    2.89551e+04   -1.30553e+05   -1.27958e+05
    Temperature Pres. DC (bar) Pressure (bar)   Constr. rmsd
    2.97599e+02   -2.06463e+02    1.28695e+02    2.14028e-06

           Step           Time
          47500       95.00000

   Energies (kJ/mol)
           Bond          Angle    Proper Dih. Per. Imp. Dih.          LJ-14
    4.14438e+02    1.22734e+03    1.39461e+03    6.21394e+01    5.53524e+02
     Coulomb-14        LJ (SR)  Disper. corr.   Coulomb (SR)   Coul. recip.
    7.76221e+03    2.26986e+04   -1.44655e+03   -1.93017e+05    1.11603e+03
 Position Rest.      Potential    Kinetic En.   Total Energy  Conserved En.
    1.37860e+02   -1.59097e+05    2.93884e+04   -1.29708e+05   -1.27955e+05
    Temperature Pres. DC (bar) Pressure (bar)   Constr. rmsd
    3.02052e+02   -2.06339e+02   -3.31049e+01    2.76187e-06

           Step           Time
          48000       96.00000

   Energies (kJ/mol)
           Bond          Angle    Proper Dih. Per. Imp. Dih.          LJ-14
    4.00789e+02    1.19525e+03    1.39038e+03    6.87253e+01    5.96167e+02
     Coulomb-14        LJ (SR)  Disper. corr.   Coulomb (SR)   Coul. recip.
    7.81264e+03    2.24011e+04   -1.45306e+03   -1.92593e+05    1.15628e+03
 Position Rest.      Potential    Kinetic En.   Total Energy  Conserved En.
    1.63603e+02   -1.58861e+05    2.92343e+04   -1.29627e+05   -1.27960e+05
    Temperature Pres. DC (bar) Pressure (bar)   Constr. rmsd
    3.00468e+02   -2.08197e+02    9.21542e+01    2.54565e-06

           Step           Time
          48500       97.00000

   Energies (kJ/mol)
           Bond          Angle    Proper Dih. Per. Imp. Dih.          LJ-14
    4.26568e+02    1.06867e+03    1.37206e+03    6.39072e+01    5.62335e+02
     Coulomb-14        LJ (SR)  Disper. corr.   Coulomb (SR)   Coul. recip.
    7.72692e+03    2.22225e+04   -1.44742e+03   -1.92721e+05    1.10654e+03
 Position Rest.      Potential    Kinetic En.   Total Energy  Conserved En.
    1.38314e+02   -1.59480e+05    2.95303e+04   -1.29950e+05   -1.27969e+05
    Temperature Pres. DC (bar) Pressure (bar)   Constr. rmsd
    3.03511e+02   -2.06586e+02   -1.45525e+02    2.43109e-06

           Step           Time
          49000       98.00000

   Energies (kJ/mol)
           Bond          Angle    Proper Dih. Per. Imp. Dih.          LJ-14
    4.46125e+02    1.31208e+03    1.39708e+03    6.57803e+01    5.68085e+02
     Coulomb-14        LJ (SR)  Disper. corr.   Coulomb (SR)   Coul. recip.
    7.72801e+03    2.26658e+04   -1.42698e+03   -1.92875e+05    1.10068e+03
 Position Rest.      Potential    Kinetic En.   Total Energy  Conserved En.
    1.44067e+02   -1.58874e+05    2.91988e+04   -1.29676e+05   -1.27932e+05
    Temperature Pres. DC (bar) Pressure (bar)   Constr. rmsd
    3.00103e+02   -2.00799e+02   -1.13624e+02    2.18569e-06

           Step           Time
          49500       99.00000

   Energies (kJ/mol)
           Bond          Angle    Proper Dih. Per. Imp. Dih.          LJ-14
    4.56637e+02    1.07529e+03    1.36352e+03    6.04660e+01    5.98448e+02
     Coulomb-14        LJ (SR)  Disper. corr.   Coulomb (SR)   Coul. recip.
    7.81848e+03    2.26389e+04   -1.45536e+03   -1.92990e+05    1.11002e+03
 Position Rest.      Potential    Kinetic En.   Total Energy  Conserved En.
    1.71880e+02   -1.59152e+05    2.93523e+04   -1.29799e+05   -1.27897e+05
    Temperature Pres. DC (bar) Pressure (bar)   Constr. rmsd
    3.01681e+02   -2.08858e+02    2.46251e+02    3.07676e-06

           Step           Time
          50000      100.00000

Writing checkpoint, step 50000 at Fri Jan 19 15:40:47 2024


   Energies (kJ/mol)
           Bond          Angle    Proper Dih. Per. Imp. Dih.          LJ-14
    4.37038e+02    1.14547e+03    1.42757e+03    9.03494e+01    5.90936e+02
     Coulomb-14        LJ (SR)  Disper. corr.   Coulomb (SR)   Coul. recip.
    7.93162e+03    2.20713e+04   -1.45980e+03   -1.92939e+05    1.14702e+03
 Position Rest.      Potential    Kinetic En.   Total Energy  Conserved En.
    1.59617e+02   -1.59398e+05    2.96573e+04   -1.29740e+05   -1.27903e+05
    Temperature Pres. DC (bar) Pressure (bar)   Constr. rmsd
    3.04815e+02   -2.10132e+02   -2.02342e+02    2.70583e-06


Energy conservation over simulation part #1 of length 100 ps, time 0 to 100 ps
  Conserved energy drift: 1.56e-03 kJ/mol/ps per atom


	<======  ###############  ==>
	<====  A V E R A G E S  ====>
	<==  ###############  ======>

	Statistics over 50001 steps using 501 frames

   Energies (kJ/mol)
           Bond          Angle    Proper Dih. Per. Imp. Dih.          LJ-14
    4.24106e+02    1.15125e+03    1.39818e+03    6.82057e+01    5.73247e+02
     Coulomb-14        LJ (SR)  Disper. corr.   Coulomb (SR)   Coul. recip.
    7.79173e+03    2.24395e+04   -1.45174e+03   -1.93014e+05    1.11933e+03
 Position Rest.      Potential    Kinetic En.   Total Energy  Conserved En.
    1.47676e+02   -1.59353e+05    2.91577e+04   -1.30195e+05   -1.28739e+05
    Temperature Pres. DC (bar) Pressure (bar)   Constr. rmsd
    2.99681e+02   -2.07832e+02   -3.29544e+00    0.00000e+00

          Box-X          Box-Y          Box-Z
    4.87899e+00    4.87899e+00    4.87899e+00

   Total Virial (kJ/mol)
    9.73645e+03    4.34566e+01   -4.22330e+01
    4.35417e+01    9.74180e+03   -1.77903e+01
   -4.22510e+01   -1.78740e+01    9.72652e+03

   Pressure (bar)
   -4.00835e+00   -1.09430e+01    9.90369e+00
   -1.09673e+01   -9.16188e+00    3.64725e+00
    9.90887e+00    3.67117e+00    3.28391e+00

      T-Protein  T-non-Protein
    2.99591e+02    2.99687e+02


	M E G A - F L O P S   A C C O U N T I N G

 NB=Group-cutoff nonbonded kernels    NxN=N-by-N cluster Verlet kernels
 RF=Reaction-Field  VdW=Van der Waals  QSTab=quadratic-spline table
 W3=SPC/TIP3p  W4=TIP4p (single or pairs)
 V&F=Potential and force  V=Potential only  F=Force only

 Computing:                               M-Number         M-Flops  % Flops
-----------------------------------------------------------------------------
 Pair Search distance check            3764.563730       33881.074     0.2
 NxN Ewald Elec. + LJ [F]            148678.880008     9812806.081    51.4
 NxN Ewald Elec. + LJ [V&F]            1504.838896      161017.762     0.8
 NxN Ewald Elec. [F]                 133064.997000     8116964.817    42.5
 NxN Ewald Elec. [V&F]                 1346.714464      113124.015     0.6
 1,4 nonbonded interactions              76.501530        6885.138     0.0
 Calc Weights                          1732.084641       62355.047     0.3
 Spread Q Bspline                     36951.139008       73902.278     0.4
 Gather F Bspline                     36951.139008      221706.834     1.2
 3D-FFT                               49152.883038      393223.064     2.1
 Solve PME                               51.201024        3276.866     0.0
 Reset In Box                            11.547000          34.641     0.0
 CG-CoM                                  11.558547          34.676     0.0
 Bonds                                   14.800296         873.217     0.0
 Angles                                  53.351067        8962.979     0.0
 Propers                                 81.801636       18732.575     0.1
 Impropers                                5.900118        1227.225     0.0
 Pos. Restr.                             14.450289         722.514     0.0
 Virial                                  11.603592         208.865     0.0
 Stop-CM                                  5.785047          57.850     0.0
 Calc-Ekin                              115.493094        3118.314     0.0
 Lincs                                   14.650293         879.018     0.0
 Lincs-Mat                               76.801536         307.206     0.0
 Constraint-V                           576.361527        5187.254     0.0
 Constraint-Vir                          11.245234         269.886     0.0
 Settle                                 182.353647       67470.849     0.4
-----------------------------------------------------------------------------
 Total                                                19107230.043   100.0
-----------------------------------------------------------------------------


    D O M A I N   D E C O M P O S I T I O N   S T A T I S T I C S

 av. #atoms communicated per step for force:  2 x 0.0


      R E A L   C Y C L E   A N D   T I M E   A C C O U N T I N G

On 1 MPI rank, each using 8 OpenMP threads

 Activity:              Num   Num      Call    Wall time         Giga-Cycles
                        Ranks Threads  Count      (s)         total sum    %
--------------------------------------------------------------------------------
 Domain decomp.            1    8       1000       1.123          0.216   0.8
 Neighbor search           1    8       1001       2.997          0.575   2.1
 Force                     1    8      50001      87.085         16.720  60.6
 PME mesh                  1    8      50001      33.284          6.391  23.1
 NB X/F buffer ops.        1    8      99001       7.643          1.467   5.3
 Write traj.               1    8        101       0.251          0.048   0.2
 Update                    1    8      50001       4.606          0.884   3.2
 Constraints               1    8      50001       5.834          1.120   4.1
 Rest                                              0.983          0.189   0.7
--------------------------------------------------------------------------------
 Total                                           143.806         27.611 100.0
--------------------------------------------------------------------------------
 Breakdown of PME mesh activities
--------------------------------------------------------------------------------
 PME spread                1    8      50001      10.810          2.075   7.5
 PME gather                1    8      50001      10.606          2.036   7.4
 PME 3D-FFT                1    8     100002      11.316          2.173   7.9
 PME solve Elec            1    8      50001       0.177          0.034   0.1
--------------------------------------------------------------------------------

               Core t (s)   Wall t (s)        (%)
       Time:     1150.442      143.806      800.0
                 (ns/day)    (hour/ns)
Performance:       60.082        0.399
Finished mdrun on rank 0 Fri Jan 19 15:40:47 2024

