                      :-) GROMACS - gmx mdrun, 2023.2 (-:

Copyright 1991-2023 The GROMACS Authors.
GROMACS is free software; you can redistribute it and/or modify it
under the terms of the GNU Lesser General Public License
as published by the Free Software Foundation; either version 2.1
of the License, or (at your option) any later version.

                         Current GROMACS contributors:
       Mark Abraham           Andrey Alekseenko           Cathrine Bergh      
      Christian Blau            Eliane Briand             Mahesh Doijade      
    Stefan Fleischmann           Vytas Gapsys              Gaurav Garg        
      Sergey Gorelov         Gilles Gouaillardet            Alan Gray         
     M. Eric Irrgang         Farzaneh Jalalypour            Joe Jordan        
    Christoph Junghans        Prashanth Kanduri          Sebastian Keller     
     Carsten Kutzner           Justin A. Lemkul          Magnus Lundborg      
       Pascal Merz              Vedran Miletic            Dmitry Morozov      
       Szilard Pall             Roland Schulz             Michael Shirts      
     Alexey Shvetsov            Balint Soproni         David van der Spoel    
      Philip Turner             Carsten Uphoff           Alessandra Villa     
 Sebastian Wingbermuehle        Artem Zhmurov       

                         Previous GROMACS contributors:
        Emile Apol             Rossen Apostolov           James Barnett       
  Herman J.C. Berendsen          Par Bjelkmar           Viacheslav Bolnykh    
        Kevin Boyd            Aldert van Buuren          Carlo Camilloni      
     Rudi van Drunen            Anton Feenstra           Oliver Fleetwood     
     Gerrit Groenhof            Bert de Groot             Anca Hamuraru       
    Vincent Hindriksen          Victor Holanda           Aleksei Iupinov      
   Dimitrios Karkoulis           Peter Kasson             Sebastian Kehl      
        Jiri Kraus               Per Larsson              Viveca Lindahl      
      Erik Marklund           Pieter Meulenhoff           Teemu Murtola       
       Sander Pronk             Alfons Sijbers            Peter Tieleman      
       Jon Vincent             Teemu Virolainen         Christian Wennberg    
       Maarten Wolf       

                  Coordinated by the GROMACS project leaders:
                    Paul Bauer, Berk Hess, and Erik Lindahl

GROMACS:      gmx mdrun, version 2023.2
Executable:   /usr/local/gromacs/bin/gmx
Data prefix:  /usr/local/gromacs
Working dir:  /Users/samhoover/molecular-dynamics/proteins/tutorials/umbrella-sampling
Process ID:   8461
Command line:
  gmx mdrun -v -deffnm npt1

GROMACS version:    2023.2
Precision:          mixed
Memory model:       64 bit
MPI library:        thread_mpi
OpenMP support:     enabled (GMX_OPENMP_MAX_THREADS = 128)
GPU support:        disabled
SIMD instructions:  ARM_NEON_ASIMD
CPU FFT library:    fftw-3.3.8
GPU FFT library:    none
Multi-GPU FFT:      none
TNG support:        enabled
Hwloc support:      disabled
Tracing support:    disabled
C compiler:         /Library/Developer/CommandLineTools/usr/bin/cc AppleClang 15.0.0.15000040
C compiler flags:   -Wno-missing-field-initializers -fno-stack-check -fno-stack-check -O3 -DNDEBUG
C++ compiler:       /Library/Developer/CommandLineTools/usr/bin/c++ AppleClang 15.0.0.15000040
C++ compiler flags: -Wno-reserved-identifier -Wno-missing-field-initializers -fno-stack-check -fno-stack-check -Weverything -Wno-c++98-compat -Wno-c++98-compat-pedantic -Wno-source-uses-openmp -Wno-c++17-extensions -Wno-documentation-unknown-command -Wno-covered-switch-default -Wno-switch-enum -Wno-extra-semi-stmt -Wno-weak-vtables -Wno-shadow -Wno-padded -Wno-reserved-id-macro -Wno-double-promotion -Wno-exit-time-destructors -Wno-global-constructors -Wno-documentation -Wno-format-nonliteral -Wno-used-but-marked-unused -Wno-float-equal -Wno-conditional-uninitialized -Wno-conversion -Wno-disabled-macro-expansion -Wno-unused-macros -Wno-unsafe-buffer-usage -Xclang -fopenmp -O3 -DNDEBUG
BLAS library:       External - detected on the system
LAPACK library:     External - detected on the system


Running on 1 node with total 0 processing units
Hardware detected on host sh-m1mbp.lan:
  CPU info:
    Vendor: ARM
    Brand:  Unknown CPU brand
    Family: 0   Model: 0   Stepping: 0
    Features: neon neon_asimd
  Hardware topology: Only logical processor count
    CPU limit set by OS: -1   Recommended max number of threads: 8


++++ PLEASE READ AND CITE THE FOLLOWING REFERENCE ++++
M. J. Abraham, T. Murtola, R. Schulz, S. Páll, J. C. Smith, B. Hess, E.
Lindahl
GROMACS: High performance molecular simulations through multi-level
parallelism from laptops to supercomputers
SoftwareX 1 (2015) pp. 19-25
-------- -------- --- Thank You --- -------- --------


++++ PLEASE READ AND CITE THE FOLLOWING REFERENCE ++++
S. Páll, M. J. Abraham, C. Kutzner, B. Hess, E. Lindahl
Tackling Exascale Software Challenges in Molecular Dynamics Simulations with
GROMACS
In S. Markidis & E. Laure (Eds.), Solving Software Challenges for Exascale 8759 (2015) pp. 3-27
-------- -------- --- Thank You --- -------- --------


++++ PLEASE READ AND CITE THE FOLLOWING REFERENCE ++++
S. Pronk, S. Páll, R. Schulz, P. Larsson, P. Bjelkmar, R. Apostolov, M. R.
Shirts, J. C. Smith, P. M. Kasson, D. van der Spoel, B. Hess, and E. Lindahl
GROMACS 4.5: a high-throughput and highly parallel open source molecular
simulation toolkit
Bioinformatics 29 (2013) pp. 845-54
-------- -------- --- Thank You --- -------- --------


++++ PLEASE READ AND CITE THE FOLLOWING REFERENCE ++++
B. Hess and C. Kutzner and D. van der Spoel and E. Lindahl
GROMACS 4: Algorithms for highly efficient, load-balanced, and scalable
molecular simulation
J. Chem. Theory Comput. 4 (2008) pp. 435-447
-------- -------- --- Thank You --- -------- --------


++++ PLEASE READ AND CITE THE FOLLOWING REFERENCE ++++
D. van der Spoel, E. Lindahl, B. Hess, G. Groenhof, A. E. Mark and H. J. C.
Berendsen
GROMACS: Fast, Flexible and Free
J. Comp. Chem. 26 (2005) pp. 1701-1719
-------- -------- --- Thank You --- -------- --------


++++ PLEASE READ AND CITE THE FOLLOWING REFERENCE ++++
E. Lindahl and B. Hess and D. van der Spoel
GROMACS 3.0: A package for molecular simulation and trajectory analysis
J. Mol. Mod. 7 (2001) pp. 306-317
-------- -------- --- Thank You --- -------- --------


++++ PLEASE READ AND CITE THE FOLLOWING REFERENCE ++++
H. J. C. Berendsen, D. van der Spoel and R. van Drunen
GROMACS: A message-passing parallel molecular dynamics implementation
Comp. Phys. Comm. 91 (1995) pp. 43-56
-------- -------- --- Thank You --- -------- --------


++++ PLEASE CITE THE DOI FOR THIS VERSION OF GROMACS ++++
https://doi.org/10.5281/zenodo.8134397
-------- -------- --- Thank You --- -------- --------

Input Parameters:
   integrator                     = md
   tinit                          = 0
   dt                             = 0.002
   nsteps                         = 50000
   init-step                      = 0
   simulation-part                = 1
   mts                            = false
   comm-mode                      = Linear
   nstcomm                        = 10
   bd-fric                        = 0
   ld-seed                        = -39104589
   emtol                          = 10
   emstep                         = 0.01
   niter                          = 20
   fcstep                         = 0
   nstcgsteep                     = 1000
   nbfgscorr                      = 10
   rtpi                           = 0.05
   nstxout                        = 0
   nstvout                        = 5000
   nstfout                        = 5000
   nstlog                         = 1000
   nstcalcenergy                  = 100
   nstenergy                      = 5000
   nstxout-compressed             = 5000
   compressed-x-precision         = 1000
   cutoff-scheme                  = Verlet
   nstlist                        = 20
   pbc                            = xyz
   periodic-molecules             = false
   verlet-buffer-tolerance        = 0.005
   rlist                          = 1.42
   coulombtype                    = PME
   coulomb-modifier               = Potential-shift
   rcoulomb-switch                = 0
   rcoulomb                       = 1.4
   epsilon-r                      = 1
   epsilon-rf                     = inf
   vdw-type                       = Cut-off
   vdw-modifier                   = Potential-shift
   rvdw-switch                    = 0
   rvdw                           = 1.4
   DispCorr                       = EnerPres
   table-extension                = 1
   fourierspacing                 = 0.12
   fourier-nx                     = 56
   fourier-ny                     = 40
   fourier-nz                     = 104
   pme-order                      = 4
   ewald-rtol                     = 1e-05
   ewald-rtol-lj                  = 0.001
   lj-pme-comb-rule               = Geometric
   ewald-geometry                 = 3d
   epsilon-surface                = 0
   ensemble-temperature-setting   = constant
   ensemble-temperature           = 310
   tcoupl                         = Berendsen
   nsttcouple                     = 50
   nh-chain-length                = 0
   print-nose-hoover-chain-variables = false
   pcoupl                         = Berendsen
   pcoupltype                     = Isotropic
   nstpcouple                     = 100
   tau-p                          = 1
   compressibility (3x3):
      compressibility[    0]={ 4.50000e-05,  0.00000e+00,  0.00000e+00}
      compressibility[    1]={ 0.00000e+00,  4.50000e-05,  0.00000e+00}
      compressibility[    2]={ 0.00000e+00,  0.00000e+00,  4.50000e-05}
   ref-p (3x3):
      ref-p[    0]={ 1.00000e+00,  0.00000e+00,  0.00000e+00}
      ref-p[    1]={ 0.00000e+00,  1.00000e+00,  0.00000e+00}
      ref-p[    2]={ 0.00000e+00,  0.00000e+00,  1.00000e+00}
   refcoord-scaling               = COM
   posres-com (3):
      posres-com[0]= 4.99449e-01
      posres-com[1]= 4.98983e-01
      posres-com[2]= 2.48937e-01
   posres-comB (3):
      posres-comB[0]= 4.99449e-01
      posres-comB[1]= 4.98983e-01
      posres-comB[2]= 2.48937e-01
   QMMM                           = false
qm-opts:
   ngQM                           = 0
   constraint-algorithm           = Lincs
   continuation                   = false
   Shake-SOR                      = false
   shake-tol                      = 0.0001
   lincs-order                    = 4
   lincs-iter                     = 1
   lincs-warnangle                = 30
   nwall                          = 0
   wall-type                      = 9-3
   wall-r-linpot                  = -1
   wall-atomtype[0]               = -1
   wall-atomtype[1]               = -1
   wall-density[0]                = 0
   wall-density[1]                = 0
   wall-ewald-zfac                = 3
   pull                           = true
   pull-cylinder-r                = 1.5
   pull-constr-tol                = 1e-06
   pull-print-COM                 = false
   pull-print-ref-value           = false
   pull-print-components          = false
   pull-nstxout                   = 50
   pull-nstfout                   = 50
   pull-pbc-ref-prev-step-com     = false
   pull-xout-average              = false
   pull-fout-average              = false
   pull-ngroups                   = 3
   pull-group 0:
     atom: not available
     weight: not available
     pbcatom                        = -1
   pull-group 1:
     atom (226):
        atom[0,...,225] = {0,...,225}
     weight: not available
     pbcatom                        = 112
   pull-group 2:
     atom (226):
        atom[0,...,225] = {226,...,451}
     weight: not available
     pbcatom                        = 338
   pull-ncoords                   = 1
   pull-coord 0:
   type                           = umbrella
   geometry                       = distance
   group[0]                       = 1
   group[1]                       = 2
   dim (3):
      dim[0]=0
      dim[1]=0
      dim[2]=1
   origin (3):
      origin[0]= 0.00000e+00
      origin[1]= 0.00000e+00
      origin[2]= 0.00000e+00
   vec (3):
      vec[0]= 0.00000e+00
      vec[1]= 0.00000e+00
      vec[2]= 0.00000e+00
   start                          = true
   init                           = 0.705283
   rate                           = 0
   k                              = 1000
   kB                             = 1000
   awh                            = false
   rotation                       = false
   interactiveMD                  = false
   disre                          = No
   disre-weighting                = Conservative
   disre-mixed                    = false
   dr-fc                          = 1000
   dr-tau                         = 0
   nstdisreout                    = 100
   orire-fc                       = 0
   orire-tau                      = 0
   nstorireout                    = 100
   free-energy                    = no
   cos-acceleration               = 0
   deform (3x3):
      deform[    0]={ 0.00000e+00,  0.00000e+00,  0.00000e+00}
      deform[    1]={ 0.00000e+00,  0.00000e+00,  0.00000e+00}
      deform[    2]={ 0.00000e+00,  0.00000e+00,  0.00000e+00}
   simulated-tempering            = false
   swapcoords                     = no
   userint1                       = 0
   userint2                       = 0
   userint3                       = 0
   userint4                       = 0
   userreal1                      = 0
   userreal2                      = 0
   userreal3                      = 0
   userreal4                      = 0
   applied-forces:
     electric-field:
       x:
         E0                       = 0
         omega                    = 0
         t0                       = 0
         sigma                    = 0
       y:
         E0                       = 0
         omega                    = 0
         t0                       = 0
         sigma                    = 0
       z:
         E0                       = 0
         omega                    = 0
         t0                       = 0
         sigma                    = 0
     density-guided-simulation:
       active                     = false
       group                      = protein
       similarity-measure         = inner-product
       atom-spreading-weight      = unity
       force-constant             = 1e+09
       gaussian-transform-spreading-width = 0.2
       gaussian-transform-spreading-range-in-multiples-of-width = 4
       reference-density-filename = reference.mrc
       nst                        = 1
       normalize-densities        = true
       adaptive-force-scaling     = false
       adaptive-force-scaling-time-constant = 4
       shift-vector               = 
       transformation-matrix      = 
     qmmm-cp2k:
       active                     = false
       qmgroup                    = System
       qmmethod                   = PBE
       qmfilenames                = 
       qmcharge                   = 0
       qmmultiplicity             = 1
grpopts:
   nrdf:      2254.9     64203.1
   ref-t:         310         310
   tau-t:         0.5         0.5
annealing:          No          No
annealing-npoints:           0           0
   acc:	           0           0           0
   nfreeze:           N           N           N
   energygrp-flags[  0]: 0

Changing nstlist from 20 to 100, rlist from 1.42 to 1.537

Update groups can not be used for this system because there are three or more consecutively coupled constraints

Initializing Domain Decomposition on 1 ranks
Dynamic load balancing: auto
Minimum cell size due to atom displacement: 0.716 nm
Initial maximum distances in bonded interactions:
    two-body bonded interactions: 0.419 nm, LJ-14, atoms 170 173
  multi-body bonded interactions: 0.419 nm, Proper Dih., atoms 170 173
Minimum cell size due to bonded interactions: 0.461 nm
Maximum distance for 5 constraints, at 120 deg. angles, all-trans: 0.820 nm
Estimated maximum distance required for P-LINCS: 0.820 nm
This distance will limit the DD cell size, you can override this with -rcon
Using 0 separate PME ranks because: there are too few total ranks for efficient splitting
Optimizing the DD grid for 1 cells with a minimum initial size of 0.820 nm
The maximum allowed number of cells is: X 8 Y 5 Z 14
Domain decomposition grid 1 x 1 x 1, separate PME ranks 0
PME domain decomposition: 1 x 1 x 1

The initial number of communication pulses is:
The initial domain decomposition cell size is:

The maximum allowed distance for atoms involved in interactions is:
                 non-bonded interactions           1.537 nm
(the following are initial values, they could change due to box deformation)
            two-body bonded interactions  (-rdd)   1.537 nm
          multi-body bonded interactions  (-rdd)   1.537 nm
  atoms separated by up to 5 constraints  (-rcon)  4.377 nm

When dynamic load balancing gets turned on, these settings will change to:
The maximum number of communication pulses is:
The minimum size for domain decomposition cells is 1.537 nm
The requested allowed shrink of DD cells (option -dds) is: 0.80
The allowed shrink of domain decomposition cells is:
The maximum allowed distance for atoms involved in interactions is:
                 non-bonded interactions           1.537 nm
            two-body bonded interactions  (-rdd)   1.537 nm
          multi-body bonded interactions  (-rdd)   1.537 nm
  atoms separated by up to 5 constraints  (-rcon)  1.537 nm

Using 1 MPI thread
Using 8 OpenMP threads 

System total charge: 0.000
Will do PME sum in reciprocal space for electrostatic interactions.

++++ PLEASE READ AND CITE THE FOLLOWING REFERENCE ++++
U. Essmann, L. Perera, M. L. Berkowitz, T. Darden, H. Lee and L. G. Pedersen 
A smooth particle mesh Ewald method
J. Chem. Phys. 103 (1995) pp. 8577-8592
-------- -------- --- Thank You --- -------- --------

Using a Gaussian width (1/beta) of 0.448228 nm for Ewald
Potential shift: LJ r^-12: -1.764e-02 r^-6: -1.328e-01, Ewald -7.143e-06
Initialized non-bonded Coulomb Ewald tables, spacing: 1.10e-03 size: 1270

Generated table with 1268 data points for 1-4 COUL.
Tabscale = 500 points/nm
Generated table with 1268 data points for 1-4 LJ6.
Tabscale = 500 points/nm
Generated table with 1268 data points for 1-4 LJ12.
Tabscale = 500 points/nm
Long Range LJ corr.: <C6> 3.3659e-04


Using SIMD 4x4 nonbonded short-range kernels

Using a dual 4x4 pair-list setup updated with dynamic pruning:
  outer list: updated every 100 steps, buffer 0.137 nm, rlist 1.537 nm
  inner list: updated every  14 steps, buffer 0.002 nm, rlist 1.402 nm
At tolerance 0.005 kJ/mol/ps per atom, equivalent classical 1x1 list would be:
  outer list: updated every 100 steps, buffer 0.297 nm, rlist 1.697 nm
  inner list: updated every  14 steps, buffer 0.058 nm, rlist 1.458 nm

Using full Lennard-Jones parameter combination matrix
Removing pbc first time

Linking all bonded interactions to atoms


Will apply potential COM pulling
with 1 pull coordinate and 2 groups
Pull group 1:   226 atoms, mass  2617.110
Pull group 2:   226 atoms, mass  2617.110

Initializing Parallel LINear Constraint Solver

++++ PLEASE READ AND CITE THE FOLLOWING REFERENCE ++++
B. Hess
P-LINCS: A Parallel Linear Constraint Solver for molecular simulation
J. Chem. Theory Comput. 4 (2008) pp. 116-122
-------- -------- --- Thank You --- -------- --------

The number of constraints is 1135
There are constraints between atoms in different decomposition domains,
will communicate selected coordinates each lincs iteration

++++ PLEASE READ AND CITE THE FOLLOWING REFERENCE ++++
S. Miyamoto and P. A. Kollman
SETTLE: An Analytical Version of the SHAKE and RATTLE Algorithms for Rigid
Water Models
J. Comp. Chem. 13 (1992) pp. 952-962
-------- -------- --- Thank You --- -------- --------


++++ PLEASE READ AND CITE THE FOLLOWING REFERENCE ++++
H. J. C. Berendsen, J. P. M. Postma, A. DiNola and J. R. Haak
Molecular dynamics with coupling to an external bath
J. Chem. Phys. 81 (1984) pp. 3684-3690
-------- -------- --- Thank You --- -------- --------

There are: 33207 Atoms

Atom distribution over 1 domains: av 33207 stddev 0 min 33207 max 33207

Constraining the starting coordinates (step 0)

Constraining the coordinates at t0-dt (step 0)
Center of mass motion removal mode is Linear
We have the following groups for center of mass motion removal:
  0:  rest
RMS relative constraint deviation after constraining: 2.96e-05
Initial temperature: 310.648 K

Started mdrun on rank 0 Tue Oct 24 10:05:20 2023

           Step           Time
              0        0.00000

   Energies (kJ/mol)
       G96Angle    Proper Dih.  Improper Dih.          LJ-14     Coulomb-14
    1.75314e+03    7.15207e+02    5.04660e+02   -1.91616e+02    2.40620e+04
        LJ (SR)  Disper. corr.   Coulomb (SR)   Coul. recip. Position Rest.
    7.17555e+04   -1.63255e+03   -5.70265e+05    1.11087e+03    7.50468e-03
   COM Pull En.      Potential    Kinetic En.   Total Energy  Conserved En.
    3.76395e-13   -4.72188e+05    8.69021e+04   -3.85286e+05   -3.85335e+05
    Temperature Pres. DC (bar) Pressure (bar)   Constr. rmsd
    3.14542e+02   -7.81834e+01    9.90325e+01    1.93505e-05

           Step           Time
           1000        2.00000

   Energies (kJ/mol)
       G96Angle    Proper Dih.  Improper Dih.          LJ-14     Coulomb-14
    1.75945e+03    7.03366e+02    5.79404e+02   -2.45862e+02    2.40146e+04
        LJ (SR)  Disper. corr.   Coulomb (SR)   Coul. recip. Position Rest.
    7.08538e+04   -1.63456e+03   -5.69377e+05    1.04413e+03    1.30379e+02
   COM Pull En.      Potential    Kinetic En.   Total Energy  Conserved En.
    2.34467e-01   -4.72172e+05    8.59008e+04   -3.86271e+05   -3.85236e+05
    Temperature Pres. DC (bar) Pressure (bar)   Constr. rmsd
    3.10918e+02   -7.83763e+01   -4.14014e+01    1.93751e-05

           Step           Time
           2000        4.00000

   Energies (kJ/mol)
       G96Angle    Proper Dih.  Improper Dih.          LJ-14     Coulomb-14
    1.77627e+03    6.92324e+02    5.27391e+02   -2.38422e+02    2.39985e+04
        LJ (SR)  Disper. corr.   Coulomb (SR)   Coul. recip. Position Rest.
    7.03049e+04   -1.62849e+03   -5.67608e+05    1.04468e+03    1.12293e+02
   COM Pull En.      Potential    Kinetic En.   Total Energy  Conserved En.
    9.18136e-01   -4.71018e+05    8.47544e+04   -3.86263e+05   -3.85183e+05
    Temperature Pres. DC (bar) Pressure (bar)   Constr. rmsd
    3.06769e+02   -7.77949e+01   -8.62292e+01    1.86465e-05

           Step           Time
           3000        6.00000

   Energies (kJ/mol)
       G96Angle    Proper Dih.  Improper Dih.          LJ-14     Coulomb-14
    1.79969e+03    7.11377e+02    5.34025e+02   -1.82341e+02    2.39608e+04
        LJ (SR)  Disper. corr.   Coulomb (SR)   Coul. recip. Position Rest.
    7.24466e+04   -1.63373e+03   -5.71405e+05    1.01317e+03    1.10294e+02
   COM Pull En.      Potential    Kinetic En.   Total Energy  Conserved En.
    1.28985e+00   -4.72644e+05    8.58692e+04   -3.86774e+05   -3.85314e+05
    Temperature Pres. DC (bar) Pressure (bar)   Constr. rmsd
    3.10804e+02   -7.82969e+01    2.19344e+02    1.84757e-05

           Step           Time
           4000        8.00000

   Energies (kJ/mol)
       G96Angle    Proper Dih.  Improper Dih.          LJ-14     Coulomb-14
    1.75258e+03    7.38698e+02    5.28039e+02   -1.66943e+02    2.40030e+04
        LJ (SR)  Disper. corr.   Coulomb (SR)   Coul. recip. Position Rest.
    7.15206e+04   -1.63106e+03   -5.70089e+05    1.07705e+03    9.25282e+01
   COM Pull En.      Potential    Kinetic En.   Total Energy  Conserved En.
    1.00790e+00   -4.72173e+05    8.56390e+04   -3.86534e+05   -3.85188e+05
    Temperature Pres. DC (bar) Pressure (bar)   Constr. rmsd
    3.09970e+02   -7.80413e+01    6.23924e+00    2.05153e-05

           Step           Time
           5000       10.00000

   Energies (kJ/mol)
       G96Angle    Proper Dih.  Improper Dih.          LJ-14     Coulomb-14
    1.71928e+03    7.57062e+02    5.13768e+02   -1.74637e+02    2.39441e+04
        LJ (SR)  Disper. corr.   Coulomb (SR)   Coul. recip. Position Rest.
    7.08090e+04   -1.62789e+03   -5.68910e+05    1.06300e+03    1.02292e+02
   COM Pull En.      Potential    Kinetic En.   Total Energy  Conserved En.
    1.96858e+00   -4.71802e+05    8.58182e+04   -3.85983e+05   -3.85147e+05
    Temperature Pres. DC (bar) Pressure (bar)   Constr. rmsd
    3.10619e+02   -7.77377e+01   -5.90950e+01    2.00423e-05

           Step           Time
           6000       12.00000

   Energies (kJ/mol)
       G96Angle    Proper Dih.  Improper Dih.          LJ-14     Coulomb-14
    1.70637e+03    6.66991e+02    5.05680e+02   -1.75949e+02    2.40463e+04
        LJ (SR)  Disper. corr.   Coulomb (SR)   Coul. recip. Position Rest.
    7.12174e+04   -1.62971e+03   -5.68942e+05    1.04134e+03    1.14985e+02
   COM Pull En.      Potential    Kinetic En.   Total Energy  Conserved En.
    1.61510e+00   -4.71447e+05    8.54439e+04   -3.86003e+05   -3.85182e+05
    Temperature Pres. DC (bar) Pressure (bar)   Constr. rmsd
    3.09264e+02   -7.79115e+01    7.11744e+01    1.88533e-05

           Step           Time
           7000       14.00000

   Energies (kJ/mol)
       G96Angle    Proper Dih.  Improper Dih.          LJ-14     Coulomb-14
    1.66951e+03    7.54883e+02    5.35527e+02   -2.74315e+02    2.39676e+04
        LJ (SR)  Disper. corr.   Coulomb (SR)   Coul. recip. Position Rest.
    7.13986e+04   -1.62875e+03   -5.69470e+05    1.06886e+03    1.26781e+02
   COM Pull En.      Potential    Kinetic En.   Total Energy  Conserved En.
    1.96697e+00   -4.71849e+05    8.55139e+04   -3.86335e+05   -3.85082e+05
    Temperature Pres. DC (bar) Pressure (bar)   Constr. rmsd
    3.09517e+02   -7.78203e+01   -8.11470e+01    2.09589e-05

           Step           Time
           8000       16.00000

   Energies (kJ/mol)
       G96Angle    Proper Dih.  Improper Dih.          LJ-14     Coulomb-14
    1.71363e+03    7.00252e+02    5.30701e+02   -1.94612e+02    2.38625e+04
        LJ (SR)  Disper. corr.   Coulomb (SR)   Coul. recip. Position Rest.
    7.24771e+04   -1.63069e+03   -5.70974e+05    1.02670e+03    1.04920e+02
   COM Pull En.      Potential    Kinetic En.   Total Energy  Conserved En.
    1.75750e+00   -4.72381e+05    8.58837e+04   -3.86498e+05   -3.85198e+05
    Temperature Pres. DC (bar) Pressure (bar)   Constr. rmsd
    3.10856e+02   -7.80051e+01    1.76302e+02    2.02211e-05

           Step           Time
           9000       18.00000

   Energies (kJ/mol)
       G96Angle    Proper Dih.  Improper Dih.          LJ-14     Coulomb-14
    1.74523e+03    7.78264e+02    5.42681e+02   -2.36856e+02    2.40884e+04
        LJ (SR)  Disper. corr.   Coulomb (SR)   Coul. recip. Position Rest.
    7.00835e+04   -1.63071e+03   -5.68781e+05    1.05450e+03    9.60094e+01
   COM Pull En.      Potential    Kinetic En.   Total Energy  Conserved En.
    1.81322e+00   -4.72258e+05    8.60432e+04   -3.86215e+05   -3.84987e+05
    Temperature Pres. DC (bar) Pressure (bar)   Constr. rmsd
    3.11433e+02   -7.80073e+01   -2.18567e+02    2.02866e-05

           Step           Time
          10000       20.00000

   Energies (kJ/mol)
       G96Angle    Proper Dih.  Improper Dih.          LJ-14     Coulomb-14
    1.85334e+03    7.60514e+02    5.28318e+02   -1.93387e+02    2.38885e+04
        LJ (SR)  Disper. corr.   Coulomb (SR)   Coul. recip. Position Rest.
    7.19239e+04   -1.63125e+03   -5.70398e+05    9.89815e+02    1.28936e+02
   COM Pull En.      Potential    Kinetic En.   Total Energy  Conserved En.
    2.16697e+00   -4.72147e+05    8.58153e+04   -3.86332e+05   -3.85096e+05
    Temperature Pres. DC (bar) Pressure (bar)   Constr. rmsd
    3.10608e+02   -7.80594e+01    3.02558e+01    2.07786e-05

           Step           Time
          11000       22.00000

   Energies (kJ/mol)
       G96Angle    Proper Dih.  Improper Dih.          LJ-14     Coulomb-14
    1.76185e+03    7.93482e+02    5.48614e+02   -2.27128e+02    2.39831e+04
        LJ (SR)  Disper. corr.   Coulomb (SR)   Coul. recip. Position Rest.
    7.08764e+04   -1.63289e+03   -5.69399e+05    9.82330e+02    1.18006e+02
   COM Pull En.      Potential    Kinetic En.   Total Energy  Conserved En.
    3.89476e+00   -4.72191e+05    8.57861e+04   -3.86405e+05   -3.84983e+05
    Temperature Pres. DC (bar) Pressure (bar)   Constr. rmsd
    3.10503e+02   -7.82159e+01   -1.05871e+02    1.96734e-05

           Step           Time
          12000       24.00000

   Energies (kJ/mol)
       G96Angle    Proper Dih.  Improper Dih.          LJ-14     Coulomb-14
    1.70538e+03    7.70517e+02    5.11372e+02   -1.91860e+02    2.39908e+04
        LJ (SR)  Disper. corr.   Coulomb (SR)   Coul. recip. Position Rest.
    7.17036e+04   -1.63148e+03   -5.70510e+05    1.01636e+03    1.21042e+02
   COM Pull En.      Potential    Kinetic En.   Total Energy  Conserved En.
    2.91336e+00   -4.72512e+05    8.61999e+04   -3.86312e+05   -3.85064e+05
    Temperature Pres. DC (bar) Pressure (bar)   Constr. rmsd
    3.12000e+02   -7.80810e+01    6.73110e+01    2.06576e-05

           Step           Time
          13000       26.00000

   Energies (kJ/mol)
       G96Angle    Proper Dih.  Improper Dih.          LJ-14     Coulomb-14
    1.76225e+03    7.54064e+02    5.64703e+02   -1.98427e+02    2.40416e+04
        LJ (SR)  Disper. corr.   Coulomb (SR)   Coul. recip. Position Rest.
    7.20159e+04   -1.63117e+03   -5.70886e+05    9.70774e+02    1.02239e+02
   COM Pull En.      Potential    Kinetic En.   Total Energy  Conserved En.
    2.95918e+00   -4.72502e+05    8.59367e+04   -3.86565e+05   -3.85028e+05
    Temperature Pres. DC (bar) Pressure (bar)   Constr. rmsd
    3.11048e+02   -7.80519e+01    7.95121e+01    1.96191e-05

           Step           Time
          14000       28.00000

   Energies (kJ/mol)
       G96Angle    Proper Dih.  Improper Dih.          LJ-14     Coulomb-14
    1.71355e+03    7.79949e+02    5.18706e+02   -2.48487e+02    2.40219e+04
        LJ (SR)  Disper. corr.   Coulomb (SR)   Coul. recip. Position Rest.
    7.10212e+04   -1.63038e+03   -5.69520e+05    1.00770e+03    1.10424e+02
   COM Pull En.      Potential    Kinetic En.   Total Energy  Conserved En.
    3.16971e+00   -4.72222e+05    8.58048e+04   -3.86418e+05   -3.84961e+05
    Temperature Pres. DC (bar) Pressure (bar)   Constr. rmsd
    3.10570e+02   -7.79760e+01   -5.29997e+01    1.93403e-05

           Step           Time
          15000       30.00000

   Energies (kJ/mol)
       G96Angle    Proper Dih.  Improper Dih.          LJ-14     Coulomb-14
    1.67397e+03    7.19547e+02    5.55507e+02   -2.14295e+02    2.40117e+04
        LJ (SR)  Disper. corr.   Coulomb (SR)   Coul. recip. Position Rest.
    6.95421e+04   -1.63152e+03   -5.68162e+05    1.08975e+03    1.03697e+02
   COM Pull En.      Potential    Kinetic En.   Total Energy  Conserved En.
    3.14850e+00   -4.72308e+05    8.58952e+04   -3.86413e+05   -3.84860e+05
    Temperature Pres. DC (bar) Pressure (bar)   Constr. rmsd
    3.10898e+02   -7.80848e+01   -2.31500e+02    1.94318e-05

           Step           Time
          16000       32.00000

   Energies (kJ/mol)
       G96Angle    Proper Dih.  Improper Dih.          LJ-14     Coulomb-14
    1.73538e+03    7.74583e+02    5.82911e+02   -1.98353e+02    2.40502e+04
        LJ (SR)  Disper. corr.   Coulomb (SR)   Coul. recip. Position Rest.
    6.99935e+04   -1.62900e+03   -5.67908e+05    1.04621e+03    9.42124e+01
   COM Pull En.      Potential    Kinetic En.   Total Energy  Conserved En.
    2.53030e+00   -4.71456e+05    8.53188e+04   -3.86137e+05   -3.84891e+05
    Temperature Pres. DC (bar) Pressure (bar)   Constr. rmsd
    3.08811e+02   -7.78443e+01   -1.25203e+02    1.82308e-05

           Step           Time
          17000       34.00000

   Energies (kJ/mol)
       G96Angle    Proper Dih.  Improper Dih.          LJ-14     Coulomb-14
    1.77133e+03    7.15385e+02    5.64292e+02   -2.39903e+02    2.39529e+04
        LJ (SR)  Disper. corr.   Coulomb (SR)   Coul. recip. Position Rest.
    7.09623e+04   -1.62749e+03   -5.68908e+05    9.87698e+02    1.00399e+02
   COM Pull En.      Potential    Kinetic En.   Total Energy  Conserved En.
    1.91861e+00   -4.71719e+05    8.57509e+04   -3.85968e+05   -3.84886e+05
    Temperature Pres. DC (bar) Pressure (bar)   Constr. rmsd
    3.10375e+02   -7.76998e+01   -9.19759e+01    2.16075e-05

           Step           Time
          18000       36.00000

   Energies (kJ/mol)
       G96Angle    Proper Dih.  Improper Dih.          LJ-14     Coulomb-14
    1.77237e+03    7.33889e+02    5.59815e+02   -2.18103e+02    2.40618e+04
        LJ (SR)  Disper. corr.   Coulomb (SR)   Coul. recip. Position Rest.
    7.09581e+04   -1.62726e+03   -5.68325e+05    1.03033e+03    1.04936e+02
   COM Pull En.      Potential    Kinetic En.   Total Energy  Conserved En.
    1.80904e+00   -4.70947e+05    8.49611e+04   -3.85986e+05   -3.84908e+05
    Temperature Pres. DC (bar) Pressure (bar)   Constr. rmsd
    3.07517e+02   -7.76780e+01   -7.27801e+00    2.09874e-05

           Step           Time
          19000       38.00000

   Energies (kJ/mol)
       G96Angle    Proper Dih.  Improper Dih.          LJ-14     Coulomb-14
    1.74367e+03    7.65990e+02    5.49567e+02   -1.94812e+02    2.40102e+04
        LJ (SR)  Disper. corr.   Coulomb (SR)   Coul. recip. Position Rest.
    7.20940e+04   -1.62750e+03   -5.70105e+05    1.09852e+03    1.02026e+02
   COM Pull En.      Potential    Kinetic En.   Total Energy  Conserved En.
    3.39887e+00   -4.71560e+05    8.59465e+04   -3.85613e+05   -3.84989e+05
    Temperature Pres. DC (bar) Pressure (bar)   Constr. rmsd
    3.11083e+02   -7.77008e+01    1.53519e+02    1.97042e-05

           Step           Time
          20000       40.00000

   Energies (kJ/mol)
       G96Angle    Proper Dih.  Improper Dih.          LJ-14     Coulomb-14
    1.74642e+03    7.92106e+02    5.86780e+02   -2.00150e+02    2.40164e+04
        LJ (SR)  Disper. corr.   Coulomb (SR)   Coul. recip. Position Rest.
    7.11517e+04   -1.63109e+03   -5.69234e+05    1.06368e+03    1.21909e+02
   COM Pull En.      Potential    Kinetic En.   Total Energy  Conserved En.
    3.36054e+00   -4.71583e+05    8.53854e+04   -3.86198e+05   -3.84873e+05
    Temperature Pres. DC (bar) Pressure (bar)   Constr. rmsd
    3.09053e+02   -7.80439e+01   -4.25908e+01    2.08334e-05

           Step           Time
          21000       42.00000

   Energies (kJ/mol)
       G96Angle    Proper Dih.  Improper Dih.          LJ-14     Coulomb-14
    1.72716e+03    7.71241e+02    5.94987e+02   -2.46676e+02    2.40034e+04
        LJ (SR)  Disper. corr.   Coulomb (SR)   Coul. recip. Position Rest.
    7.08747e+04   -1.63283e+03   -5.69770e+05    1.05824e+03    9.87486e+01
   COM Pull En.      Potential    Kinetic En.   Total Energy  Conserved En.
    3.66260e+00   -4.72517e+05    8.60790e+04   -3.86438e+05   -3.84845e+05
    Temperature Pres. DC (bar) Pressure (bar)   Constr. rmsd
    3.11563e+02   -7.82102e+01   -9.72608e+01    2.16402e-05

           Step           Time
          22000       44.00000

   Energies (kJ/mol)
       G96Angle    Proper Dih.  Improper Dih.          LJ-14     Coulomb-14
    1.70424e+03    7.47672e+02    5.39098e+02   -1.65001e+02    2.39692e+04
        LJ (SR)  Disper. corr.   Coulomb (SR)   Coul. recip. Position Rest.
    7.26888e+04   -1.63126e+03   -5.71736e+05    1.06989e+03    1.16246e+02
   COM Pull En.      Potential    Kinetic En.   Total Energy  Conserved En.
    3.56407e+00   -4.72693e+05    8.58075e+04   -3.86886e+05   -3.84923e+05
    Temperature Pres. DC (bar) Pressure (bar)   Constr. rmsd
    3.10580e+02   -7.80599e+01    1.16112e+02    2.26324e-05

           Step           Time
          23000       46.00000

   Energies (kJ/mol)
       G96Angle    Proper Dih.  Improper Dih.          LJ-14     Coulomb-14
    1.80946e+03    7.51849e+02    5.90779e+02   -1.68166e+02    2.39744e+04
        LJ (SR)  Disper. corr.   Coulomb (SR)   Coul. recip. Position Rest.
    7.12647e+04   -1.62775e+03   -5.69351e+05    1.01871e+03    1.39767e+02
   COM Pull En.      Potential    Kinetic En.   Total Energy  Conserved En.
    3.63988e+00   -4.71593e+05    8.53960e+04   -3.86197e+05   -3.84828e+05
    Temperature Pres. DC (bar) Pressure (bar)   Constr. rmsd
    3.09091e+02   -7.77244e+01   -5.40215e+01    2.04869e-05

           Step           Time
          24000       48.00000

   Energies (kJ/mol)
       G96Angle    Proper Dih.  Improper Dih.          LJ-14     Coulomb-14
    1.65757e+03    7.44999e+02    5.71649e+02   -2.03473e+02    2.41070e+04
        LJ (SR)  Disper. corr.   Coulomb (SR)   Coul. recip. Position Rest.
    7.11487e+04   -1.63311e+03   -5.70321e+05    1.03954e+03    1.10224e+02
   COM Pull En.      Potential    Kinetic En.   Total Energy  Conserved En.
    4.06304e+00   -4.72774e+05    8.62209e+04   -3.86553e+05   -3.84821e+05
    Temperature Pres. DC (bar) Pressure (bar)   Constr. rmsd
    3.12076e+02   -7.82370e+01   -4.87373e+00    1.86925e-05

           Step           Time
          25000       50.00000

   Energies (kJ/mol)
       G96Angle    Proper Dih.  Improper Dih.          LJ-14     Coulomb-14
    1.79139e+03    7.94819e+02    5.76290e+02   -1.64084e+02    2.39438e+04
        LJ (SR)  Disper. corr.   Coulomb (SR)   Coul. recip. Position Rest.
    6.96502e+04   -1.63354e+03   -5.67410e+05    1.05257e+03    1.08355e+02
   COM Pull En.      Potential    Kinetic En.   Total Energy  Conserved En.
    4.43888e+00   -4.71285e+05    8.50461e+04   -3.86239e+05   -3.84695e+05
    Temperature Pres. DC (bar) Pressure (bar)   Constr. rmsd
    3.07824e+02   -7.82787e+01   -2.29021e+02    2.00499e-05

           Step           Time
          26000       52.00000

   Energies (kJ/mol)
       G96Angle    Proper Dih.  Improper Dih.          LJ-14     Coulomb-14
    1.82955e+03    7.38075e+02    5.13737e+02   -2.08883e+02    2.40257e+04
        LJ (SR)  Disper. corr.   Coulomb (SR)   Coul. recip. Position Rest.
    7.08333e+04   -1.63659e+03   -5.69105e+05    1.08267e+03    1.22199e+02
   COM Pull En.      Potential    Kinetic En.   Total Energy  Conserved En.
    4.54078e+00   -4.71800e+05    8.57977e+04   -3.86003e+05   -3.84825e+05
    Temperature Pres. DC (bar) Pressure (bar)   Constr. rmsd
    3.10545e+02   -7.85710e+01    3.63355e+01    1.92343e-05

           Step           Time
          27000       54.00000

   Energies (kJ/mol)
       G96Angle    Proper Dih.  Improper Dih.          LJ-14     Coulomb-14
    1.65878e+03    7.91981e+02    5.80634e+02   -2.25937e+02    2.40710e+04
        LJ (SR)  Disper. corr.   Coulomb (SR)   Coul. recip. Position Rest.
    7.18101e+04   -1.63457e+03   -5.69268e+05    1.03418e+03    8.37266e+01
   COM Pull En.      Potential    Kinetic En.   Total Energy  Conserved En.
    5.35520e+00   -4.71093e+05    8.52036e+04   -3.85889e+05   -3.84824e+05
    Temperature Pres. DC (bar) Pressure (bar)   Constr. rmsd
    3.08394e+02   -7.83770e+01    6.94797e+01    2.29704e-05

           Step           Time
          28000       56.00000

   Energies (kJ/mol)
       G96Angle    Proper Dih.  Improper Dih.          LJ-14     Coulomb-14
    1.72248e+03    7.49488e+02    5.76010e+02   -2.22308e+02    2.39048e+04
        LJ (SR)  Disper. corr.   Coulomb (SR)   Coul. recip. Position Rest.
    7.08113e+04   -1.62969e+03   -5.68540e+05    1.03037e+03    1.24291e+02
   COM Pull En.      Potential    Kinetic En.   Total Energy  Conserved En.
    5.73558e+00   -4.71467e+05    8.53799e+04   -3.86087e+05   -3.84680e+05
    Temperature Pres. DC (bar) Pressure (bar)   Constr. rmsd
    3.09033e+02   -7.79095e+01   -1.58444e+02    2.17299e-05

           Step           Time
          29000       58.00000

   Energies (kJ/mol)
       G96Angle    Proper Dih.  Improper Dih.          LJ-14     Coulomb-14
    1.66356e+03    7.62657e+02    5.79726e+02   -2.08452e+02    2.40033e+04
        LJ (SR)  Disper. corr.   Coulomb (SR)   Coul. recip. Position Rest.
    7.12499e+04   -1.63140e+03   -5.69736e+05    1.06411e+03    1.16921e+02
   COM Pull En.      Potential    Kinetic En.   Total Energy  Conserved En.
    2.54742e+00   -4.72133e+05    8.57646e+04   -3.86368e+05   -3.84780e+05
    Temperature Pres. DC (bar) Pressure (bar)   Constr. rmsd
    3.10425e+02   -7.80738e+01    1.08614e+02    1.64344e-05

           Step           Time
          30000       60.00000

   Energies (kJ/mol)
       G96Angle    Proper Dih.  Improper Dih.          LJ-14     Coulomb-14
    1.62439e+03    8.56807e+02    5.69917e+02   -1.58190e+02    2.40063e+04
        LJ (SR)  Disper. corr.   Coulomb (SR)   Coul. recip. Position Rest.
    7.21306e+04   -1.63036e+03   -5.70714e+05    1.02033e+03    1.03932e+02
   COM Pull En.      Potential    Kinetic En.   Total Energy  Conserved En.
    2.59896e+00   -4.72188e+05    8.56978e+04   -3.86490e+05   -3.84830e+05
    Temperature Pres. DC (bar) Pressure (bar)   Constr. rmsd
    3.10183e+02   -7.79739e+01    2.31191e+02    1.70433e-05

           Step           Time
          31000       62.00000

   Energies (kJ/mol)
       G96Angle    Proper Dih.  Improper Dih.          LJ-14     Coulomb-14
    1.70237e+03    7.01461e+02    5.70897e+02   -1.94711e+02    2.40178e+04
        LJ (SR)  Disper. corr.   Coulomb (SR)   Coul. recip. Position Rest.
    7.08398e+04   -1.62913e+03   -5.69442e+05    1.03411e+03    1.24352e+02
   COM Pull En.      Potential    Kinetic En.   Total Energy  Conserved En.
    3.38735e+00   -4.72271e+05    8.60001e+04   -3.86271e+05   -3.84677e+05
    Temperature Pres. DC (bar) Pressure (bar)   Constr. rmsd
    3.11277e+02   -7.78568e+01   -4.50619e+01    1.87748e-05

           Step           Time
          32000       64.00000

   Energies (kJ/mol)
       G96Angle    Proper Dih.  Improper Dih.          LJ-14     Coulomb-14
    1.79362e+03    7.47482e+02    6.02128e+02   -2.35650e+02    2.40562e+04
        LJ (SR)  Disper. corr.   Coulomb (SR)   Coul. recip. Position Rest.
    7.14831e+04   -1.63251e+03   -5.70697e+05    1.03937e+03    9.74673e+01
   COM Pull En.      Potential    Kinetic En.   Total Energy  Conserved En.
    4.64516e+00   -4.72742e+05    8.56253e+04   -3.87116e+05   -3.84719e+05
    Temperature Pres. DC (bar) Pressure (bar)   Constr. rmsd
    3.09921e+02   -7.81794e+01    6.34756e+01    1.89358e-05

           Step           Time
          33000       66.00000

   Energies (kJ/mol)
       G96Angle    Proper Dih.  Improper Dih.          LJ-14     Coulomb-14
    1.69931e+03    7.42053e+02    5.13275e+02   -2.05940e+02    2.39857e+04
        LJ (SR)  Disper. corr.   Coulomb (SR)   Coul. recip. Position Rest.
    7.19173e+04   -1.62917e+03   -5.71011e+05    1.01173e+03    1.17026e+02
   COM Pull En.      Potential    Kinetic En.   Total Energy  Conserved En.
    2.90369e+00   -4.72857e+05    8.61119e+04   -3.86745e+05   -3.84702e+05
    Temperature Pres. DC (bar) Pressure (bar)   Constr. rmsd
    3.11682e+02   -7.78607e+01    7.20091e+01    1.91218e-05

           Step           Time
          34000       68.00000

   Energies (kJ/mol)
       G96Angle    Proper Dih.  Improper Dih.          LJ-14     Coulomb-14
    1.74144e+03    7.89096e+02    5.90619e+02   -1.92414e+02    2.39152e+04
        LJ (SR)  Disper. corr.   Coulomb (SR)   Coul. recip. Position Rest.
    7.14006e+04   -1.63132e+03   -5.70668e+05    1.08523e+03    1.11619e+02
   COM Pull En.      Potential    Kinetic En.   Total Energy  Conserved En.
    2.49646e+00   -4.72855e+05    8.62160e+04   -3.86639e+05   -3.84622e+05
    Temperature Pres. DC (bar) Pressure (bar)   Constr. rmsd
    3.12059e+02   -7.80655e+01   -3.63803e+01    2.05840e-05

           Step           Time
          35000       70.00000

   Energies (kJ/mol)
       G96Angle    Proper Dih.  Improper Dih.          LJ-14     Coulomb-14
    1.70788e+03    7.14901e+02    4.85609e+02   -2.12691e+02    2.40350e+04
        LJ (SR)  Disper. corr.   Coulomb (SR)   Coul. recip. Position Rest.
    7.13286e+04   -1.63156e+03   -5.69197e+05    1.02666e+03    1.13875e+02
   COM Pull En.      Potential    Kinetic En.   Total Energy  Conserved En.
    3.57226e+00   -4.71625e+05    8.51271e+04   -3.86498e+05   -3.84709e+05
    Temperature Pres. DC (bar) Pressure (bar)   Constr. rmsd
    3.08118e+02   -7.80891e+01    2.01490e+02    1.67403e-05

           Step           Time
          36000       72.00000

   Energies (kJ/mol)
       G96Angle    Proper Dih.  Improper Dih.          LJ-14     Coulomb-14
    1.73375e+03    7.25329e+02    5.72175e+02   -1.48765e+02    2.40471e+04
        LJ (SR)  Disper. corr.   Coulomb (SR)   Coul. recip. Position Rest.
    7.12755e+04   -1.63044e+03   -5.69900e+05    1.02980e+03    1.22868e+02
   COM Pull En.      Potential    Kinetic En.   Total Energy  Conserved En.
    5.00526e+00   -4.72168e+05    8.57757e+04   -3.86393e+05   -3.84699e+05
    Temperature Pres. DC (bar) Pressure (bar)   Constr. rmsd
    3.10465e+02   -7.79813e+01    1.91688e+02    1.76743e-05

           Step           Time
          37000       74.00000

   Energies (kJ/mol)
       G96Angle    Proper Dih.  Improper Dih.          LJ-14     Coulomb-14
    1.65116e+03    7.47865e+02    5.85456e+02   -2.48301e+02    2.40146e+04
        LJ (SR)  Disper. corr.   Coulomb (SR)   Coul. recip. Position Rest.
    7.17692e+04   -1.63297e+03   -5.69857e+05    1.02965e+03    1.04661e+02
   COM Pull En.      Potential    Kinetic En.   Total Energy  Conserved En.
    5.97950e+00   -4.71830e+05    8.54225e+04   -3.86407e+05   -3.84618e+05
    Temperature Pres. DC (bar) Pressure (bar)   Constr. rmsd
    3.09187e+02   -7.82235e+01    6.10321e+01    2.07369e-05

           Step           Time
          38000       76.00000

   Energies (kJ/mol)
       G96Angle    Proper Dih.  Improper Dih.          LJ-14     Coulomb-14
    1.76634e+03    7.61126e+02    5.82591e+02   -2.08800e+02    2.38315e+04
        LJ (SR)  Disper. corr.   Coulomb (SR)   Coul. recip. Position Rest.
    7.14519e+04   -1.62935e+03   -5.69774e+05    1.07412e+03    1.31274e+02
   COM Pull En.      Potential    Kinetic En.   Total Energy  Conserved En.
    4.04137e+00   -4.72010e+05    8.58512e+04   -3.86158e+05   -3.84554e+05
    Temperature Pres. DC (bar) Pressure (bar)   Constr. rmsd
    3.10738e+02   -7.78779e+01   -4.59020e+01    2.14636e-05

           Step           Time
          39000       78.00000

   Energies (kJ/mol)
       G96Angle    Proper Dih.  Improper Dih.          LJ-14     Coulomb-14
    1.81794e+03    7.51438e+02    5.35169e+02   -1.74915e+02    2.38524e+04
        LJ (SR)  Disper. corr.   Coulomb (SR)   Coul. recip. Position Rest.
    7.13295e+04   -1.62846e+03   -5.69492e+05    1.09323e+03    1.02207e+02
   COM Pull En.      Potential    Kinetic En.   Total Energy  Conserved En.
    5.61269e+00   -4.71808e+05    8.59295e+04   -3.85878e+05   -3.84571e+05
    Temperature Pres. DC (bar) Pressure (bar)   Constr. rmsd
    3.11022e+02   -7.77921e+01    6.11643e+00    2.03911e-05

           Step           Time
          40000       80.00000

   Energies (kJ/mol)
       G96Angle    Proper Dih.  Improper Dih.          LJ-14     Coulomb-14
    1.79197e+03    7.74550e+02    5.87174e+02   -1.95311e+02    2.40679e+04
        LJ (SR)  Disper. corr.   Coulomb (SR)   Coul. recip. Position Rest.
    7.09738e+04   -1.62503e+03   -5.68968e+05    1.04792e+03    1.34140e+02
   COM Pull En.      Potential    Kinetic En.   Total Energy  Conserved En.
    4.63273e+00   -4.71406e+05    8.54712e+04   -3.85935e+05   -3.84560e+05
    Temperature Pres. DC (bar) Pressure (bar)   Constr. rmsd
    3.09363e+02   -7.74653e+01   -3.15006e+00    1.73017e-05

           Step           Time
          41000       82.00000

   Energies (kJ/mol)
       G96Angle    Proper Dih.  Improper Dih.          LJ-14     Coulomb-14
    1.76414e+03    8.40740e+02    5.96099e+02   -2.45278e+02    2.39462e+04
        LJ (SR)  Disper. corr.   Coulomb (SR)   Coul. recip. Position Rest.
    7.13179e+04   -1.62342e+03   -5.68271e+05    1.08083e+03    1.11780e+02
   COM Pull En.      Potential    Kinetic En.   Total Energy  Conserved En.
    5.90847e+00   -4.70476e+05    8.52937e+04   -3.85183e+05   -3.84523e+05
    Temperature Pres. DC (bar) Pressure (bar)   Constr. rmsd
    3.08721e+02   -7.73122e+01   -3.60744e+01    2.09017e-05

           Step           Time
          42000       84.00000

   Energies (kJ/mol)
       G96Angle    Proper Dih.  Improper Dih.          LJ-14     Coulomb-14
    1.82262e+03    7.45694e+02    5.64282e+02   -1.98850e+02    2.39243e+04
        LJ (SR)  Disper. corr.   Coulomb (SR)   Coul. recip. Position Rest.
    7.05140e+04   -1.62884e+03   -5.68649e+05    1.05819e+03    1.32972e+02
   COM Pull En.      Potential    Kinetic En.   Total Energy  Conserved En.
    6.10251e+00   -4.71709e+05    8.60664e+04   -3.85642e+05   -3.84454e+05
    Temperature Pres. DC (bar) Pressure (bar)   Constr. rmsd
    3.11517e+02   -7.78292e+01   -1.55537e+02    2.14353e-05

           Step           Time
          43000       86.00000

   Energies (kJ/mol)
       G96Angle    Proper Dih.  Improper Dih.          LJ-14     Coulomb-14
    1.82242e+03    8.06099e+02    5.49249e+02   -2.04644e+02    2.39798e+04
        LJ (SR)  Disper. corr.   Coulomb (SR)   Coul. recip. Position Rest.
    7.04778e+04   -1.63086e+03   -5.68584e+05    1.09260e+03    1.31929e+02
   COM Pull En.      Potential    Kinetic En.   Total Energy  Conserved En.
    6.19031e+00   -4.71554e+05    8.55417e+04   -3.86012e+05   -3.84444e+05
    Temperature Pres. DC (bar) Pressure (bar)   Constr. rmsd
    3.09618e+02   -7.80214e+01   -1.47049e+02    2.08557e-05

           Step           Time
          44000       88.00000

   Energies (kJ/mol)
       G96Angle    Proper Dih.  Improper Dih.          LJ-14     Coulomb-14
    1.76132e+03    8.33275e+02    5.84490e+02   -1.92035e+02    2.39131e+04
        LJ (SR)  Disper. corr.   Coulomb (SR)   Coul. recip. Position Rest.
    7.10166e+04   -1.63150e+03   -5.69593e+05    9.89359e+02    1.27923e+02
   COM Pull En.      Potential    Kinetic En.   Total Energy  Conserved En.
    6.66124e+00   -4.72184e+05    8.58416e+04   -3.86342e+05   -3.84481e+05
    Temperature Pres. DC (bar) Pressure (bar)   Constr. rmsd
    3.10704e+02   -7.80833e+01   -3.17089e+01    2.02502e-05

           Step           Time
          45000       90.00000

   Energies (kJ/mol)
       G96Angle    Proper Dih.  Improper Dih.          LJ-14     Coulomb-14
    1.70033e+03    8.59576e+02    5.63625e+02   -2.34987e+02    2.39548e+04
        LJ (SR)  Disper. corr.   Coulomb (SR)   Coul. recip. Position Rest.
    7.11711e+04   -1.63112e+03   -5.69307e+05    1.06229e+03    1.14115e+02
   COM Pull En.      Potential    Kinetic En.   Total Energy  Conserved En.
    6.48442e+00   -4.71741e+05    8.54330e+04   -3.86308e+05   -3.84436e+05
    Temperature Pres. DC (bar) Pressure (bar)   Constr. rmsd
    3.09225e+02   -7.80467e+01   -6.40185e+01    2.11072e-05

           Step           Time
          46000       92.00000

   Energies (kJ/mol)
       G96Angle    Proper Dih.  Improper Dih.          LJ-14     Coulomb-14
    1.80831e+03    8.31334e+02    6.02102e+02   -2.05266e+02    2.40162e+04
        LJ (SR)  Disper. corr.   Coulomb (SR)   Coul. recip. Position Rest.
    7.11650e+04   -1.63325e+03   -5.70278e+05    1.02757e+03    1.11634e+02
   COM Pull En.      Potential    Kinetic En.   Total Energy  Conserved En.
    7.26004e+00   -4.72547e+05    8.57846e+04   -3.86762e+05   -3.84467e+05
    Temperature Pres. DC (bar) Pressure (bar)   Constr. rmsd
    3.10498e+02   -7.82504e+01    1.77117e+01    1.92924e-05

           Step           Time
          47000       94.00000

   Energies (kJ/mol)
       G96Angle    Proper Dih.  Improper Dih.          LJ-14     Coulomb-14
    1.74384e+03    8.26021e+02    5.25609e+02   -1.93848e+02    2.40541e+04
        LJ (SR)  Disper. corr.   Coulomb (SR)   Coul. recip. Position Rest.
    7.12855e+04   -1.63495e+03   -5.69988e+05    1.06356e+03    1.17051e+02
   COM Pull En.      Potential    Kinetic En.   Total Energy  Conserved En.
    7.61285e+00   -4.72194e+05    8.56208e+04   -3.86573e+05   -3.84414e+05
    Temperature Pres. DC (bar) Pressure (bar)   Constr. rmsd
    3.09904e+02   -7.84130e+01   -3.46236e+01    2.10667e-05

           Step           Time
          48000       96.00000

   Energies (kJ/mol)
       G96Angle    Proper Dih.  Improper Dih.          LJ-14     Coulomb-14
    1.68619e+03    7.25691e+02    5.61583e+02   -1.73061e+02    2.39921e+04
        LJ (SR)  Disper. corr.   Coulomb (SR)   Coul. recip. Position Rest.
    7.10192e+04   -1.63263e+03   -5.69738e+05    1.04674e+03    1.24105e+02
   COM Pull En.      Potential    Kinetic En.   Total Energy  Conserved En.
    5.90470e+00   -4.72382e+05    8.61784e+04   -3.86204e+05   -3.84428e+05
    Temperature Pres. DC (bar) Pressure (bar)   Constr. rmsd
    3.11923e+02   -7.81912e+01    2.01046e+00    1.86438e-05

           Step           Time
          49000       98.00000

   Energies (kJ/mol)
       G96Angle    Proper Dih.  Improper Dih.          LJ-14     Coulomb-14
    1.69327e+03    7.66682e+02    6.26006e+02   -2.04724e+02    2.40079e+04
        LJ (SR)  Disper. corr.   Coulomb (SR)   Coul. recip. Position Rest.
    7.18629e+04   -1.63233e+03   -5.70687e+05    1.06745e+03    1.10711e+02
   COM Pull En.      Potential    Kinetic En.   Total Energy  Conserved En.
    6.52180e+00   -4.72383e+05    8.57533e+04   -3.86629e+05   -3.84466e+05
    Temperature Pres. DC (bar) Pressure (bar)   Constr. rmsd
    3.10384e+02   -7.81628e+01    1.09629e+02    2.01381e-05

           Step           Time
          50000      100.00000

Writing checkpoint, step 50000 at Tue Oct 24 10:16:19 2023


   Energies (kJ/mol)
       G96Angle    Proper Dih.  Improper Dih.          LJ-14     Coulomb-14
    1.84534e+03    7.85864e+02    5.45234e+02   -1.66639e+02    2.40217e+04
        LJ (SR)  Disper. corr.   Coulomb (SR)   Coul. recip. Position Rest.
    7.16481e+04   -1.63317e+03   -5.70621e+05    1.03481e+03    1.23856e+02
   COM Pull En.      Potential    Kinetic En.   Total Energy  Conserved En.
    5.44646e+00   -4.72410e+05    8.63687e+04   -3.86042e+05   -3.84469e+05
    Temperature Pres. DC (bar) Pressure (bar)   Constr. rmsd
    3.12611e+02   -7.82427e+01    1.29122e+02    1.99873e-05


Energy conservation over simulation part #1 of length 100 ps, time 0 to 100 ps
  Conserved energy drift: 2.61e-04 kJ/mol/ps per atom


	<======  ###############  ==>
	<====  A V E R A G E S  ====>
	<==  ###############  ======>

	Statistics over 50001 steps using 501 frames

   Energies (kJ/mol)
       G96Angle    Proper Dih.  Improper Dih.          LJ-14     Coulomb-14
    1.74739e+03    7.57244e+02    5.59217e+02   -2.04120e+02    2.39852e+04
        LJ (SR)  Disper. corr.   Coulomb (SR)   Coul. recip. Position Rest.
    7.12215e+04   -1.63058e+03   -5.69524e+05    1.04741e+03    1.12869e+02
   COM Pull En.      Potential    Kinetic En.   Total Energy  Conserved En.
    3.77348e+00   -4.71924e+05    8.56490e+04   -3.86275e+05   -3.84811e+05
    Temperature Pres. DC (bar) Pressure (bar)   Constr. rmsd
    3.10006e+02   -7.79954e+01    1.19545e+00    0.00000e+00

          Box-X          Box-Y          Box-Z
    6.58498e+00    4.37861e+00    1.20457e+01

   Total Virial (kJ/mol)
    2.86090e+04    1.14958e+02   -2.88688e+01
    1.14851e+02    2.86343e+04   -2.03795e+01
   -2.89807e+01   -2.02981e+01    2.83704e+04

   Pressure (bar)
   -3.02865e+00   -1.11684e+01    4.47678e+00
   -1.11582e+01   -5.15032e-01    4.54381e+00
    4.48746e+00    4.53601e+00    7.13004e+00

      T-Protein  T-non-Protein
    3.09846e+02    3.10012e+02


	M E G A - F L O P S   A C C O U N T I N G

 NB=Group-cutoff nonbonded kernels    NxN=N-by-N cluster Verlet kernels
 RF=Reaction-Field  VdW=Van der Waals  QSTab=quadratic-spline table
 W3=SPC/TIP3p  W4=TIP4p (single or pairs)
 V&F=Potential and force  V=Potential only  F=Force only

 Computing:                               M-Number         M-Flops  % Flops
-----------------------------------------------------------------------------
 Pair Search distance check           11071.153538       99640.382     0.1
 NxN Ewald Elec. + LJ [F]            938866.365360    61965180.114    50.9
 NxN Ewald Elec. + LJ [V&F]            9502.527544     1016770.447     0.8
 NxN LJ [F]                            3268.854864      107872.211     0.1
 NxN LJ [V&F]                            33.089120        1422.832     0.0
 NxN Ewald Elec. [F]                 873312.180048    53272042.983    43.7
 NxN Ewald Elec. [V&F]                 8838.998680      742475.889     0.6
 1,4 nonbonded interactions              94.501890        8505.170     0.0
 Calc Weights                          4981.149621      179321.386     0.1
 Spread Q Bspline                    106264.525248      212529.050     0.2
 Gather F Bspline                    106264.525248      637587.151     0.5
 3D-FFT                              415369.507224     3322956.058     2.7
 Solve PME                              112.002240        7168.143     0.0
 Reset In Box                            16.636707          49.910     0.0
 CG-CoM                                  16.669914          50.010     0.0
 Angles                                  82.751655       13902.278     0.0
 Propers                                 28.750575        6583.882     0.0
 Impropers                               28.000560        5824.116     0.0
 Pos. Restr.                              9.200184         460.009     0.0
 Virial                                  16.659252         299.867     0.0
 Stop-CM                                166.101414        1661.014     0.0
 P-Coupling                              16.636707          99.820     0.0
 Calc-Ekin                              199.308414        5381.327     0.0
 Lincs                                   56.753405        3405.204     0.0
 Lincs-Mat                              993.059580        3972.238     0.0
 Constraint-V                          1714.818590       15433.367     0.0
 Constraint-Vir                          16.613160         398.716     0.0
 Settle                                 533.782025      197499.349     0.2
-----------------------------------------------------------------------------
 Total                                               121828492.925   100.0
-----------------------------------------------------------------------------


    D O M A I N   D E C O M P O S I T I O N   S T A T I S T I C S

 av. #atoms communicated per step for force:  2 x 0.0
 av. #atoms communicated per step for LINCS:  2 x 0.0


      R E A L   C Y C L E   A N D   T I M E   A C C O U N T I N G

On 1 MPI rank, each using 8 OpenMP threads

 Activity:              Num   Num      Call    Wall time         Giga-Cycles
                        Ranks Threads  Count      (s)         total sum    %
--------------------------------------------------------------------------------
 Domain decomp.            1    8        501       0.980          0.188   0.1
 Neighbor search           1    8        501       6.763          1.298   1.0
 Force                     1    8      50001     514.609         98.804  78.2
 PME mesh                  1    8      50001      71.169         13.664  10.8
 NB X/F buffer ops.        1    8      99501       9.435          1.811   1.4
 COM pull force            1    8      50001       8.295          1.593   1.3
 Write traj.               1    8         11       0.132          0.025   0.0
 Update                    1    8      50001       5.988          1.150   0.9
 Constraints               1    8      50003      39.010          7.490   5.9
 Rest                                              2.085          0.400   0.3
--------------------------------------------------------------------------------
 Total                                           658.464        126.424 100.0
--------------------------------------------------------------------------------
 Breakdown of PME mesh activities
--------------------------------------------------------------------------------
 PME spread                1    8      50001      20.194          3.877   3.1
 PME gather                1    8      50001      19.325          3.710   2.9
 PME 3D-FFT                1    8     100002      30.177          5.794   4.6
 PME solve Elec            1    8      50001       1.051          0.202   0.2
--------------------------------------------------------------------------------

               Core t (s)   Wall t (s)        (%)
       Time:     5267.709      658.464      800.0
                 (ns/day)    (hour/ns)
Performance:       13.122        1.829
Finished mdrun on rank 0 Tue Oct 24 10:16:19 2023

